2021-04-30 13:17:08,879 INFO     werkzeug -- 127.0.0.1 - - [30/Apr/2021 13:17:08] "[37mPOST /api/v2/apps/7335e72d-27ee-428c-b81e-dde278a19ae3/interactive_crawls HTTP/1.1[0m" 200 -
2021-04-30 13:17:08,880 INFO     test_ai_mod.carbon_controllers.crawls -- Logging crawl output to /Users/bot/test_ai/apps/7335e72d-27ee-428c-b81e-dde278a19ae3/builds/34758395-bb7c-4d64-b825-9bb667e2fc8a/logs/crawl-20210430171708.log
2021-04-30 13:17:08,881 INFO     test_ai_mod.carbon_tasks.crawl_build_task -- crawling build, app_id: 7335e72d-27ee-428c-b81e-dde278a19ae3, build_id: 34758395-bb7c-4d64-b825-9bb667e2fc8a
2021-04-30 13:17:08,882 INFO     test_ai_mod.carbon_tasks.crawl_build_task -- num_steps (when no test): 25
2021-04-30 13:17:08,883 INFO     test_ai_mod.carbon_tasks.crawl_build_task -- max_steps: 150
2021-04-30 13:17:08,883 INFO     test_ai_mod.carbon_tasks.crawl_build_task -- max_iterations: 1
2021-04-30 13:17:08,883 INFO     test_ai_mod.carbon_tasks.crawl_build_task -- rand_seed: 1619802997
2021-04-30 13:17:08,883 INFO     test_ai_mod.carbon_tasks.crawl_build_task -- test_wildcard: *
2021-04-30 13:17:08,883 INFO     test_ai_mod.carbon_tasks.crawl_build_task -- package: com.chewy.android
2021-04-30 13:17:08,884 INFO     test_ai_mod.carbon_tasks.crawl_build_task -- eyes_api_key: None
2021-04-30 13:17:08,884 INFO     test_ai_mod.carbon_tasks.crawl_build_task -- is_noop: False
2021-04-30 13:17:08,886 INFO     test_ai_mod.carbon_tasks.crawl_build_task -- created crawl, id: 20210430131708
2021-04-30 13:17:08,886 INFO     test_ai_mod.carbon_dao.local_carbon_dao -- Getting build info: APP_ID: 7335e72d-27ee-428c-b81e-dde278a19ae3, BUILD_ID: 34758395-bb7c-4d64-b825-9bb667e2fc8a
2021-04-30 13:17:08,887 INFO     test_ai_mod.carbon_dao.local_carbon_dao -- Getting build info: APP_ID: 7335e72d-27ee-428c-b81e-dde278a19ae3, BUILD_ID: 34758395-bb7c-4d64-b825-9bb667e2fc8a
2021-04-30 13:17:08,958 INFO     werkzeug -- 127.0.0.1 - - [30/Apr/2021 13:17:08] "[37mGET /api/v1/config/widgets HTTP/1.1[0m" 200 -
2021-04-30 13:17:08,963 INFO     werkzeug -- 127.0.0.1 - - [30/Apr/2021 13:17:08] "[37mGET /favicon.ico HTTP/1.1[0m" 200 -
2021-04-30 13:17:08,963 INFO     test_ai_mod.carbon_dao.local_carbon_dao -- Getting build info: APP_ID: 7335e72d-27ee-428c-b81e-dde278a19ae3, BUILD_ID: 34758395-bb7c-4d64-b825-9bb667e2fc8a
2021-04-30 13:17:08,968 INFO     werkzeug -- 127.0.0.1 - - [30/Apr/2021 13:17:08] "[37mGET /api/v1/c/testai/apps/android/7335e72d-27ee-428c-b81e-dde278a19ae3/tests HTTP/1.1[0m" 200 -
2021-04-30 13:17:08,970 INFO     werkzeug -- 127.0.0.1 - - [30/Apr/2021 13:17:08] "[37mGET /api/v2/status HTTP/1.1[0m" 200 -
2021-04-30 13:17:09,080 INFO     test_ai_mod.carbon_explore.explore -- using default extra walk count: 0
2021-04-30 13:17:09,085 INFO     test_ai_mod.carbon_tasks.crawl_build_task -- initiating walk [1/1]
2021-04-30 13:17:09,086 INFO     test_ai_mod.carbon_test_case.carbon_tests -- initial number of steps for walk: 25
2021-04-30 13:17:09,086 INFO     test_ai_mod.carbon_tasks.crawl_build_task -- effective_max_steps this walk: 26
2021-04-30 13:17:09,086 INFO     test_ai_mod.carbon_explore.explore -- **************************************************
2021-04-30 13:17:09,087 INFO     test_ai_mod.carbon_explore.explore -- **************************************************
2021-04-30 13:17:09,087 INFO     test_ai_mod.carbon_explore.explore -- *                                                *
2021-04-30 13:17:09,087 INFO     test_ai_mod.carbon_explore.explore -- *                   BRAIN                    *
2021-04-30 13:17:09,087 INFO     test_ai_mod.carbon_explore.explore -- *                                                *
2021-04-30 13:17:09,087 INFO     test_ai_mod.carbon_explore.explore -- **************************************************
2021-04-30 13:17:09,087 INFO     test_ai_mod.carbon_explore.explore -- **************************************************
2021-04-30 13:17:09,088 INFO     test_ai_mod.carbon_initialization.initialization -- Random seed: 1619802997
2021-04-30 13:17:09,089 INFO     test_ai_mod.carbon_initialization.initialization -- ````````````````````````````````````````````````````````````````````````````````
2021-04-30 13:17:09,089 INFO     test_ai_mod.carbon_initialization.initialization --                   PACKAGE: com.chewy.android
2021-04-30 13:17:09,089 INFO     test_ai_mod.carbon_initialization.initialization -- ````````````````````````````````````````````````````````````````````````````````
2021-04-30 13:17:09,089 INFO     test_ai_mod.carbon_initialization.initialization -- platform: ANDROID
2021-04-30 13:17:09,089 INFO     test_ai_mod.carbon_initialization.initialization -- using crawl_directory: /Users/bot/test_ai/apps/7335e72d-27ee-428c-b81e-dde278a19ae3/builds/34758395-bb7c-4d64-b825-9bb667e2fc8a/crawls/20210430131708
2021-04-30 13:17:09,090 INFO     test_ai_mod.carbon_botio.bot_io -- retrieving bot IO for app: 7335e72d-27ee-428c-b81e-dde278a19ae3
2021-04-30 13:17:09,090 INFO     test_ai_mod.carbon_botio.bot_io -- ^^^^^^^^^^^^^^^^^^^^^^^^^^^^^^^^^^^^^^^^^^^^^^^^^^^^^^^^^^^^^^^^^^^^^^^^^^^^^^^^
2021-04-30 13:17:09,090 INFO     test_ai_mod.carbon_botio.bot_io -- botio_filepath: /Users/bot/test_ai/apps/7335e72d-27ee-428c-b81e-dde278a19ae3/lkg/botio.json
2021-04-30 13:17:09,090 INFO     test_ai_mod.carbon_botio.bot_io -- use_snapshot: False
2021-04-30 13:17:09,090 INFO     test_ai_mod.carbon_botio.bot_io -- no botIO found for app: 7335e72d-27ee-428c-b81e-dde278a19ae3
2021-04-30 13:17:09,091 INFO     test_ai_mod.carbon_utils.carbon_data -- loading models from LKG dir
2021-04-30 13:17:09,091 INFO     test_ai_mod.carbon_utils.carbon_data -- loading models from LKG dir
2021-04-30 13:17:09,093 INFO     test_ai_mod.carbon_explore.test_hooks -- Test case is None, no need for on_setup.
2021-04-30 13:17:09,093 INFO     test_ai_mod.carbon_utils.simulator_tools -- preparing clean iteration state...
2021-04-30 13:17:09,095 INFO     test_ai_mod.carbon_automation.automator -- Creating Automator Singleton
2021-04-30 13:17:09,095 INFO     test_ai_mod.carbon_automation.automator -- Using automator over http as execution platform
2021-04-30 13:17:13,807 INFO     test_ai_mod.carbon_automation.driver -- Screen density: 1.0
2021-04-30 13:17:13,807 INFO     test_ai_mod.carbon_utils.simulator_tools -- Launching app: com.chewy.android
2021-04-30 13:17:14,802 INFO     werkzeug -- 127.0.0.1 - - [30/Apr/2021 13:17:14] "[37mGET /api/v2/status HTTP/1.1[0m" 200 -
2021-04-30 13:17:20,435 INFO     test_ai_mod.carbon_initialization.initialization -- starting dom stability
2021-04-30 13:17:20,483 INFO     test_ai_mod.carbon_actions.carbon_actions -- Got new page source
2021-04-30 13:17:20,668 INFO     test_ai_mod.carbon_actions.carbon_actions -- Got new page source
2021-04-30 13:17:20,818 INFO     test_ai_mod.carbon_actions.carbon_actions -- Got new page source
2021-04-30 13:17:21,004 INFO     test_ai_mod.carbon_actions.carbon_actions -- Got new page source
2021-04-30 13:17:23,528 INFO     test_ai_mod.carbon_actions.carbon_actions -- Got new page source
2021-04-30 13:17:23,528 INFO     test_ai_mod.carbon_actions.carbon_actions -- Seen the same screen the max amount (5)
2021-04-30 13:17:23,528 INFO     test_ai_mod.carbon_actions.carbon_actions -- incrementing source count to: 1
2021-04-30 13:17:23,528 INFO     test_ai_mod.carbon_explore.explore_utils -- saving screenshot
2021-04-30 13:17:24,731 INFO     test_ai_mod.carbon_explore.explore_utils -- scn_shot_file_path: /Users/bot/test_ai/apps/7335e72d-27ee-428c-b81e-dde278a19ae3/builds/34758395-bb7c-4d64-b825-9bb667e2fc8a/crawls/20210430131708/tmp/runtime_labeling_screen.png
2021-04-30 13:17:29,801 INFO     werkzeug -- 127.0.0.1 - - [30/Apr/2021 13:17:29] "[37mGET /api/v2/status HTTP/1.1[0m" 200 -
2021-04-30 13:17:37,915 ERROR    test_ai_mod.carbon_automation.driver -- Unable to get active app package.
2021-04-30 13:17:37,916 INFO     test_ai_mod.carbon_initialization.initialization -- current package sent in as: com.chewy.android
2021-04-30 13:17:37,916 INFO     test_ai_mod.carbon_initialization.initialization -- ended dom stability
2021-04-30 13:17:37,920 INFO     test_ai_mod.carbon_explore.explore -- package is set to: com.chewy.android
2021-04-30 13:17:37,921 INFO     test_ai_mod.carbon_explore.explore -- ********************************************************************************
2021-04-30 13:17:37,921 INFO     test_ai_mod.carbon_explore.explore -- * TIMEOUT: None
2021-04-30 13:17:37,921 INFO     test_ai_mod.carbon_explore.explore -- * disable_bounceback: False
2021-04-30 13:17:37,921 INFO     test_ai_mod.carbon_explore.explore -- ********************************************************************************
2021-04-30 13:17:37,921 INFO     test_ai_mod.carbon_explore.explore -- getting walk queue
2021-04-30 13:17:37,922 INFO     test_ai_mod.carbon_explore.explore_utils -- getting xml_src
2021-04-30 13:17:38,117 INFO     test_ai_mod.carbon_explore.explore_utils -- getting screen_elems
2021-04-30 13:17:38,129 INFO     test_ai_mod.carbon_explore.explore_utils -- filtering elems - 50
2021-04-30 13:17:38,129 INFO     test_ai_mod.carbon_explore.explore_utils -- saving info - 50
2021-04-30 13:17:38,129 INFO     test_ai_mod.carbon_explore.explore_utils -- saving core elems iter: 0, step 0, save_dir: /Users/bot/test_ai/apps/7335e72d-27ee-428c-b81e-dde278a19ae3/builds/34758395-bb7c-4d64-b825-9bb667e2fc8a/crawls/20210430131708
2021-04-30 13:17:38,134 INFO     test_ai_mod.carbon_explore.explore -- got all screen info saved
2021-04-30 13:17:38,136 INFO     test_ai_mod.carbon_explore.explore_utils -- saving core elems iter: 0, step 0, save_dir: /Users/bot/test_ai/apps/7335e72d-27ee-428c-b81e-dde278a19ae3/builds/34758395-bb7c-4d64-b825-9bb667e2fc8a/crawls/20210430131708
2021-04-30 13:17:38,144 INFO     test_ai_mod.carbon_explore.result_storage -- LOG FILE PATH: /Users/bot/test_ai/apps/7335e72d-27ee-428c-b81e-dde278a19ae3/builds/34758395-bb7c-4d64-b825-9bb667e2fc8a/crawls/20210430131708/iter_00000_step_00000_logs.txt
2021-04-30 13:17:38,145 INFO     test_ai_mod.carbon_explore.result_storage -- ALL LOGS FILE PATH: /Users/bot/test_ai/apps/7335e72d-27ee-428c-b81e-dde278a19ae3/builds/34758395-bb7c-4d64-b825-9bb667e2fc8a/crawls/20210430131708/iter_00000_step_-0001_logs.txt
2021-04-30 13:17:38,327 INFO     test_ai_mod.carbon_explore.interactive -- Interactive explore -- start_interactive_loop starting.
2021-04-30 13:17:38,338 INFO     test_ai_mod.carbon_explore.interactive -- Interactive explore -- running initial auto label
2021-04-30 13:17:38,339 INFO     test_ai_mod.carbon_tasks.process_crawl_task -- processing crawl: 20210430131708 (app: 7335e72d-27ee-428c-b81e-dde278a19ae3, build: 34758395-bb7c-4d64-b825-9bb667e2fc8a)
2021-04-30 13:17:38,339 INFO     test_ai_mod.carbon_tasks.process_crawl_task -- processing screens for crawl
2021-04-30 13:17:38,387 INFO     test_ai_mod.carbon_tasks.process_crawl_task -- writing unique screens file
2021-04-30 13:17:38,388 INFO     test_ai_mod.carbon_tasks.process_crawl_task -- writing screen hash map
2021-04-30 13:17:38,389 INFO     test_ai_mod.carbon_tasks.process_crawl_task -- writing screen similarity file
2021-04-30 13:17:38,390 INFO     test_ai_mod.carbon_tasks.process_crawl_task -- processing elements for crawl
2021-04-30 13:17:38,391 INFO     test_ai_mod.carbon_tasks.process_crawl_task -- processing: iter_00000_step_00000_info.json
2021-04-30 13:17:38,835 INFO     test_ai_mod.carbon_tasks.process_crawl_task -- Writing unique tags file.
2021-04-30 13:17:38,836 INFO     test_ai_mod.carbon_tasks.process_crawl_task -- writing unique elems file
2021-04-30 13:17:38,837 INFO     test_ai_mod.carbon_tasks.process_crawl_task -- writing elem hash map
2021-04-30 13:17:38,842 INFO     test_ai_mod.carbon_tasks.process_crawl_task -- writing elem similarity file
2021-04-30 13:17:38,844 INFO     test_ai_mod.carbon_tasks.process_crawl_task -- generating labeler objects file for crawl (v0)
2021-04-30 13:17:38,850 INFO     test_ai_mod.carbon_tasks.process_crawl_task -- reconciling screens labeled at runtime
2021-04-30 13:17:38,851 INFO     test_ai_mod.carbon_tasks.process_crawl_task -- reconciling elements labeled at runtime
2021-04-30 13:17:38,857 INFO     test_ai_mod.carbon_tasks.generate_auto_labels_task -- generating auto labels for crawl: 20210430131708, app_id: 7335e72d-27ee-428c-b81e-dde278a19ae3, build_id: 34758395-bb7c-4d64-b825-9bb667e2fc8a
2021-04-30 13:17:38,858 INFO     test_ai_mod.carbon_dao.local_carbon_dao -- Getting build info: APP_ID: 7335e72d-27ee-428c-b81e-dde278a19ae3, BUILD_ID: 34758395-bb7c-4d64-b825-9bb667e2fc8a
2021-04-30 13:17:38,862 INFO     test_ai_mod.carbon_dao.local_carbon_dao -- Getting build info: APP_ID: 7335e72d-27ee-428c-b81e-dde278a19ae3, BUILD_ID: 34758395-bb7c-4d64-b825-9bb667e2fc8a
2021-04-30 13:17:38,863 INFO     test_ai_mod.carbon_dao.local_carbon_dao -- Getting build info: APP_ID: 7335e72d-27ee-428c-b81e-dde278a19ae3, BUILD_ID: 34758395-bb7c-4d64-b825-9bb667e2fc8a
2021-04-30 13:17:38,864 INFO     test_ai_mod.carbon_dao.local_carbon_dao -- Getting build info: APP_ID: 7335e72d-27ee-428c-b81e-dde278a19ae3, BUILD_ID: 34758395-bb7c-4d64-b825-9bb667e2fc8a
2021-04-30 13:17:38,865 INFO     test_ai_mod.carbon_dao.local_carbon_dao -- Getting build info: APP_ID: 7335e72d-27ee-428c-b81e-dde278a19ae3, BUILD_ID: 34758395-bb7c-4d64-b825-9bb667e2fc8a
2021-04-30 13:17:38,866 INFO     test_ai_mod.carbon_dao.local_carbon_dao -- Getting build info: APP_ID: 7335e72d-27ee-428c-b81e-dde278a19ae3, BUILD_ID: 34758395-bb7c-4d64-b825-9bb667e2fc8a
2021-04-30 13:17:38,867 INFO     test_ai_mod.carbon_dao.local_carbon_dao -- Getting build info: APP_ID: 7335e72d-27ee-428c-b81e-dde278a19ae3, BUILD_ID: 34758395-bb7c-4d64-b825-9bb667e2fc8a
2021-04-30 13:17:38,868 INFO     test_ai_mod.carbon_dao.local_carbon_dao -- Getting build info: APP_ID: 7335e72d-27ee-428c-b81e-dde278a19ae3, BUILD_ID: 34758395-bb7c-4d64-b825-9bb667e2fc8a
2021-04-30 13:17:38,915 INFO     test_ai_mod.carbon_tasks.generate_auto_labels_task -- writing merged, suggested labels to file: /Users/bot/test_ai/apps/7335e72d-27ee-428c-b81e-dde278a19ae3/builds/34758395-bb7c-4d64-b825-9bb667e2fc8a/crawls/20210430130456/labels/suggested_labels.json
2021-04-30 13:17:38,916 INFO     test_ai_mod.carbon_tasks.generate_auto_labels_task -- writing merged, suggested labels to file: /Users/bot/test_ai/apps/7335e72d-27ee-428c-b81e-dde278a19ae3/builds/34758395-bb7c-4d64-b825-9bb667e2fc8a/crawls/20210429134444/labels/suggested_labels.json
2021-04-30 13:17:38,919 INFO     test_ai_mod.carbon_tasks.generate_auto_labels_task -- writing merged, suggested labels to file: /Users/bot/test_ai/apps/7335e72d-27ee-428c-b81e-dde278a19ae3/builds/34758395-bb7c-4d64-b825-9bb667e2fc8a/crawls/20210430131251/labels/suggested_labels.json
2021-04-30 13:17:38,933 INFO     test_ai_mod.carbon_tasks.generate_auto_labels_task -- writing merged, suggested labels to file: /Users/bot/test_ai/apps/7335e72d-27ee-428c-b81e-dde278a19ae3/builds/34758395-bb7c-4d64-b825-9bb667e2fc8a/crawls/20210429135642/labels/suggested_labels.json
2021-04-30 13:17:38,933 INFO     test_ai_mod.carbon_tasks.generate_auto_labels_task -- writing merged, suggested labels to file: /Users/bot/test_ai/apps/7335e72d-27ee-428c-b81e-dde278a19ae3/builds/34758395-bb7c-4d64-b825-9bb667e2fc8a/crawls/20210430131708/labels/suggested_labels.json
2021-04-30 13:17:38,938 INFO     test_ai_mod.carbon_tasks.generate_auto_labels_task -- writing merged, suggested labels to file: /Users/bot/test_ai/apps/7335e72d-27ee-428c-b81e-dde278a19ae3/builds/34758395-bb7c-4d64-b825-9bb667e2fc8a/crawls/20210429135309/labels/suggested_labels.json
2021-04-30 13:17:38,938 INFO     test_ai_mod.carbon_tasks.generate_auto_labels_task -- writing merged, suggested labels to file: /Users/bot/test_ai/apps/7335e72d-27ee-428c-b81e-dde278a19ae3/builds/34758395-bb7c-4d64-b825-9bb667e2fc8a/crawls/20210429133652/labels/suggested_labels.json
2021-04-30 13:17:38,948 INFO     test_ai_mod.carbon_tasks.generate_auto_labels_task -- writing applied hashes to labels to file: /Users/bot/test_ai/apps/7335e72d-27ee-428c-b81e-dde278a19ae3/lkg/hashes_to_labels.json
2021-04-30 13:17:38,949 INFO     test_ai_mod.carbon_tasks.generate_auto_labels_task -- writing applied human readable to labels to file: /Users/bot/test_ai/apps/7335e72d-27ee-428c-b81e-dde278a19ae3/lkg/human_readable_to_labels.json
2021-04-30 13:17:38,950 INFO     test_ai_mod.carbon_tasks.generate_auto_labels_task -- writing label to hash dicts to file: /Users/bot/test_ai/apps/7335e72d-27ee-428c-b81e-dde278a19ae3/lkg/label_to_hash_dicts.json
2021-04-30 13:17:38,950 INFO     test_ai_mod.carbon_tasks.generate_auto_labels_task -- writing human readable to paths to file: /Users/bot/test_ai/apps/7335e72d-27ee-428c-b81e-dde278a19ae3/lkg/human_readable_to_paths.json
2021-04-30 13:17:38,952 INFO     test_ai_mod.carbon_classifiers.label_classifier_pipe -- Begin loading configured modules
2021-04-30 13:17:38,952 INFO     test_ai_mod.carbon_classifiers.carbon_classifier_v1.screen_classifier -- Loading ScreenClassifier
2021-04-30 13:17:38,952 INFO     test_ai_mod.carbon_classifiers.template_matching.app_specific_template_matcher -- Loading AppSpecificTemplateMatcher
2021-04-30 13:17:38,953 INFO     test_ai_mod.carbon_classifiers.perceptual.nn_classifier -- Loading NNClassifier
2021-04-30 13:17:38,953 INFO     test_ai_mod.carbon_classifiers.template_matching.template_matching_classifier -- Loading TemplateMatchingClassifier
2021-04-30 13:17:38,953 WARNING  test_ai_mod.carbon_classifiers.template_matching.template_matching_classifier -- No template director exists at /Users/bot/test_ai/templates
2021-04-30 13:17:38,954 INFO     test_ai_mod.carbon_classifiers.general_classifier_v1.general_classifier -- Initializing general classifiers
2021-04-30 13:17:38,955 INFO     test_ai_mod.carbon_classifiers.general_classifier_v1.general_classifier -- loading classifier data: SCREENS, from path: /Users/bot/Desktop/test_ai_v2.7.0.app/Contents/MacOS/SCREENS.unenc
2021-04-30 13:17:39,807 INFO     test_ai_mod.carbon_classifiers.general_classifier_v1.general_classifier -- Loaded SCREENS classifiers, 0.852828025818
2021-04-30 13:17:39,807 INFO     test_ai_mod.carbon_classifiers.general_classifier_v1.general_classifier -- loading classifier data: ELEM_IMAGES, from path: /Users/bot/Desktop/test_ai_v2.7.0.app/Contents/MacOS/ELEM_IMAGES.unenc
2021-04-30 13:17:40,051 INFO     test_ai_mod.carbon_classifiers.general_classifier_v1.general_classifier -- Loaded ELEM_IMAGES classifiers, 0.244085073471
2021-04-30 13:17:40,051 INFO     test_ai_mod.carbon_classifiers.general_classifier_v1.general_classifier -- loading classifier data: IMAGENET, from path: /Users/bot/Desktop/test_ai_v2.7.0.app/Contents/MacOS/IMAGENET.unenc
2021-04-30 13:17:40,567 INFO     test_ai_mod.carbon_classifiers.general_classifier_v1.general_classifier -- Loaded IMAGENET classifiers, 0.516794919968
2021-04-30 13:17:41,756 INFO     test_ai_mod.carbon_classifiers.general_classifier_v1.general_classifier -- Finished general classification load attempt: 0.516794919968
2021-04-30 13:17:41,788 INFO     test_ai_mod.carbon_classifiers.http_classifier.http_classifier -- Loaded Http Classifier for ""
2021-04-30 13:17:41,788 INFO     test_ai_mod.carbon_tasks.generate_auto_labels_task -- classifying 1 unique screens
2021-04-30 13:17:41,788 INFO     test_ai_mod.carbon_utils.carbon_data -- loading models from LKG dir
2021-04-30 13:17:41,789 INFO     test_ai_mod.carbon_utils.carbon_data -- loading models from LKG dir
2021-04-30 13:17:41,790 INFO     test_ai_mod.carbon_classifiers.label_classifier_pipe -- Begin labeling elements
2021-04-30 13:17:41,804 INFO     test_ai_mod.carbon_classifiers.template_matching.app_specific_template_matcher -- Classifying screen with AppSpecificTemplateMatcher
2021-04-30 13:17:41,804 INFO     test_ai_mod.carbon_classifiers.perceptual.nn_classifier -- Classifying screen with NNClassifier
2021-04-30 13:17:41,835 INFO     test_ai_mod.carbon_classifiers.label_classifier_pipe -- End labeling elements: Time taken 0.0445671081543 seconds
2021-04-30 13:17:41,835 INFO     test_ai_mod.carbon_tasks.generate_auto_labels_task -- classifying 50 unique elems
2021-04-30 13:17:41,839 INFO     test_ai_mod.carbon_utils.carbon_data -- loading models from LKG dir
2021-04-30 13:17:41,839 INFO     test_ai_mod.carbon_utils.carbon_data -- loading models from LKG dir
2021-04-30 13:17:41,839 INFO     test_ai_mod.carbon_classifiers.label_classifier_pipe -- Begin labeling elements
2021-04-30 13:17:41,850 INFO     test_ai_mod.carbon_classifiers.template_matching.app_specific_template_matcher -- Classifying screen with AppSpecificTemplateMatcher
2021-04-30 13:17:41,851 INFO     test_ai_mod.carbon_classifiers.perceptual.nn_classifier -- Classifying screen with NNClassifier
2021-04-30 13:17:42,001 INFO     test_ai_mod.carbon_classifiers.label_classifier_pipe -- End labeling elements: Time taken 0.162424087524 seconds
2021-04-30 13:17:42,003 INFO     test_ai_mod.carbon_tasks.generate_auto_labels_task -- writing merged, suggested labels to file: /Users/bot/test_ai/apps/7335e72d-27ee-428c-b81e-dde278a19ae3/builds/34758395-bb7c-4d64-b825-9bb667e2fc8a/crawls/20210430131708/labels/suggested_labels.json
2021-04-30 13:17:42,004 INFO     test_ai_mod.carbon_explore.interactive -- 


[32;1mCarbon Interactive Crawling Session Starting...
Please make sure you are running the test.ai GUI (./test.ai -d).
Once the GUI is running, please visit [34mhttp://localhost:5000[32;1m.
To access the interactive session, select the correct app, and click on "Live Labeling".

[0m
2021-04-30 13:17:44,802 INFO     test_ai_mod.carbon_explore.interactive -- Interactive explore -- status -- start
2021-04-30 13:17:44,802 INFO     test_ai_mod.carbon_explore.interactive -- Interactive explore -- status -- end
2021-04-30 13:17:44,807 INFO     test_ai_mod.carbon_explore.interactive -- Interactive explore -- get_crawls(android, 7335e72d-27ee-428c-b81e-dde278a19ae3) -- start
2021-04-30 13:17:44,812 INFO     test_ai_mod.carbon_explore.interactive -- Interactive explore -- get_crawls(android, 7335e72d-27ee-428c-b81e-dde278a19ae3) -- end
2021-04-30 13:17:44,842 INFO     test_ai_mod.carbon_dao.local_carbon_dao -- Getting build info: APP_ID: 7335e72d-27ee-428c-b81e-dde278a19ae3, BUILD_ID: 34758395-bb7c-4d64-b825-9bb667e2fc8a
2021-04-30 13:17:44,887 INFO     test_ai_mod.carbon_explore.interactive -- Interactive explore -- get_labeler_objects -- start
2021-04-30 13:17:44,887 INFO     test_ai_mod.carbon_explore.interactive -- Interactive explore -- Processing crawl interactively 20210430131708
2021-04-30 13:17:44,887 INFO     test_ai_mod.carbon_tasks.process_crawl_task -- processing crawl: 20210430131708 (app: 7335e72d-27ee-428c-b81e-dde278a19ae3, build: 34758395-bb7c-4d64-b825-9bb667e2fc8a)
2021-04-30 13:17:44,887 INFO     test_ai_mod.carbon_tasks.process_crawl_task -- processing screens for crawl
2021-04-30 13:17:44,930 INFO     test_ai_mod.carbon_tasks.process_crawl_task -- writing unique screens file
2021-04-30 13:17:44,931 INFO     test_ai_mod.carbon_tasks.process_crawl_task -- writing screen hash map
2021-04-30 13:17:44,932 INFO     test_ai_mod.carbon_tasks.process_crawl_task -- writing screen similarity file
2021-04-30 13:17:44,932 INFO     test_ai_mod.carbon_tasks.process_crawl_task -- processing elements for crawl
2021-04-30 13:17:44,934 INFO     test_ai_mod.carbon_tasks.process_crawl_task -- skipping already processed: iter_00000_step_00000_info.json
2021-04-30 13:17:45,089 INFO     test_ai_mod.carbon_tasks.process_crawl_task -- Writing unique tags file.
2021-04-30 13:17:45,090 INFO     test_ai_mod.carbon_tasks.process_crawl_task -- writing unique elems file
2021-04-30 13:17:45,090 INFO     test_ai_mod.carbon_tasks.process_crawl_task -- writing elem hash map
2021-04-30 13:17:45,095 INFO     test_ai_mod.carbon_tasks.process_crawl_task -- writing elem similarity file
2021-04-30 13:17:45,096 INFO     test_ai_mod.carbon_tasks.process_crawl_task -- generating labeler objects file for crawl (v0)
2021-04-30 13:17:45,102 INFO     test_ai_mod.carbon_tasks.process_crawl_task -- reconciling screens labeled at runtime
2021-04-30 13:17:45,102 INFO     test_ai_mod.carbon_tasks.process_crawl_task -- reconciling elements labeled at runtime
2021-04-30 13:17:45,107 INFO     test_ai_mod.carbon_explore.interactive -- Interactive explore -- Generating labels using hash information 20210430131708
2021-04-30 13:17:45,111 INFO     test_ai_mod.carbon_explore.interactive -- Interactive explore -- get_labeler_objects -- end
2021-04-30 13:17:45,161 INFO     test_ai_mod.carbon_dao.local_carbon_dao -- Getting build info: APP_ID: 7335e72d-27ee-428c-b81e-dde278a19ae3, BUILD_ID: 34758395-bb7c-4d64-b825-9bb667e2fc8a
2021-04-30 13:17:45,170 INFO     test_ai_mod.carbon_dao.local_carbon_dao -- Getting build info: APP_ID: 7335e72d-27ee-428c-b81e-dde278a19ae3, BUILD_ID: 34758395-bb7c-4d64-b825-9bb667e2fc8a
2021-04-30 13:17:45,199 INFO     test_ai_mod.labeler.v1.crawls -- elem image requested, crawl: 20210430131708, filename: iter_00000_step_00000_47_android.widget.ImageView.png
2021-04-30 13:17:45,200 INFO     test_ai_mod.labeler.v1.crawls -- elem image requested, crawl: 20210430131708, filename: iter_00000_step_00000_35_android.view.ViewGroup.png
2021-04-30 13:17:45,202 INFO     test_ai_mod.labeler.v1.crawls -- elem image requested, crawl: 20210430131708, filename: iter_00000_step_00000_20_android.view.ViewGroup.png
2021-04-30 13:17:45,203 INFO     test_ai_mod.labeler.v1.crawls -- elem image requested, crawl: 20210430131708, filename: iter_00000_step_00000_46_android.widget.FrameLayout.png
2021-04-30 13:17:45,203 INFO     test_ai_mod.labeler.v1.crawls -- elem image requested, crawl: 20210430131708, filename: iter_00000_step_00000_14_android.view.ViewGroup.png
2021-04-30 13:17:45,204 INFO     test_ai_mod.labeler.v1.crawls -- elem image requested, crawl: 20210430131708, filename: iter_00000_step_00000_11_android.widget.ImageView.png
2021-04-30 13:17:45,206 INFO     test_ai_mod.carbon_dao.local_carbon_dao -- Getting build info: APP_ID: 7335e72d-27ee-428c-b81e-dde278a19ae3, BUILD_ID: 34758395-bb7c-4d64-b825-9bb667e2fc8a
2021-04-30 13:17:45,206 INFO     test_ai_mod.carbon_dao.local_carbon_dao -- Getting build info: APP_ID: 7335e72d-27ee-428c-b81e-dde278a19ae3, BUILD_ID: 34758395-bb7c-4d64-b825-9bb667e2fc8a
2021-04-30 13:17:45,207 INFO     test_ai_mod.carbon_dao.local_carbon_dao -- Getting build info: APP_ID: 7335e72d-27ee-428c-b81e-dde278a19ae3, BUILD_ID: 34758395-bb7c-4d64-b825-9bb667e2fc8a
2021-04-30 13:17:45,207 INFO     test_ai_mod.carbon_dao.local_carbon_dao -- Getting build info: APP_ID: 7335e72d-27ee-428c-b81e-dde278a19ae3, BUILD_ID: 34758395-bb7c-4d64-b825-9bb667e2fc8a
2021-04-30 13:17:45,208 INFO     test_ai_mod.labeler.v1.crawls -- resolved to: /Users/bot/test_ai/apps/7335e72d-27ee-428c-b81e-dde278a19ae3/builds/34758395-bb7c-4d64-b825-9bb667e2fc8a/crawls/20210430131708/elems/iter_00000_step_00000_47_android.widget.ImageView.png
2021-04-30 13:17:45,209 INFO     test_ai_mod.carbon_dao.local_carbon_dao -- Getting build info: APP_ID: 7335e72d-27ee-428c-b81e-dde278a19ae3, BUILD_ID: 34758395-bb7c-4d64-b825-9bb667e2fc8a
2021-04-30 13:17:45,209 INFO     test_ai_mod.labeler.v1.crawls -- resolved to: /Users/bot/test_ai/apps/7335e72d-27ee-428c-b81e-dde278a19ae3/builds/34758395-bb7c-4d64-b825-9bb667e2fc8a/crawls/20210430131708/elems/iter_00000_step_00000_20_android.view.ViewGroup.png
2021-04-30 13:17:45,209 INFO     test_ai_mod.labeler.v1.crawls -- resolved to: /Users/bot/test_ai/apps/7335e72d-27ee-428c-b81e-dde278a19ae3/builds/34758395-bb7c-4d64-b825-9bb667e2fc8a/crawls/20210430131708/elems/iter_00000_step_00000_46_android.widget.FrameLayout.png
2021-04-30 13:17:45,210 INFO     test_ai_mod.labeler.v1.crawls -- resolved to: /Users/bot/test_ai/apps/7335e72d-27ee-428c-b81e-dde278a19ae3/builds/34758395-bb7c-4d64-b825-9bb667e2fc8a/crawls/20210430131708/elems/iter_00000_step_00000_35_android.view.ViewGroup.png
2021-04-30 13:17:45,211 INFO     test_ai_mod.carbon_dao.local_carbon_dao -- Getting build info: APP_ID: 7335e72d-27ee-428c-b81e-dde278a19ae3, BUILD_ID: 34758395-bb7c-4d64-b825-9bb667e2fc8a
2021-04-30 13:17:45,214 INFO     test_ai_mod.labeler.v1.crawls -- resolved to: /Users/bot/test_ai/apps/7335e72d-27ee-428c-b81e-dde278a19ae3/builds/34758395-bb7c-4d64-b825-9bb667e2fc8a/crawls/20210430131708/elems/iter_00000_step_00000_14_android.view.ViewGroup.png
2021-04-30 13:17:45,218 INFO     test_ai_mod.labeler.v1.crawls -- resolved to: /Users/bot/test_ai/apps/7335e72d-27ee-428c-b81e-dde278a19ae3/builds/34758395-bb7c-4d64-b825-9bb667e2fc8a/crawls/20210430131708/elems/iter_00000_step_00000_11_android.widget.ImageView.png
2021-04-30 13:17:45,221 INFO     test_ai_mod.labeler.v1.crawls -- elem image requested, crawl: 20210430131708, filename: iter_00000_step_00000_29_android.widget.ImageView.png
2021-04-30 13:17:45,222 INFO     test_ai_mod.carbon_dao.local_carbon_dao -- Getting build info: APP_ID: 7335e72d-27ee-428c-b81e-dde278a19ae3, BUILD_ID: 34758395-bb7c-4d64-b825-9bb667e2fc8a
2021-04-30 13:17:45,224 INFO     test_ai_mod.labeler.v1.crawls -- elem image requested, crawl: 20210430131708, filename: iter_00000_step_00000_32_android.widget.TextView.png
2021-04-30 13:17:45,227 INFO     test_ai_mod.labeler.v1.crawls -- elem image requested, crawl: 20210430131708, filename: iter_00000_step_00000_18_android.widget.ImageButton.png
2021-04-30 13:17:45,229 INFO     test_ai_mod.labeler.v1.crawls -- elem image requested, crawl: 20210430131708, filename: iter_00000_step_00000_23_android.view.ViewGroup.png
2021-04-30 13:17:45,229 INFO     test_ai_mod.labeler.v1.crawls -- elem image requested, crawl: 20210430131708, filename: iter_00000_step_00000_9_android.view.ViewGroup.png
2021-04-30 13:17:45,230 INFO     test_ai_mod.labeler.v1.crawls -- elem image requested, crawl: 20210430131708, filename: iter_00000_step_00000_5_androidx.drawerlayout.widget.DrawerLayout.png
2021-04-30 13:17:45,231 INFO     test_ai_mod.labeler.v1.crawls -- resolved to: /Users/bot/test_ai/apps/7335e72d-27ee-428c-b81e-dde278a19ae3/builds/34758395-bb7c-4d64-b825-9bb667e2fc8a/crawls/20210430131708/elems/iter_00000_step_00000_29_android.widget.ImageView.png
2021-04-30 13:17:45,231 INFO     test_ai_mod.carbon_dao.local_carbon_dao -- Getting build info: APP_ID: 7335e72d-27ee-428c-b81e-dde278a19ae3, BUILD_ID: 34758395-bb7c-4d64-b825-9bb667e2fc8a
2021-04-30 13:17:45,232 INFO     test_ai_mod.carbon_dao.local_carbon_dao -- Getting build info: APP_ID: 7335e72d-27ee-428c-b81e-dde278a19ae3, BUILD_ID: 34758395-bb7c-4d64-b825-9bb667e2fc8a
2021-04-30 13:17:45,233 INFO     test_ai_mod.carbon_dao.local_carbon_dao -- Getting build info: APP_ID: 7335e72d-27ee-428c-b81e-dde278a19ae3, BUILD_ID: 34758395-bb7c-4d64-b825-9bb667e2fc8a
2021-04-30 13:17:45,235 INFO     test_ai_mod.carbon_dao.local_carbon_dao -- Getting build info: APP_ID: 7335e72d-27ee-428c-b81e-dde278a19ae3, BUILD_ID: 34758395-bb7c-4d64-b825-9bb667e2fc8a
2021-04-30 13:17:45,236 INFO     test_ai_mod.labeler.v1.crawls -- resolved to: /Users/bot/test_ai/apps/7335e72d-27ee-428c-b81e-dde278a19ae3/builds/34758395-bb7c-4d64-b825-9bb667e2fc8a/crawls/20210430131708/elems/iter_00000_step_00000_23_android.view.ViewGroup.png
2021-04-30 13:17:45,237 INFO     test_ai_mod.carbon_dao.local_carbon_dao -- Getting build info: APP_ID: 7335e72d-27ee-428c-b81e-dde278a19ae3, BUILD_ID: 34758395-bb7c-4d64-b825-9bb667e2fc8a
2021-04-30 13:17:45,238 INFO     test_ai_mod.labeler.v1.crawls -- resolved to: /Users/bot/test_ai/apps/7335e72d-27ee-428c-b81e-dde278a19ae3/builds/34758395-bb7c-4d64-b825-9bb667e2fc8a/crawls/20210430131708/elems/iter_00000_step_00000_18_android.widget.ImageButton.png
2021-04-30 13:17:45,238 INFO     test_ai_mod.labeler.v1.crawls -- resolved to: /Users/bot/test_ai/apps/7335e72d-27ee-428c-b81e-dde278a19ae3/builds/34758395-bb7c-4d64-b825-9bb667e2fc8a/crawls/20210430131708/elems/iter_00000_step_00000_32_android.widget.TextView.png
2021-04-30 13:17:45,239 INFO     test_ai_mod.labeler.v1.crawls -- resolved to: /Users/bot/test_ai/apps/7335e72d-27ee-428c-b81e-dde278a19ae3/builds/34758395-bb7c-4d64-b825-9bb667e2fc8a/crawls/20210430131708/elems/iter_00000_step_00000_5_androidx.drawerlayout.widget.DrawerLayout.png
2021-04-30 13:17:45,239 INFO     test_ai_mod.labeler.v1.crawls -- elem image requested, crawl: 20210430131708, filename: iter_00000_step_00000_13_android.widget.TextView.png
2021-04-30 13:17:45,243 INFO     test_ai_mod.labeler.v1.crawls -- resolved to: /Users/bot/test_ai/apps/7335e72d-27ee-428c-b81e-dde278a19ae3/builds/34758395-bb7c-4d64-b825-9bb667e2fc8a/crawls/20210430131708/elems/iter_00000_step_00000_9_android.view.ViewGroup.png
2021-04-30 13:17:45,245 INFO     test_ai_mod.labeler.v1.crawls -- elem image requested, crawl: 20210430131708, filename: iter_00000_step_00000_8_android.widget.LinearLayout.png
2021-04-30 13:17:45,247 INFO     test_ai_mod.carbon_dao.local_carbon_dao -- Getting build info: APP_ID: 7335e72d-27ee-428c-b81e-dde278a19ae3, BUILD_ID: 34758395-bb7c-4d64-b825-9bb667e2fc8a
2021-04-30 13:17:45,249 INFO     test_ai_mod.labeler.v1.crawls -- elem image requested, crawl: 20210430131708, filename: iter_00000_step_00000_6_android.view.ViewGroup.png
2021-04-30 13:17:45,249 INFO     test_ai_mod.labeler.v1.crawls -- resolved to: /Users/bot/test_ai/apps/7335e72d-27ee-428c-b81e-dde278a19ae3/builds/34758395-bb7c-4d64-b825-9bb667e2fc8a/crawls/20210430131708/elems/iter_00000_step_00000_13_android.widget.TextView.png
2021-04-30 13:17:45,250 INFO     test_ai_mod.labeler.v1.crawls -- elem image requested, crawl: 20210430131708, filename: iter_00000_step_00000_42_android.widget.TextView.png
2021-04-30 13:17:45,251 INFO     test_ai_mod.carbon_dao.local_carbon_dao -- Getting build info: APP_ID: 7335e72d-27ee-428c-b81e-dde278a19ae3, BUILD_ID: 34758395-bb7c-4d64-b825-9bb667e2fc8a
2021-04-30 13:17:45,252 INFO     test_ai_mod.labeler.v1.crawls -- elem image requested, crawl: 20210430131708, filename: iter_00000_step_00000_17_android.widget.ImageButton.png
2021-04-30 13:17:45,254 INFO     test_ai_mod.labeler.v1.crawls -- elem image requested, crawl: 20210430131708, filename: iter_00000_step_00000_33_androidx.recyclerview.widget.RecyclerView.png
2021-04-30 13:17:45,254 INFO     test_ai_mod.labeler.v1.crawls -- resolved to: /Users/bot/test_ai/apps/7335e72d-27ee-428c-b81e-dde278a19ae3/builds/34758395-bb7c-4d64-b825-9bb667e2fc8a/crawls/20210430131708/elems/iter_00000_step_00000_8_android.widget.LinearLayout.png
2021-04-30 13:17:45,255 INFO     test_ai_mod.carbon_dao.local_carbon_dao -- Getting build info: APP_ID: 7335e72d-27ee-428c-b81e-dde278a19ae3, BUILD_ID: 34758395-bb7c-4d64-b825-9bb667e2fc8a
2021-04-30 13:17:45,256 INFO     test_ai_mod.carbon_dao.local_carbon_dao -- Getting build info: APP_ID: 7335e72d-27ee-428c-b81e-dde278a19ae3, BUILD_ID: 34758395-bb7c-4d64-b825-9bb667e2fc8a
2021-04-30 13:17:45,257 INFO     test_ai_mod.labeler.v1.crawls -- elem image requested, crawl: 20210430131708, filename: iter_00000_step_00000_15_android.widget.ImageView.png
2021-04-30 13:17:45,258 INFO     test_ai_mod.carbon_dao.local_carbon_dao -- Getting build info: APP_ID: 7335e72d-27ee-428c-b81e-dde278a19ae3, BUILD_ID: 34758395-bb7c-4d64-b825-9bb667e2fc8a
2021-04-30 13:17:45,258 INFO     test_ai_mod.labeler.v1.crawls -- resolved to: /Users/bot/test_ai/apps/7335e72d-27ee-428c-b81e-dde278a19ae3/builds/34758395-bb7c-4d64-b825-9bb667e2fc8a/crawls/20210430131708/elems/iter_00000_step_00000_6_android.view.ViewGroup.png
2021-04-30 13:17:45,258 INFO     test_ai_mod.carbon_dao.local_carbon_dao -- Getting build info: APP_ID: 7335e72d-27ee-428c-b81e-dde278a19ae3, BUILD_ID: 34758395-bb7c-4d64-b825-9bb667e2fc8a
2021-04-30 13:17:45,259 INFO     test_ai_mod.labeler.v1.crawls -- resolved to: /Users/bot/test_ai/apps/7335e72d-27ee-428c-b81e-dde278a19ae3/builds/34758395-bb7c-4d64-b825-9bb667e2fc8a/crawls/20210430131708/elems/iter_00000_step_00000_42_android.widget.TextView.png
2021-04-30 13:17:45,262 INFO     test_ai_mod.labeler.v1.crawls -- resolved to: /Users/bot/test_ai/apps/7335e72d-27ee-428c-b81e-dde278a19ae3/builds/34758395-bb7c-4d64-b825-9bb667e2fc8a/crawls/20210430131708/elems/iter_00000_step_00000_33_androidx.recyclerview.widget.RecyclerView.png
2021-04-30 13:17:45,264 INFO     test_ai_mod.labeler.v1.crawls -- elem image requested, crawl: 20210430131708, filename: iter_00000_step_00000_22_androidx.recyclerview.widget.RecyclerView.png
2021-04-30 13:17:45,265 INFO     test_ai_mod.labeler.v1.crawls -- resolved to: /Users/bot/test_ai/apps/7335e72d-27ee-428c-b81e-dde278a19ae3/builds/34758395-bb7c-4d64-b825-9bb667e2fc8a/crawls/20210430131708/elems/iter_00000_step_00000_17_android.widget.ImageButton.png
2021-04-30 13:17:45,267 INFO     test_ai_mod.carbon_dao.local_carbon_dao -- Getting build info: APP_ID: 7335e72d-27ee-428c-b81e-dde278a19ae3, BUILD_ID: 34758395-bb7c-4d64-b825-9bb667e2fc8a
2021-04-30 13:17:45,268 INFO     test_ai_mod.labeler.v1.crawls -- elem image requested, crawl: 20210430131708, filename: iter_00000_step_00000_44_android.widget.ImageView.png
2021-04-30 13:17:45,269 INFO     test_ai_mod.carbon_dao.local_carbon_dao -- Getting build info: APP_ID: 7335e72d-27ee-428c-b81e-dde278a19ae3, BUILD_ID: 34758395-bb7c-4d64-b825-9bb667e2fc8a
2021-04-30 13:17:45,270 INFO     test_ai_mod.labeler.v1.crawls -- resolved to: /Users/bot/test_ai/apps/7335e72d-27ee-428c-b81e-dde278a19ae3/builds/34758395-bb7c-4d64-b825-9bb667e2fc8a/crawls/20210430131708/elems/iter_00000_step_00000_15_android.widget.ImageView.png
2021-04-30 13:17:45,271 INFO     test_ai_mod.labeler.v1.crawls -- elem image requested, crawl: 20210430131708, filename: iter_00000_step_00000_12_androidx.appcompat.widget.g0.png
2021-04-30 13:17:45,272 INFO     test_ai_mod.carbon_dao.local_carbon_dao -- Getting build info: APP_ID: 7335e72d-27ee-428c-b81e-dde278a19ae3, BUILD_ID: 34758395-bb7c-4d64-b825-9bb667e2fc8a
2021-04-30 13:17:45,274 INFO     test_ai_mod.labeler.v1.crawls -- resolved to: /Users/bot/test_ai/apps/7335e72d-27ee-428c-b81e-dde278a19ae3/builds/34758395-bb7c-4d64-b825-9bb667e2fc8a/crawls/20210430131708/elems/iter_00000_step_00000_22_androidx.recyclerview.widget.RecyclerView.png
2021-04-30 13:17:45,275 INFO     test_ai_mod.labeler.v1.crawls -- resolved to: /Users/bot/test_ai/apps/7335e72d-27ee-428c-b81e-dde278a19ae3/builds/34758395-bb7c-4d64-b825-9bb667e2fc8a/crawls/20210430131708/elems/iter_00000_step_00000_44_android.widget.ImageView.png
2021-04-30 13:17:45,277 INFO     test_ai_mod.labeler.v1.crawls -- elem image requested, crawl: 20210430131708, filename: iter_00000_step_00000_39_android.view.ViewGroup.png
2021-04-30 13:17:45,279 INFO     test_ai_mod.labeler.v1.crawls -- elem image requested, crawl: 20210430131708, filename: iter_00000_step_00000_48_android.widget.TextView.png
2021-04-30 13:17:45,281 INFO     test_ai_mod.labeler.v1.crawls -- elem image requested, crawl: 20210430131708, filename: iter_00000_step_00000_36_android.widget.ImageView.png
2021-04-30 13:17:45,281 INFO     test_ai_mod.carbon_dao.local_carbon_dao -- Getting build info: APP_ID: 7335e72d-27ee-428c-b81e-dde278a19ae3, BUILD_ID: 34758395-bb7c-4d64-b825-9bb667e2fc8a
2021-04-30 13:17:45,283 INFO     test_ai_mod.labeler.v1.crawls -- resolved to: /Users/bot/test_ai/apps/7335e72d-27ee-428c-b81e-dde278a19ae3/builds/34758395-bb7c-4d64-b825-9bb667e2fc8a/crawls/20210430131708/elems/iter_00000_step_00000_12_androidx.appcompat.widget.g0.png
2021-04-30 13:17:45,284 INFO     test_ai_mod.labeler.v1.crawls -- elem image requested, crawl: 20210430131708, filename: iter_00000_step_00000_30_android.widget.FrameLayout.png
2021-04-30 13:17:45,284 INFO     test_ai_mod.carbon_dao.local_carbon_dao -- Getting build info: APP_ID: 7335e72d-27ee-428c-b81e-dde278a19ae3, BUILD_ID: 34758395-bb7c-4d64-b825-9bb667e2fc8a
2021-04-30 13:17:45,285 INFO     test_ai_mod.labeler.v1.crawls -- elem image requested, crawl: 20210430131708, filename: iter_00000_step_00000_24_android.widget.TextView.png
2021-04-30 13:17:45,286 INFO     test_ai_mod.carbon_dao.local_carbon_dao -- Getting build info: APP_ID: 7335e72d-27ee-428c-b81e-dde278a19ae3, BUILD_ID: 34758395-bb7c-4d64-b825-9bb667e2fc8a
2021-04-30 13:17:45,286 INFO     test_ai_mod.carbon_dao.local_carbon_dao -- Getting build info: APP_ID: 7335e72d-27ee-428c-b81e-dde278a19ae3, BUILD_ID: 34758395-bb7c-4d64-b825-9bb667e2fc8a
2021-04-30 13:17:45,286 INFO     test_ai_mod.labeler.v1.crawls -- resolved to: /Users/bot/test_ai/apps/7335e72d-27ee-428c-b81e-dde278a19ae3/builds/34758395-bb7c-4d64-b825-9bb667e2fc8a/crawls/20210430131708/elems/iter_00000_step_00000_39_android.view.ViewGroup.png
2021-04-30 13:17:45,289 INFO     test_ai_mod.labeler.v1.crawls -- resolved to: /Users/bot/test_ai/apps/7335e72d-27ee-428c-b81e-dde278a19ae3/builds/34758395-bb7c-4d64-b825-9bb667e2fc8a/crawls/20210430131708/elems/iter_00000_step_00000_36_android.widget.ImageView.png
2021-04-30 13:17:45,289 INFO     test_ai_mod.labeler.v1.crawls -- resolved to: /Users/bot/test_ai/apps/7335e72d-27ee-428c-b81e-dde278a19ae3/builds/34758395-bb7c-4d64-b825-9bb667e2fc8a/crawls/20210430131708/elems/iter_00000_step_00000_48_android.widget.TextView.png
2021-04-30 13:17:45,290 INFO     test_ai_mod.carbon_dao.local_carbon_dao -- Getting build info: APP_ID: 7335e72d-27ee-428c-b81e-dde278a19ae3, BUILD_ID: 34758395-bb7c-4d64-b825-9bb667e2fc8a
2021-04-30 13:17:45,291 INFO     test_ai_mod.labeler.v1.crawls -- elem image requested, crawl: 20210430131708, filename: iter_00000_step_00000_31_android.widget.ImageView.png
2021-04-30 13:17:45,291 INFO     test_ai_mod.carbon_dao.local_carbon_dao -- Getting build info: APP_ID: 7335e72d-27ee-428c-b81e-dde278a19ae3, BUILD_ID: 34758395-bb7c-4d64-b825-9bb667e2fc8a
2021-04-30 13:17:45,294 INFO     test_ai_mod.labeler.v1.crawls -- elem image requested, crawl: 20210430131708, filename: iter_00000_step_00000_7_android.widget.LinearLayout.png
2021-04-30 13:17:45,296 INFO     test_ai_mod.labeler.v1.crawls -- resolved to: /Users/bot/test_ai/apps/7335e72d-27ee-428c-b81e-dde278a19ae3/builds/34758395-bb7c-4d64-b825-9bb667e2fc8a/crawls/20210430131708/elems/iter_00000_step_00000_30_android.widget.FrameLayout.png
2021-04-30 13:17:45,297 INFO     test_ai_mod.labeler.v1.crawls -- resolved to: /Users/bot/test_ai/apps/7335e72d-27ee-428c-b81e-dde278a19ae3/builds/34758395-bb7c-4d64-b825-9bb667e2fc8a/crawls/20210430131708/elems/iter_00000_step_00000_24_android.widget.TextView.png
2021-04-30 13:17:45,299 INFO     test_ai_mod.labeler.v1.crawls -- elem image requested, crawl: 20210430131708, filename: iter_00000_step_00000_16_android.widget.TextView.png
2021-04-30 13:17:45,300 INFO     test_ai_mod.carbon_dao.local_carbon_dao -- Getting build info: APP_ID: 7335e72d-27ee-428c-b81e-dde278a19ae3, BUILD_ID: 34758395-bb7c-4d64-b825-9bb667e2fc8a
2021-04-30 13:17:45,301 INFO     test_ai_mod.labeler.v1.crawls -- elem image requested, crawl: 20210430131708, filename: iter_00000_step_00000_0_android.widget.FrameLayout.png
2021-04-30 13:17:45,303 INFO     test_ai_mod.labeler.v1.crawls -- elem image requested, crawl: 20210430131708, filename: iter_00000_step_00000_10_android.widget.ImageButton.png
2021-04-30 13:17:45,303 INFO     test_ai_mod.carbon_dao.local_carbon_dao -- Getting build info: APP_ID: 7335e72d-27ee-428c-b81e-dde278a19ae3, BUILD_ID: 34758395-bb7c-4d64-b825-9bb667e2fc8a
2021-04-30 13:17:45,303 INFO     test_ai_mod.labeler.v1.crawls -- resolved to: /Users/bot/test_ai/apps/7335e72d-27ee-428c-b81e-dde278a19ae3/builds/34758395-bb7c-4d64-b825-9bb667e2fc8a/crawls/20210430131708/elems/iter_00000_step_00000_31_android.widget.ImageView.png
2021-04-30 13:17:45,304 INFO     test_ai_mod.carbon_dao.local_carbon_dao -- Getting build info: APP_ID: 7335e72d-27ee-428c-b81e-dde278a19ae3, BUILD_ID: 34758395-bb7c-4d64-b825-9bb667e2fc8a
2021-04-30 13:17:45,306 INFO     test_ai_mod.carbon_dao.local_carbon_dao -- Getting build info: APP_ID: 7335e72d-27ee-428c-b81e-dde278a19ae3, BUILD_ID: 34758395-bb7c-4d64-b825-9bb667e2fc8a
2021-04-30 13:17:45,307 INFO     test_ai_mod.labeler.v1.crawls -- elem image requested, crawl: 20210430131708, filename: iter_00000_step_00000_34_androidx.cardview.widget.CardView.png
2021-04-30 13:17:45,308 INFO     test_ai_mod.labeler.v1.crawls -- resolved to: /Users/bot/test_ai/apps/7335e72d-27ee-428c-b81e-dde278a19ae3/builds/34758395-bb7c-4d64-b825-9bb667e2fc8a/crawls/20210430131708/elems/iter_00000_step_00000_7_android.widget.LinearLayout.png
2021-04-30 13:17:45,308 INFO     test_ai_mod.labeler.v1.crawls -- resolved to: /Users/bot/test_ai/apps/7335e72d-27ee-428c-b81e-dde278a19ae3/builds/34758395-bb7c-4d64-b825-9bb667e2fc8a/crawls/20210430131708/elems/iter_00000_step_00000_16_android.widget.TextView.png
2021-04-30 13:17:45,309 INFO     test_ai_mod.carbon_dao.local_carbon_dao -- Getting build info: APP_ID: 7335e72d-27ee-428c-b81e-dde278a19ae3, BUILD_ID: 34758395-bb7c-4d64-b825-9bb667e2fc8a
2021-04-30 13:17:45,311 INFO     test_ai_mod.labeler.v1.crawls -- resolved to: /Users/bot/test_ai/apps/7335e72d-27ee-428c-b81e-dde278a19ae3/builds/34758395-bb7c-4d64-b825-9bb667e2fc8a/crawls/20210430131708/elems/iter_00000_step_00000_0_android.widget.FrameLayout.png
2021-04-30 13:17:45,313 INFO     test_ai_mod.labeler.v1.crawls -- resolved to: /Users/bot/test_ai/apps/7335e72d-27ee-428c-b81e-dde278a19ae3/builds/34758395-bb7c-4d64-b825-9bb667e2fc8a/crawls/20210430131708/elems/iter_00000_step_00000_10_android.widget.ImageButton.png
2021-04-30 13:17:45,315 INFO     test_ai_mod.labeler.v1.crawls -- elem image requested, crawl: 20210430131708, filename: iter_00000_step_00000_28_android.widget.FrameLayout.png
2021-04-30 13:17:45,317 INFO     test_ai_mod.labeler.v1.crawls -- elem image requested, crawl: 20210430131708, filename: iter_00000_step_00000_1_android.widget.LinearLayout.png
2021-04-30 13:17:45,318 INFO     test_ai_mod.carbon_dao.local_carbon_dao -- Getting build info: APP_ID: 7335e72d-27ee-428c-b81e-dde278a19ae3, BUILD_ID: 34758395-bb7c-4d64-b825-9bb667e2fc8a
2021-04-30 13:17:45,319 INFO     test_ai_mod.labeler.v1.crawls -- elem image requested, crawl: 20210430131708, filename: iter_00000_step_00000_49_android.view.View.png
2021-04-30 13:17:45,320 INFO     test_ai_mod.carbon_dao.local_carbon_dao -- Getting build info: APP_ID: 7335e72d-27ee-428c-b81e-dde278a19ae3, BUILD_ID: 34758395-bb7c-4d64-b825-9bb667e2fc8a
2021-04-30 13:17:45,321 INFO     test_ai_mod.labeler.v1.crawls -- resolved to: /Users/bot/test_ai/apps/7335e72d-27ee-428c-b81e-dde278a19ae3/builds/34758395-bb7c-4d64-b825-9bb667e2fc8a/crawls/20210430131708/elems/iter_00000_step_00000_34_androidx.cardview.widget.CardView.png
2021-04-30 13:17:45,322 INFO     test_ai_mod.labeler.v1.crawls -- elem image requested, crawl: 20210430131708, filename: iter_00000_step_00000_26_android.widget.TextView.png
2021-04-30 13:17:45,323 INFO     test_ai_mod.labeler.v1.crawls -- resolved to: /Users/bot/test_ai/apps/7335e72d-27ee-428c-b81e-dde278a19ae3/builds/34758395-bb7c-4d64-b825-9bb667e2fc8a/crawls/20210430131708/elems/iter_00000_step_00000_28_android.widget.FrameLayout.png
2021-04-30 13:17:45,323 INFO     test_ai_mod.carbon_dao.local_carbon_dao -- Getting build info: APP_ID: 7335e72d-27ee-428c-b81e-dde278a19ae3, BUILD_ID: 34758395-bb7c-4d64-b825-9bb667e2fc8a
2021-04-30 13:17:45,325 INFO     test_ai_mod.labeler.v1.crawls -- elem image requested, crawl: 20210430131708, filename: iter_00000_step_00000_37_android.widget.TextView.png
2021-04-30 13:17:45,325 INFO     test_ai_mod.carbon_dao.local_carbon_dao -- Getting build info: APP_ID: 7335e72d-27ee-428c-b81e-dde278a19ae3, BUILD_ID: 34758395-bb7c-4d64-b825-9bb667e2fc8a
2021-04-30 13:17:45,328 INFO     test_ai_mod.labeler.v1.crawls -- resolved to: /Users/bot/test_ai/apps/7335e72d-27ee-428c-b81e-dde278a19ae3/builds/34758395-bb7c-4d64-b825-9bb667e2fc8a/crawls/20210430131708/elems/iter_00000_step_00000_1_android.widget.LinearLayout.png
2021-04-30 13:17:45,328 INFO     test_ai_mod.carbon_dao.local_carbon_dao -- Getting build info: APP_ID: 7335e72d-27ee-428c-b81e-dde278a19ae3, BUILD_ID: 34758395-bb7c-4d64-b825-9bb667e2fc8a
2021-04-30 13:17:45,329 INFO     test_ai_mod.labeler.v1.crawls -- resolved to: /Users/bot/test_ai/apps/7335e72d-27ee-428c-b81e-dde278a19ae3/builds/34758395-bb7c-4d64-b825-9bb667e2fc8a/crawls/20210430131708/elems/iter_00000_step_00000_49_android.view.View.png
2021-04-30 13:17:45,333 INFO     test_ai_mod.labeler.v1.crawls -- elem image requested, crawl: 20210430131708, filename: iter_00000_step_00000_25_android.view.ViewGroup.png
2021-04-30 13:17:45,333 INFO     test_ai_mod.labeler.v1.crawls -- elem image requested, crawl: 20210430131708, filename: iter_00000_step_00000_38_androidx.cardview.widget.CardView.png
2021-04-30 13:17:45,335 INFO     test_ai_mod.labeler.v1.crawls -- resolved to: /Users/bot/test_ai/apps/7335e72d-27ee-428c-b81e-dde278a19ae3/builds/34758395-bb7c-4d64-b825-9bb667e2fc8a/crawls/20210430131708/elems/iter_00000_step_00000_26_android.widget.TextView.png
2021-04-30 13:17:45,335 INFO     test_ai_mod.carbon_dao.local_carbon_dao -- Getting build info: APP_ID: 7335e72d-27ee-428c-b81e-dde278a19ae3, BUILD_ID: 34758395-bb7c-4d64-b825-9bb667e2fc8a
2021-04-30 13:17:45,336 INFO     test_ai_mod.labeler.v1.crawls -- elem image requested, crawl: 20210430131708, filename: iter_00000_step_00000_45_android.widget.TextView.png
2021-04-30 13:17:45,336 INFO     test_ai_mod.labeler.v1.crawls -- elem image requested, crawl: 20210430131708, filename: iter_00000_step_00000_43_android.widget.FrameLayout.png
2021-04-30 13:17:45,340 INFO     test_ai_mod.labeler.v1.crawls -- resolved to: /Users/bot/test_ai/apps/7335e72d-27ee-428c-b81e-dde278a19ae3/builds/34758395-bb7c-4d64-b825-9bb667e2fc8a/crawls/20210430131708/elems/iter_00000_step_00000_37_android.widget.TextView.png
2021-04-30 13:17:45,340 INFO     test_ai_mod.carbon_dao.local_carbon_dao -- Getting build info: APP_ID: 7335e72d-27ee-428c-b81e-dde278a19ae3, BUILD_ID: 34758395-bb7c-4d64-b825-9bb667e2fc8a
2021-04-30 13:17:45,342 INFO     test_ai_mod.carbon_dao.local_carbon_dao -- Getting build info: APP_ID: 7335e72d-27ee-428c-b81e-dde278a19ae3, BUILD_ID: 34758395-bb7c-4d64-b825-9bb667e2fc8a
2021-04-30 13:17:45,344 INFO     test_ai_mod.carbon_dao.local_carbon_dao -- Getting build info: APP_ID: 7335e72d-27ee-428c-b81e-dde278a19ae3, BUILD_ID: 34758395-bb7c-4d64-b825-9bb667e2fc8a
2021-04-30 13:17:45,345 INFO     test_ai_mod.carbon_dao.local_carbon_dao -- Getting build info: APP_ID: 7335e72d-27ee-428c-b81e-dde278a19ae3, BUILD_ID: 34758395-bb7c-4d64-b825-9bb667e2fc8a
2021-04-30 13:17:45,345 INFO     test_ai_mod.labeler.v1.crawls -- resolved to: /Users/bot/test_ai/apps/7335e72d-27ee-428c-b81e-dde278a19ae3/builds/34758395-bb7c-4d64-b825-9bb667e2fc8a/crawls/20210430131708/elems/iter_00000_step_00000_25_android.view.ViewGroup.png
2021-04-30 13:17:45,348 INFO     test_ai_mod.labeler.v1.crawls -- resolved to: /Users/bot/test_ai/apps/7335e72d-27ee-428c-b81e-dde278a19ae3/builds/34758395-bb7c-4d64-b825-9bb667e2fc8a/crawls/20210430131708/elems/iter_00000_step_00000_43_android.widget.FrameLayout.png
2021-04-30 13:17:45,348 INFO     test_ai_mod.labeler.v1.crawls -- resolved to: /Users/bot/test_ai/apps/7335e72d-27ee-428c-b81e-dde278a19ae3/builds/34758395-bb7c-4d64-b825-9bb667e2fc8a/crawls/20210430131708/elems/iter_00000_step_00000_38_androidx.cardview.widget.CardView.png
2021-04-30 13:17:45,349 INFO     test_ai_mod.labeler.v1.crawls -- resolved to: /Users/bot/test_ai/apps/7335e72d-27ee-428c-b81e-dde278a19ae3/builds/34758395-bb7c-4d64-b825-9bb667e2fc8a/crawls/20210430131708/elems/iter_00000_step_00000_45_android.widget.TextView.png
2021-04-30 13:17:45,387 INFO     test_ai_mod.carbon_dao.local_carbon_dao -- Getting build info: APP_ID: 7335e72d-27ee-428c-b81e-dde278a19ae3, BUILD_ID: 34758395-bb7c-4d64-b825-9bb667e2fc8a
2021-04-30 13:17:45,398 INFO     test_ai_mod.labeler.v1.crawls -- elem image requested, crawl: 20210430131708, filename: iter_00000_step_00000_40_android.widget.ImageView.png
2021-04-30 13:17:45,400 INFO     test_ai_mod.labeler.v1.crawls -- elem image requested, crawl: 20210430131708, filename: iter_00000_step_00000_41_android.widget.TextView.png
2021-04-30 13:17:45,400 INFO     test_ai_mod.carbon_dao.local_carbon_dao -- Getting build info: APP_ID: 7335e72d-27ee-428c-b81e-dde278a19ae3, BUILD_ID: 34758395-bb7c-4d64-b825-9bb667e2fc8a
2021-04-30 13:17:45,400 INFO     test_ai_mod.carbon_dao.local_carbon_dao -- Getting build info: APP_ID: 7335e72d-27ee-428c-b81e-dde278a19ae3, BUILD_ID: 34758395-bb7c-4d64-b825-9bb667e2fc8a
2021-04-30 13:17:45,402 INFO     test_ai_mod.labeler.v1.crawls -- resolved to: /Users/bot/test_ai/apps/7335e72d-27ee-428c-b81e-dde278a19ae3/builds/34758395-bb7c-4d64-b825-9bb667e2fc8a/crawls/20210430131708/elems/iter_00000_step_00000_40_android.widget.ImageView.png
2021-04-30 13:17:45,403 INFO     test_ai_mod.labeler.v1.crawls -- resolved to: /Users/bot/test_ai/apps/7335e72d-27ee-428c-b81e-dde278a19ae3/builds/34758395-bb7c-4d64-b825-9bb667e2fc8a/crawls/20210430131708/elems/iter_00000_step_00000_41_android.widget.TextView.png
2021-04-30 13:17:59,799 INFO     test_ai_mod.carbon_explore.interactive -- Interactive explore -- status -- start
2021-04-30 13:17:59,799 INFO     test_ai_mod.carbon_explore.interactive -- Interactive explore -- status -- end
2021-04-30 13:18:05,967 INFO     test_ai_mod.labeler.v1.crawls -- elem image requested, crawl: 20210430131708, filename: iter_00000_step_00000_screenshot.png
2021-04-30 13:18:05,967 INFO     test_ai_mod.carbon_dao.local_carbon_dao -- Getting build info: APP_ID: 7335e72d-27ee-428c-b81e-dde278a19ae3, BUILD_ID: 34758395-bb7c-4d64-b825-9bb667e2fc8a
2021-04-30 13:18:05,968 INFO     test_ai_mod.labeler.v1.crawls -- resolved to: /Users/bot/test_ai/apps/7335e72d-27ee-428c-b81e-dde278a19ae3/builds/34758395-bb7c-4d64-b825-9bb667e2fc8a/crawls/20210430131708/screens/iter_00000_step_00000_screenshot.png
2021-04-30 13:18:14,802 INFO     test_ai_mod.carbon_explore.interactive -- Interactive explore -- status -- start
2021-04-30 13:18:14,802 INFO     test_ai_mod.carbon_explore.interactive -- Interactive explore -- status -- end
2021-04-30 13:18:29,799 INFO     test_ai_mod.carbon_explore.interactive -- Interactive explore -- status -- start
2021-04-30 13:18:29,799 INFO     test_ai_mod.carbon_explore.interactive -- Interactive explore -- status -- end
2021-04-30 13:18:44,798 INFO     test_ai_mod.carbon_explore.interactive -- Interactive explore -- status -- start
2021-04-30 13:18:44,799 INFO     test_ai_mod.carbon_explore.interactive -- Interactive explore -- status -- end
2021-04-30 13:18:59,803 INFO     test_ai_mod.carbon_explore.interactive -- Interactive explore -- status -- start
2021-04-30 13:18:59,803 INFO     test_ai_mod.carbon_explore.interactive -- Interactive explore -- status -- end
2021-04-30 13:19:14,801 INFO     test_ai_mod.carbon_explore.interactive -- Interactive explore -- status -- start
2021-04-30 13:19:14,801 INFO     test_ai_mod.carbon_explore.interactive -- Interactive explore -- status -- end
2021-04-30 13:19:20,904 INFO     test_ai_mod.carbon_explore.interactive -- Interactive explore -- status -- start
2021-04-30 13:19:20,904 INFO     test_ai_mod.carbon_explore.interactive -- Interactive explore -- status -- end
2021-04-30 13:19:20,910 INFO     test_ai_mod.carbon_explore.interactive -- Interactive explore -- status -- start
2021-04-30 13:19:20,910 INFO     test_ai_mod.carbon_explore.interactive -- Interactive explore -- status -- end
2021-04-30 13:19:20,912 INFO     root -- Stopping interactive crawl.
2021-04-30 13:19:20,918 INFO     test_ai_mod.carbon_explore.interactive -- Interactive explore -- stop -- start
2021-04-30 13:19:20,918 INFO     test_ai_mod.carbon_explore.interactive -- Interactive explore -- stop -- stop
2021-04-30 13:19:21,426 INFO     test_ai_mod.carbon_explore.explore_hook -- Explore hook -- apply_deferred_runtime_labels starting.
2021-04-30 13:19:21,426 INFO     test_ai_mod.carbon_explore.explore_hook -- Explore hook -- apply_deferred_runtime_labels completed.
2021-04-30 13:19:21,426 INFO     test_ai_mod.carbon_explore.interactive -- Interactive explore -- start_interactive_loop completed.
2021-04-30 13:19:21,428 INFO     test_ai_mod.carbon_explore.explore -- performing post-walk cleanup
2021-04-30 13:19:21,486 INFO     test_ai_mod.carbon_utils.simulator_tools -- performing post-test cleanup
2021-04-30 13:19:21,486 INFO     test_ai_mod.carbon_utils.simulator_tools -- calling driver.quit
2021-04-30 13:19:21,493 INFO     test_ai_mod.carbon_explore.explore -- iteration completed: 0
2021-04-30 13:19:21,493 INFO     test_ai_mod.carbon_tasks.crawl_build_task -- walk: 1 - succeeded
2021-04-30 13:19:21,494 INFO     test_ai_mod.carbon_tasks.crawl_build_task -- Handling crawl stop request.
2021-04-30 13:19:21,497 INFO     test_ai_mod.carbon_dao.local_carbon_dao -- Getting build info: APP_ID: 7335e72d-27ee-428c-b81e-dde278a19ae3, BUILD_ID: 34758395-bb7c-4d64-b825-9bb667e2fc8a
2021-04-30 13:19:21,503 INFO     test_ai_mod.carbon_dao.local_carbon_dao -- Getting build info: APP_ID: 7335e72d-27ee-428c-b81e-dde278a19ae3, BUILD_ID: 34758395-bb7c-4d64-b825-9bb667e2fc8a
2021-04-30 13:19:21,504 INFO     test_ai_mod.carbon_dao.local_carbon_dao -- Getting build info: APP_ID: 7335e72d-27ee-428c-b81e-dde278a19ae3, BUILD_ID: 34758395-bb7c-4d64-b825-9bb667e2fc8a
2021-04-30 13:19:21,505 INFO     test_ai_mod.carbon_dao.local_carbon_dao -- Getting build info: APP_ID: 7335e72d-27ee-428c-b81e-dde278a19ae3, BUILD_ID: 34758395-bb7c-4d64-b825-9bb667e2fc8a
2021-04-30 13:19:21,506 INFO     test_ai_mod.carbon_dao.local_carbon_dao -- Getting build info: APP_ID: 7335e72d-27ee-428c-b81e-dde278a19ae3, BUILD_ID: 34758395-bb7c-4d64-b825-9bb667e2fc8a
2021-04-30 13:19:21,507 INFO     test_ai_mod.carbon_dao.local_carbon_dao -- Getting build info: APP_ID: 7335e72d-27ee-428c-b81e-dde278a19ae3, BUILD_ID: 34758395-bb7c-4d64-b825-9bb667e2fc8a
2021-04-30 13:19:21,507 INFO     test_ai_mod.carbon_dao.local_carbon_dao -- Getting build info: APP_ID: 7335e72d-27ee-428c-b81e-dde278a19ae3, BUILD_ID: 34758395-bb7c-4d64-b825-9bb667e2fc8a
2021-04-30 13:19:21,509 INFO     test_ai_mod.carbon_dao.local_carbon_dao -- Getting build info: APP_ID: 7335e72d-27ee-428c-b81e-dde278a19ae3, BUILD_ID: 34758395-bb7c-4d64-b825-9bb667e2fc8a
2021-04-30 13:19:21,510 INFO     test_ai_mod.carbon_tasks.process_crawl_task -- processing crawl: 20210430131708 (app: 7335e72d-27ee-428c-b81e-dde278a19ae3, build: 34758395-bb7c-4d64-b825-9bb667e2fc8a)
2021-04-30 13:19:21,510 INFO     test_ai_mod.carbon_tasks.process_crawl_task -- processing screens for crawl
2021-04-30 13:19:21,578 INFO     test_ai_mod.carbon_tasks.process_crawl_task -- writing unique screens file
2021-04-30 13:19:21,581 INFO     test_ai_mod.carbon_tasks.process_crawl_task -- writing screen hash map
2021-04-30 13:19:21,587 INFO     test_ai_mod.carbon_tasks.process_crawl_task -- writing screen similarity file
2021-04-30 13:19:21,588 INFO     test_ai_mod.carbon_tasks.process_crawl_task -- processing elements for crawl
2021-04-30 13:19:21,591 INFO     test_ai_mod.carbon_tasks.process_crawl_task -- skipping already processed: iter_00000_step_00000_info.json
2021-04-30 13:19:21,876 INFO     test_ai_mod.carbon_tasks.process_crawl_task -- Writing unique tags file.
2021-04-30 13:19:21,876 INFO     test_ai_mod.carbon_tasks.process_crawl_task -- writing unique elems file
2021-04-30 13:19:21,878 INFO     test_ai_mod.carbon_tasks.process_crawl_task -- writing elem hash map
2021-04-30 13:19:21,889 INFO     test_ai_mod.carbon_tasks.process_crawl_task -- writing elem similarity file
2021-04-30 13:19:21,891 INFO     test_ai_mod.carbon_tasks.process_crawl_task -- generating and saving feature data for crawl
2021-04-30 13:19:21,892 INFO     test_ai_mod.carbon_tasks.generate_feature_data_task -- generating feature data for crawl: 20210430131708, app_id: 7335e72d-27ee-428c-b81e-dde278a19ae3, build_id: 34758395-bb7c-4d64-b825-9bb667e2fc8a
2021-04-30 13:19:21,894 INFO     test_ai_mod.carbon_tasks.generate_feature_data_task -- generating screen feature data
2021-04-30 13:19:22,158 INFO     test_ai_mod.carbon_tasks.generate_feature_data_task -- saving screen feature data
2021-04-30 13:19:22,160 INFO     test_ai_mod.carbon_tasks.process_crawl_task -- generating labeler objects file for crawl (v0)
2021-04-30 13:19:22,172 INFO     test_ai_mod.carbon_tasks.process_crawl_task -- reconciling screens labeled at runtime
2021-04-30 13:19:22,174 INFO     test_ai_mod.carbon_tasks.process_crawl_task -- reconciling elements labeled at runtime
2021-04-30 13:19:22,183 INFO     test_ai_mod.carbon_tasks.generate_auto_labels_task -- generating auto labels for crawl: 20210430131708, app_id: 7335e72d-27ee-428c-b81e-dde278a19ae3, build_id: 34758395-bb7c-4d64-b825-9bb667e2fc8a
2021-04-30 13:19:22,184 INFO     test_ai_mod.carbon_dao.local_carbon_dao -- Getting build info: APP_ID: 7335e72d-27ee-428c-b81e-dde278a19ae3, BUILD_ID: 34758395-bb7c-4d64-b825-9bb667e2fc8a
2021-04-30 13:19:22,186 INFO     test_ai_mod.carbon_dao.local_carbon_dao -- Getting build info: APP_ID: 7335e72d-27ee-428c-b81e-dde278a19ae3, BUILD_ID: 34758395-bb7c-4d64-b825-9bb667e2fc8a
2021-04-30 13:19:22,187 INFO     test_ai_mod.carbon_dao.local_carbon_dao -- Getting build info: APP_ID: 7335e72d-27ee-428c-b81e-dde278a19ae3, BUILD_ID: 34758395-bb7c-4d64-b825-9bb667e2fc8a
2021-04-30 13:19:22,187 INFO     test_ai_mod.carbon_dao.local_carbon_dao -- Getting build info: APP_ID: 7335e72d-27ee-428c-b81e-dde278a19ae3, BUILD_ID: 34758395-bb7c-4d64-b825-9bb667e2fc8a
2021-04-30 13:19:22,188 INFO     test_ai_mod.carbon_dao.local_carbon_dao -- Getting build info: APP_ID: 7335e72d-27ee-428c-b81e-dde278a19ae3, BUILD_ID: 34758395-bb7c-4d64-b825-9bb667e2fc8a
2021-04-30 13:19:22,189 INFO     test_ai_mod.carbon_dao.local_carbon_dao -- Getting build info: APP_ID: 7335e72d-27ee-428c-b81e-dde278a19ae3, BUILD_ID: 34758395-bb7c-4d64-b825-9bb667e2fc8a
2021-04-30 13:19:22,189 INFO     test_ai_mod.carbon_dao.local_carbon_dao -- Getting build info: APP_ID: 7335e72d-27ee-428c-b81e-dde278a19ae3, BUILD_ID: 34758395-bb7c-4d64-b825-9bb667e2fc8a
2021-04-30 13:19:22,190 INFO     test_ai_mod.carbon_dao.local_carbon_dao -- Getting build info: APP_ID: 7335e72d-27ee-428c-b81e-dde278a19ae3, BUILD_ID: 34758395-bb7c-4d64-b825-9bb667e2fc8a
2021-04-30 13:19:22,326 INFO     test_ai_mod.carbon_tasks.generate_auto_labels_task -- writing merged, suggested labels to file: /Users/bot/test_ai/apps/7335e72d-27ee-428c-b81e-dde278a19ae3/builds/34758395-bb7c-4d64-b825-9bb667e2fc8a/crawls/20210429135309/labels/suggested_labels.json
2021-04-30 13:19:22,328 INFO     test_ai_mod.carbon_tasks.generate_auto_labels_task -- writing merged, suggested labels to file: /Users/bot/test_ai/apps/7335e72d-27ee-428c-b81e-dde278a19ae3/builds/34758395-bb7c-4d64-b825-9bb667e2fc8a/crawls/20210429134444/labels/suggested_labels.json
2021-04-30 13:19:22,331 INFO     test_ai_mod.carbon_tasks.generate_auto_labels_task -- writing merged, suggested labels to file: /Users/bot/test_ai/apps/7335e72d-27ee-428c-b81e-dde278a19ae3/builds/34758395-bb7c-4d64-b825-9bb667e2fc8a/crawls/20210430131251/labels/suggested_labels.json
2021-04-30 13:19:22,332 INFO     test_ai_mod.carbon_tasks.generate_auto_labels_task -- writing merged, suggested labels to file: /Users/bot/test_ai/apps/7335e72d-27ee-428c-b81e-dde278a19ae3/builds/34758395-bb7c-4d64-b825-9bb667e2fc8a/crawls/20210430131708/labels/suggested_labels.json
2021-04-30 13:19:22,333 INFO     test_ai_mod.carbon_tasks.generate_auto_labels_task -- writing merged, suggested labels to file: /Users/bot/test_ai/apps/7335e72d-27ee-428c-b81e-dde278a19ae3/builds/34758395-bb7c-4d64-b825-9bb667e2fc8a/crawls/20210429133652/labels/suggested_labels.json
2021-04-30 13:19:22,334 INFO     test_ai_mod.carbon_tasks.generate_auto_labels_task -- writing merged, suggested labels to file: /Users/bot/test_ai/apps/7335e72d-27ee-428c-b81e-dde278a19ae3/builds/34758395-bb7c-4d64-b825-9bb667e2fc8a/crawls/20210430130456/labels/suggested_labels.json
2021-04-30 13:19:22,372 INFO     test_ai_mod.carbon_tasks.generate_auto_labels_task -- writing merged, suggested labels to file: /Users/bot/test_ai/apps/7335e72d-27ee-428c-b81e-dde278a19ae3/builds/34758395-bb7c-4d64-b825-9bb667e2fc8a/crawls/20210429135642/labels/suggested_labels.json
2021-04-30 13:19:22,424 INFO     test_ai_mod.carbon_tasks.generate_auto_labels_task -- writing applied hashes to labels to file: /Users/bot/test_ai/apps/7335e72d-27ee-428c-b81e-dde278a19ae3/lkg/hashes_to_labels.json
2021-04-30 13:19:22,425 INFO     test_ai_mod.carbon_tasks.generate_auto_labels_task -- writing applied human readable to labels to file: /Users/bot/test_ai/apps/7335e72d-27ee-428c-b81e-dde278a19ae3/lkg/human_readable_to_labels.json
2021-04-30 13:19:22,428 INFO     test_ai_mod.carbon_tasks.generate_auto_labels_task -- writing label to hash dicts to file: /Users/bot/test_ai/apps/7335e72d-27ee-428c-b81e-dde278a19ae3/lkg/label_to_hash_dicts.json
2021-04-30 13:19:22,430 INFO     test_ai_mod.carbon_tasks.generate_auto_labels_task -- writing human readable to paths to file: /Users/bot/test_ai/apps/7335e72d-27ee-428c-b81e-dde278a19ae3/lkg/human_readable_to_paths.json
2021-04-30 13:19:22,443 INFO     test_ai_mod.carbon_classifiers.label_classifier_pipe -- Begin loading configured modules
2021-04-30 13:19:22,449 INFO     test_ai_mod.carbon_classifiers.carbon_classifier_v1.screen_classifier -- Loading ScreenClassifier
2021-04-30 13:19:22,449 INFO     test_ai_mod.carbon_classifiers.template_matching.app_specific_template_matcher -- Loading AppSpecificTemplateMatcher
2021-04-30 13:19:22,449 INFO     test_ai_mod.carbon_classifiers.perceptual.nn_classifier -- Loading NNClassifier
2021-04-30 13:19:22,450 INFO     test_ai_mod.carbon_classifiers.template_matching.template_matching_classifier -- Loading TemplateMatchingClassifier
2021-04-30 13:19:22,451 WARNING  test_ai_mod.carbon_classifiers.template_matching.template_matching_classifier -- No template director exists at /Users/bot/test_ai/templates
2021-04-30 13:19:22,452 INFO     test_ai_mod.carbon_classifiers.http_classifier.http_classifier -- Loaded Http Classifier for ""
2021-04-30 13:19:22,457 INFO     test_ai_mod.carbon_tasks.generate_auto_labels_task -- classifying 1 unique screens
2021-04-30 13:19:22,457 INFO     test_ai_mod.carbon_utils.carbon_data -- loading models from LKG dir
2021-04-30 13:19:22,459 INFO     test_ai_mod.carbon_utils.carbon_data -- loading models from LKG dir
2021-04-30 13:19:22,465 INFO     test_ai_mod.carbon_classifiers.label_classifier_pipe -- Begin labeling elements
2021-04-30 13:19:22,482 INFO     test_ai_mod.carbon_classifiers.template_matching.app_specific_template_matcher -- Classifying screen with AppSpecificTemplateMatcher
2021-04-30 13:19:22,482 INFO     test_ai_mod.carbon_classifiers.perceptual.nn_classifier -- Classifying screen with NNClassifier
2021-04-30 13:19:22,528 INFO     test_ai_mod.carbon_classifiers.label_classifier_pipe -- End labeling elements: Time taken 0.0630240440369 seconds
2021-04-30 13:19:22,530 INFO     test_ai_mod.carbon_tasks.generate_auto_labels_task -- classifying 46 unique elems
2021-04-30 13:19:22,540 INFO     test_ai_mod.carbon_utils.carbon_data -- loading models from LKG dir
2021-04-30 13:19:22,540 INFO     test_ai_mod.carbon_utils.carbon_data -- loading models from LKG dir
2021-04-30 13:19:22,541 INFO     test_ai_mod.carbon_classifiers.label_classifier_pipe -- Begin labeling elements
2021-04-30 13:19:22,557 INFO     test_ai_mod.carbon_classifiers.template_matching.app_specific_template_matcher -- Classifying screen with AppSpecificTemplateMatcher
2021-04-30 13:19:22,557 INFO     test_ai_mod.carbon_classifiers.perceptual.nn_classifier -- Classifying screen with NNClassifier
2021-04-30 13:19:22,700 INFO     test_ai_mod.carbon_classifiers.label_classifier_pipe -- End labeling elements: Time taken 0.159031867981 seconds
2021-04-30 13:19:22,701 INFO     test_ai_mod.carbon_tasks.generate_auto_labels_task -- writing merged, suggested labels to file: /Users/bot/test_ai/apps/7335e72d-27ee-428c-b81e-dde278a19ae3/builds/34758395-bb7c-4d64-b825-9bb667e2fc8a/crawls/20210430131708/labels/suggested_labels.json
2021-04-30 13:19:22,702 INFO     test_ai_mod.carbon_controllers.crawls -- Removing threaded log file handler for crawl.
