2021-04-30 15:37:06,192 INFO     test_ai_mod.carbon_controllers.crawls -- Logging crawl output to /Users/bot/test_ai/apps/7335e72d-27ee-428c-b81e-dde278a19ae3/builds/34758395-bb7c-4d64-b825-9bb667e2fc8a/logs/crawl-20210430193706.log
2021-04-30 15:37:06,194 INFO     test_ai_mod.carbon_tasks.crawl_build_task -- crawling build, app_id: 7335e72d-27ee-428c-b81e-dde278a19ae3, build_id: 34758395-bb7c-4d64-b825-9bb667e2fc8a
2021-04-30 15:37:06,195 INFO     test_ai_mod.carbon_tasks.crawl_build_task -- num_steps (when no test): 25
2021-04-30 15:37:06,196 INFO     test_ai_mod.carbon_tasks.crawl_build_task -- max_steps: 150
2021-04-30 15:37:06,196 INFO     test_ai_mod.carbon_tasks.crawl_build_task -- max_iterations: 1
2021-04-30 15:37:06,197 INFO     test_ai_mod.carbon_tasks.crawl_build_task -- rand_seed: 1619810803
2021-04-30 15:37:06,197 INFO     test_ai_mod.carbon_tasks.crawl_build_task -- test_wildcard: *
2021-04-30 15:37:06,197 INFO     test_ai_mod.carbon_tasks.crawl_build_task -- package: com.chewy.android
2021-04-30 15:37:06,197 INFO     test_ai_mod.carbon_tasks.crawl_build_task -- eyes_api_key: None
2021-04-30 15:37:06,197 INFO     test_ai_mod.carbon_tasks.crawl_build_task -- is_noop: False
2021-04-30 15:37:06,200 INFO     test_ai_mod.carbon_tasks.crawl_build_task -- created crawl, id: 20210430153706
2021-04-30 15:37:06,201 INFO     test_ai_mod.carbon_dao.local_carbon_dao -- Getting build info: APP_ID: 7335e72d-27ee-428c-b81e-dde278a19ae3, BUILD_ID: 34758395-bb7c-4d64-b825-9bb667e2fc8a
2021-04-30 15:37:06,201 INFO     test_ai_mod.carbon_dao.local_carbon_dao -- Getting build info: APP_ID: 7335e72d-27ee-428c-b81e-dde278a19ae3, BUILD_ID: 34758395-bb7c-4d64-b825-9bb667e2fc8a
2021-04-30 15:37:06,234 INFO     werkzeug -- 127.0.0.1 - - [30/Apr/2021 15:37:06] "[37mGET /api/v1/config/widgets HTTP/1.1[0m" 200 -
2021-04-30 15:37:06,235 INFO     test_ai_mod.carbon_dao.local_carbon_dao -- Getting build info: APP_ID: 7335e72d-27ee-428c-b81e-dde278a19ae3, BUILD_ID: 34758395-bb7c-4d64-b825-9bb667e2fc8a
2021-04-30 15:37:06,239 INFO     werkzeug -- 127.0.0.1 - - [30/Apr/2021 15:37:06] "[37mGET /api/v1/c/testai/apps/android/7335e72d-27ee-428c-b81e-dde278a19ae3/tests HTTP/1.1[0m" 200 -
2021-04-30 15:37:06,285 INFO     werkzeug -- 127.0.0.1 - - [30/Apr/2021 15:37:06] "[37mGET /favicon.ico HTTP/1.1[0m" 200 -
2021-04-30 15:37:06,312 INFO     werkzeug -- 127.0.0.1 - - [30/Apr/2021 15:37:06] "[37mGET /api/v2/status HTTP/1.1[0m" 200 -
2021-04-30 15:37:06,581 INFO     test_ai_mod.carbon_explore.explore -- using default extra walk count: 0
2021-04-30 15:37:06,589 INFO     test_ai_mod.carbon_tasks.crawl_build_task -- initiating walk [1/1]
2021-04-30 15:37:06,589 INFO     test_ai_mod.carbon_test_case.carbon_tests -- initial number of steps for walk: 25
2021-04-30 15:37:06,589 INFO     test_ai_mod.carbon_tasks.crawl_build_task -- effective_max_steps this walk: 26
2021-04-30 15:37:06,589 INFO     test_ai_mod.carbon_explore.explore -- **************************************************
2021-04-30 15:37:06,590 INFO     test_ai_mod.carbon_explore.explore -- **************************************************
2021-04-30 15:37:06,590 INFO     test_ai_mod.carbon_explore.explore -- *                                                *
2021-04-30 15:37:06,590 INFO     test_ai_mod.carbon_explore.explore -- *                   BRAIN                    *
2021-04-30 15:37:06,590 INFO     test_ai_mod.carbon_explore.explore -- *                                                *
2021-04-30 15:37:06,590 INFO     test_ai_mod.carbon_explore.explore -- **************************************************
2021-04-30 15:37:06,590 INFO     test_ai_mod.carbon_explore.explore -- **************************************************
2021-04-30 15:37:06,590 INFO     test_ai_mod.carbon_initialization.initialization -- Random seed: 1619810803
2021-04-30 15:37:06,591 INFO     test_ai_mod.carbon_initialization.initialization -- ````````````````````````````````````````````````````````````````````````````````
2021-04-30 15:37:06,592 INFO     test_ai_mod.carbon_initialization.initialization --                   PACKAGE: com.chewy.android
2021-04-30 15:37:06,592 INFO     test_ai_mod.carbon_initialization.initialization -- ````````````````````````````````````````````````````````````````````````````````
2021-04-30 15:37:06,592 INFO     test_ai_mod.carbon_initialization.initialization -- platform: ANDROID
2021-04-30 15:37:06,592 INFO     test_ai_mod.carbon_initialization.initialization -- using crawl_directory: /Users/bot/test_ai/apps/7335e72d-27ee-428c-b81e-dde278a19ae3/builds/34758395-bb7c-4d64-b825-9bb667e2fc8a/crawls/20210430153706
2021-04-30 15:37:06,592 INFO     test_ai_mod.carbon_botio.bot_io -- retrieving bot IO for app: 7335e72d-27ee-428c-b81e-dde278a19ae3
2021-04-30 15:37:06,592 INFO     test_ai_mod.carbon_botio.bot_io -- ^^^^^^^^^^^^^^^^^^^^^^^^^^^^^^^^^^^^^^^^^^^^^^^^^^^^^^^^^^^^^^^^^^^^^^^^^^^^^^^^
2021-04-30 15:37:06,592 INFO     test_ai_mod.carbon_botio.bot_io -- botio_filepath: /Users/bot/test_ai/apps/7335e72d-27ee-428c-b81e-dde278a19ae3/lkg/botio.json
2021-04-30 15:37:06,592 INFO     test_ai_mod.carbon_botio.bot_io -- use_snapshot: False
2021-04-30 15:37:06,592 INFO     test_ai_mod.carbon_botio.bot_io -- no botIO found for app: 7335e72d-27ee-428c-b81e-dde278a19ae3
2021-04-30 15:37:06,593 INFO     test_ai_mod.carbon_utils.carbon_data -- loading models from LKG dir
2021-04-30 15:37:06,594 INFO     test_ai_mod.carbon_utils.carbon_data -- loading models from LKG dir
2021-04-30 15:37:06,594 INFO     test_ai_mod.carbon_explore.test_hooks -- Test case is None, no need for on_setup.
2021-04-30 15:37:06,594 INFO     test_ai_mod.carbon_utils.simulator_tools -- preparing clean iteration state...
2021-04-30 15:37:06,595 INFO     test_ai_mod.carbon_automation.automator -- Creating Automator Singleton
2021-04-30 15:37:06,595 INFO     test_ai_mod.carbon_automation.automator -- Using automator over http as execution platform
2021-04-30 15:37:09,218 INFO     test_ai_mod.carbon_automation.driver -- Screen density: 1.0
2021-04-30 15:37:09,218 INFO     test_ai_mod.carbon_utils.simulator_tools -- Launching app: com.chewy.android
2021-04-30 15:37:13,843 INFO     werkzeug -- 127.0.0.1 - - [30/Apr/2021 15:37:13] "[37mGET /api/v2/status HTTP/1.1[0m" 200 -
2021-04-30 15:37:17,574 INFO     test_ai_mod.carbon_initialization.initialization -- starting dom stability
2021-04-30 15:37:17,657 INFO     test_ai_mod.carbon_actions.carbon_actions -- Got new page source
2021-04-30 15:37:17,856 INFO     test_ai_mod.carbon_actions.carbon_actions -- Got new page source
2021-04-30 15:37:18,036 INFO     test_ai_mod.carbon_actions.carbon_actions -- Got new page source
2021-04-30 15:37:18,240 INFO     test_ai_mod.carbon_actions.carbon_actions -- Got new page source
2021-04-30 15:37:18,411 INFO     test_ai_mod.carbon_actions.carbon_actions -- Got new page source
2021-04-30 15:37:18,411 INFO     test_ai_mod.carbon_actions.carbon_actions -- Seen the same screen the max amount (5)
2021-04-30 15:37:18,411 INFO     test_ai_mod.carbon_actions.carbon_actions -- incrementing source count to: 1
2021-04-30 15:37:18,413 INFO     test_ai_mod.carbon_explore.explore_utils -- saving screenshot
2021-04-30 15:37:19,891 INFO     test_ai_mod.carbon_explore.explore_utils -- scn_shot_file_path: /Users/bot/test_ai/apps/7335e72d-27ee-428c-b81e-dde278a19ae3/builds/34758395-bb7c-4d64-b825-9bb667e2fc8a/crawls/20210430153706/tmp/runtime_labeling_screen.png
2021-04-30 15:37:28,821 INFO     werkzeug -- 127.0.0.1 - - [30/Apr/2021 15:37:28] "[37mGET /api/v2/status HTTP/1.1[0m" 200 -
2021-04-30 15:37:33,812 ERROR    test_ai_mod.carbon_automation.driver -- Unable to get active app package.
2021-04-30 15:37:33,814 INFO     test_ai_mod.carbon_initialization.initialization -- current package sent in as: com.chewy.android
2021-04-30 15:37:33,816 INFO     test_ai_mod.carbon_initialization.initialization -- ended dom stability
2021-04-30 15:37:33,825 INFO     test_ai_mod.carbon_explore.explore -- package is set to: com.chewy.android
2021-04-30 15:37:33,828 INFO     test_ai_mod.carbon_explore.explore -- ********************************************************************************
2021-04-30 15:37:33,829 INFO     test_ai_mod.carbon_explore.explore -- * TIMEOUT: None
2021-04-30 15:37:33,830 INFO     test_ai_mod.carbon_explore.explore -- * disable_bounceback: False
2021-04-30 15:37:33,831 INFO     test_ai_mod.carbon_explore.explore -- ********************************************************************************
2021-04-30 15:37:33,832 INFO     test_ai_mod.carbon_explore.explore -- getting walk queue
2021-04-30 15:37:33,833 INFO     test_ai_mod.carbon_explore.explore_utils -- getting xml_src
2021-04-30 15:37:34,073 INFO     test_ai_mod.carbon_explore.explore_utils -- getting screen_elems
2021-04-30 15:37:34,126 INFO     test_ai_mod.carbon_explore.explore_utils -- filtering elems - 11
2021-04-30 15:37:34,127 INFO     test_ai_mod.carbon_explore.explore_utils -- saving info - 11
2021-04-30 15:37:34,127 INFO     test_ai_mod.carbon_explore.explore_utils -- saving core elems iter: 0, step 0, save_dir: /Users/bot/test_ai/apps/7335e72d-27ee-428c-b81e-dde278a19ae3/builds/34758395-bb7c-4d64-b825-9bb667e2fc8a/crawls/20210430153706
2021-04-30 15:37:34,138 INFO     test_ai_mod.carbon_explore.explore -- got all screen info saved
2021-04-30 15:37:34,143 INFO     test_ai_mod.carbon_explore.explore_utils -- saving core elems iter: 0, step 0, save_dir: /Users/bot/test_ai/apps/7335e72d-27ee-428c-b81e-dde278a19ae3/builds/34758395-bb7c-4d64-b825-9bb667e2fc8a/crawls/20210430153706
2021-04-30 15:37:34,156 INFO     test_ai_mod.carbon_explore.result_storage -- LOG FILE PATH: /Users/bot/test_ai/apps/7335e72d-27ee-428c-b81e-dde278a19ae3/builds/34758395-bb7c-4d64-b825-9bb667e2fc8a/crawls/20210430153706/iter_00000_step_00000_logs.txt
2021-04-30 15:37:34,157 INFO     test_ai_mod.carbon_explore.result_storage -- ALL LOGS FILE PATH: /Users/bot/test_ai/apps/7335e72d-27ee-428c-b81e-dde278a19ae3/builds/34758395-bb7c-4d64-b825-9bb667e2fc8a/crawls/20210430153706/iter_00000_step_-0001_logs.txt
2021-04-30 15:37:34,296 INFO     test_ai_mod.carbon_explore.interactive -- Interactive explore -- start_interactive_loop starting.
2021-04-30 15:37:34,322 INFO     test_ai_mod.carbon_explore.interactive -- Interactive explore -- running initial auto label
2021-04-30 15:37:34,323 INFO     test_ai_mod.carbon_tasks.process_crawl_task -- processing crawl: 20210430153706 (app: 7335e72d-27ee-428c-b81e-dde278a19ae3, build: 34758395-bb7c-4d64-b825-9bb667e2fc8a)
2021-04-30 15:37:34,323 INFO     test_ai_mod.carbon_tasks.process_crawl_task -- processing screens for crawl
2021-04-30 15:37:34,453 INFO     test_ai_mod.carbon_tasks.process_crawl_task -- writing unique screens file
2021-04-30 15:37:34,453 INFO     test_ai_mod.carbon_tasks.process_crawl_task -- writing screen hash map
2021-04-30 15:37:34,454 INFO     test_ai_mod.carbon_tasks.process_crawl_task -- writing screen similarity file
2021-04-30 15:37:34,455 INFO     test_ai_mod.carbon_tasks.process_crawl_task -- processing elements for crawl
2021-04-30 15:37:34,456 INFO     test_ai_mod.carbon_tasks.process_crawl_task -- processing: iter_00000_step_00000_info.json
2021-04-30 15:37:35,045 INFO     test_ai_mod.carbon_tasks.process_crawl_task -- Writing unique tags file.
2021-04-30 15:37:35,046 INFO     test_ai_mod.carbon_tasks.process_crawl_task -- writing unique elems file
2021-04-30 15:37:35,046 INFO     test_ai_mod.carbon_tasks.process_crawl_task -- writing elem hash map
2021-04-30 15:37:35,048 INFO     test_ai_mod.carbon_tasks.process_crawl_task -- writing elem similarity file
2021-04-30 15:37:35,048 INFO     test_ai_mod.carbon_tasks.process_crawl_task -- generating labeler objects file for crawl (v0)
2021-04-30 15:37:35,050 INFO     test_ai_mod.carbon_tasks.process_crawl_task -- reconciling screens labeled at runtime
2021-04-30 15:37:35,050 INFO     test_ai_mod.carbon_tasks.process_crawl_task -- reconciling elements labeled at runtime
2021-04-30 15:37:35,052 INFO     test_ai_mod.carbon_tasks.generate_auto_labels_task -- generating auto labels for crawl: 20210430153706, app_id: 7335e72d-27ee-428c-b81e-dde278a19ae3, build_id: 34758395-bb7c-4d64-b825-9bb667e2fc8a
2021-04-30 15:37:35,053 INFO     test_ai_mod.carbon_dao.local_carbon_dao -- Getting build info: APP_ID: 7335e72d-27ee-428c-b81e-dde278a19ae3, BUILD_ID: 34758395-bb7c-4d64-b825-9bb667e2fc8a
2021-04-30 15:37:35,055 INFO     test_ai_mod.carbon_dao.local_carbon_dao -- Getting build info: APP_ID: 7335e72d-27ee-428c-b81e-dde278a19ae3, BUILD_ID: 34758395-bb7c-4d64-b825-9bb667e2fc8a
2021-04-30 15:37:35,056 INFO     test_ai_mod.carbon_dao.local_carbon_dao -- Getting build info: APP_ID: 7335e72d-27ee-428c-b81e-dde278a19ae3, BUILD_ID: 34758395-bb7c-4d64-b825-9bb667e2fc8a
2021-04-30 15:37:35,057 INFO     test_ai_mod.carbon_dao.local_carbon_dao -- Getting build info: APP_ID: 7335e72d-27ee-428c-b81e-dde278a19ae3, BUILD_ID: 34758395-bb7c-4d64-b825-9bb667e2fc8a
2021-04-30 15:37:35,058 INFO     test_ai_mod.carbon_dao.local_carbon_dao -- Getting build info: APP_ID: 7335e72d-27ee-428c-b81e-dde278a19ae3, BUILD_ID: 34758395-bb7c-4d64-b825-9bb667e2fc8a
2021-04-30 15:37:35,059 INFO     test_ai_mod.carbon_dao.local_carbon_dao -- Getting build info: APP_ID: 7335e72d-27ee-428c-b81e-dde278a19ae3, BUILD_ID: 34758395-bb7c-4d64-b825-9bb667e2fc8a
2021-04-30 15:37:35,060 INFO     test_ai_mod.carbon_dao.local_carbon_dao -- Getting build info: APP_ID: 7335e72d-27ee-428c-b81e-dde278a19ae3, BUILD_ID: 34758395-bb7c-4d64-b825-9bb667e2fc8a
2021-04-30 15:37:35,061 INFO     test_ai_mod.carbon_dao.local_carbon_dao -- Getting build info: APP_ID: 7335e72d-27ee-428c-b81e-dde278a19ae3, BUILD_ID: 34758395-bb7c-4d64-b825-9bb667e2fc8a
2021-04-30 15:37:35,063 INFO     test_ai_mod.carbon_dao.local_carbon_dao -- Getting build info: APP_ID: 7335e72d-27ee-428c-b81e-dde278a19ae3, BUILD_ID: 34758395-bb7c-4d64-b825-9bb667e2fc8a
2021-04-30 15:37:35,064 INFO     test_ai_mod.carbon_dao.local_carbon_dao -- Getting build info: APP_ID: 7335e72d-27ee-428c-b81e-dde278a19ae3, BUILD_ID: 34758395-bb7c-4d64-b825-9bb667e2fc8a
2021-04-30 15:37:35,125 INFO     test_ai_mod.carbon_tasks.generate_auto_labels_task -- writing merged, suggested labels to file: /Users/bot/test_ai/apps/7335e72d-27ee-428c-b81e-dde278a19ae3/builds/34758395-bb7c-4d64-b825-9bb667e2fc8a/crawls/20210430130456/labels/suggested_labels.json
2021-04-30 15:37:35,126 INFO     test_ai_mod.carbon_tasks.generate_auto_labels_task -- writing merged, suggested labels to file: /Users/bot/test_ai/apps/7335e72d-27ee-428c-b81e-dde278a19ae3/builds/34758395-bb7c-4d64-b825-9bb667e2fc8a/crawls/20210429134444/labels/suggested_labels.json
2021-04-30 15:37:35,128 INFO     test_ai_mod.carbon_tasks.generate_auto_labels_task -- writing merged, suggested labels to file: /Users/bot/test_ai/apps/7335e72d-27ee-428c-b81e-dde278a19ae3/builds/34758395-bb7c-4d64-b825-9bb667e2fc8a/crawls/20210430131251/labels/suggested_labels.json
2021-04-30 15:37:35,128 INFO     test_ai_mod.carbon_tasks.generate_auto_labels_task -- writing merged, suggested labels to file: /Users/bot/test_ai/apps/7335e72d-27ee-428c-b81e-dde278a19ae3/builds/34758395-bb7c-4d64-b825-9bb667e2fc8a/crawls/20210430133028/labels/suggested_labels.json
2021-04-30 15:37:35,156 INFO     test_ai_mod.carbon_tasks.generate_auto_labels_task -- writing merged, suggested labels to file: /Users/bot/test_ai/apps/7335e72d-27ee-428c-b81e-dde278a19ae3/builds/34758395-bb7c-4d64-b825-9bb667e2fc8a/crawls/20210429135642/labels/suggested_labels.json
2021-04-30 15:37:35,160 INFO     test_ai_mod.carbon_tasks.generate_auto_labels_task -- writing merged, suggested labels to file: /Users/bot/test_ai/apps/7335e72d-27ee-428c-b81e-dde278a19ae3/builds/34758395-bb7c-4d64-b825-9bb667e2fc8a/crawls/20210429135309/labels/suggested_labels.json
2021-04-30 15:37:35,165 INFO     test_ai_mod.carbon_tasks.generate_auto_labels_task -- writing merged, suggested labels to file: /Users/bot/test_ai/apps/7335e72d-27ee-428c-b81e-dde278a19ae3/builds/34758395-bb7c-4d64-b825-9bb667e2fc8a/crawls/20210429133652/labels/suggested_labels.json
2021-04-30 15:37:35,167 INFO     test_ai_mod.carbon_tasks.generate_auto_labels_task -- writing merged, suggested labels to file: /Users/bot/test_ai/apps/7335e72d-27ee-428c-b81e-dde278a19ae3/builds/34758395-bb7c-4d64-b825-9bb667e2fc8a/crawls/20210430131708/labels/suggested_labels.json
2021-04-30 15:37:35,169 INFO     test_ai_mod.carbon_tasks.generate_auto_labels_task -- writing merged, suggested labels to file: /Users/bot/test_ai/apps/7335e72d-27ee-428c-b81e-dde278a19ae3/builds/34758395-bb7c-4d64-b825-9bb667e2fc8a/crawls/20210430153706/labels/suggested_labels.json
2021-04-30 15:37:35,173 INFO     test_ai_mod.carbon_tasks.generate_auto_labels_task -- writing applied hashes to labels to file: /Users/bot/test_ai/apps/7335e72d-27ee-428c-b81e-dde278a19ae3/lkg/hashes_to_labels.json
2021-04-30 15:37:35,174 INFO     test_ai_mod.carbon_tasks.generate_auto_labels_task -- writing applied human readable to labels to file: /Users/bot/test_ai/apps/7335e72d-27ee-428c-b81e-dde278a19ae3/lkg/human_readable_to_labels.json
2021-04-30 15:37:35,175 INFO     test_ai_mod.carbon_tasks.generate_auto_labels_task -- writing label to hash dicts to file: /Users/bot/test_ai/apps/7335e72d-27ee-428c-b81e-dde278a19ae3/lkg/label_to_hash_dicts.json
2021-04-30 15:37:35,177 INFO     test_ai_mod.carbon_tasks.generate_auto_labels_task -- writing human readable to paths to file: /Users/bot/test_ai/apps/7335e72d-27ee-428c-b81e-dde278a19ae3/lkg/human_readable_to_paths.json
2021-04-30 15:37:35,178 INFO     test_ai_mod.carbon_classifiers.label_classifier_pipe -- Begin loading configured modules
2021-04-30 15:37:35,179 INFO     test_ai_mod.carbon_classifiers.carbon_classifier_v1.screen_classifier -- Loading ScreenClassifier
2021-04-30 15:37:35,179 INFO     test_ai_mod.carbon_classifiers.template_matching.app_specific_template_matcher -- Loading AppSpecificTemplateMatcher
2021-04-30 15:37:35,179 INFO     test_ai_mod.carbon_classifiers.perceptual.nn_classifier -- Loading NNClassifier
2021-04-30 15:37:35,179 INFO     test_ai_mod.carbon_classifiers.template_matching.template_matching_classifier -- Loading TemplateMatchingClassifier
2021-04-30 15:37:35,180 WARNING  test_ai_mod.carbon_classifiers.template_matching.template_matching_classifier -- No template director exists at /Users/bot/test_ai/templates
2021-04-30 15:37:35,180 INFO     test_ai_mod.carbon_classifiers.general_classifier_v1.general_classifier -- Initializing general classifiers
2021-04-30 15:37:35,181 INFO     test_ai_mod.carbon_classifiers.general_classifier_v1.general_classifier -- loading classifier data: SCREENS, from path: /Users/bot/Desktop/test_ai_v2.7.0.app/Contents/MacOS/SCREENS.unenc
2021-04-30 15:37:37,461 INFO     test_ai_mod.carbon_classifiers.general_classifier_v1.general_classifier -- Loaded SCREENS classifiers, 2.28053283691
2021-04-30 15:37:37,461 INFO     test_ai_mod.carbon_classifiers.general_classifier_v1.general_classifier -- loading classifier data: ELEM_IMAGES, from path: /Users/bot/Desktop/test_ai_v2.7.0.app/Contents/MacOS/ELEM_IMAGES.unenc
2021-04-30 15:37:37,849 INFO     test_ai_mod.carbon_classifiers.general_classifier_v1.general_classifier -- Loaded ELEM_IMAGES classifiers, 0.388532876968
2021-04-30 15:37:37,850 INFO     test_ai_mod.carbon_classifiers.general_classifier_v1.general_classifier -- loading classifier data: IMAGENET, from path: /Users/bot/Desktop/test_ai_v2.7.0.app/Contents/MacOS/IMAGENET.unenc
2021-04-30 15:37:38,831 INFO     test_ai_mod.carbon_classifiers.general_classifier_v1.general_classifier -- Loaded IMAGENET classifiers, 0.981215000153
2021-04-30 15:37:40,824 INFO     test_ai_mod.carbon_classifiers.general_classifier_v1.general_classifier -- Finished general classification load attempt: 0.981215000153
2021-04-30 15:37:40,863 INFO     test_ai_mod.carbon_classifiers.http_classifier.http_classifier -- Loaded Http Classifier for ""
2021-04-30 15:37:40,864 INFO     test_ai_mod.carbon_tasks.generate_auto_labels_task -- classifying 1 unique screens
2021-04-30 15:37:40,864 INFO     test_ai_mod.carbon_utils.carbon_data -- loading models from LKG dir
2021-04-30 15:37:40,865 INFO     test_ai_mod.carbon_utils.carbon_data -- loading models from LKG dir
2021-04-30 15:37:40,865 INFO     test_ai_mod.carbon_classifiers.label_classifier_pipe -- Begin labeling elements
2021-04-30 15:37:40,880 INFO     test_ai_mod.carbon_classifiers.template_matching.app_specific_template_matcher -- Classifying screen with AppSpecificTemplateMatcher
2021-04-30 15:37:40,880 INFO     test_ai_mod.carbon_classifiers.perceptual.nn_classifier -- Classifying screen with NNClassifier
2021-04-30 15:37:40,911 INFO     test_ai_mod.carbon_classifiers.label_classifier_pipe -- End labeling elements: Time taken 0.045608997345 seconds
2021-04-30 15:37:40,911 INFO     test_ai_mod.carbon_tasks.generate_auto_labels_task -- classifying 11 unique elems
2021-04-30 15:37:40,912 INFO     test_ai_mod.carbon_utils.carbon_data -- loading models from LKG dir
2021-04-30 15:37:40,912 INFO     test_ai_mod.carbon_utils.carbon_data -- loading models from LKG dir
2021-04-30 15:37:40,913 INFO     test_ai_mod.carbon_classifiers.label_classifier_pipe -- Begin labeling elements
2021-04-30 15:37:40,919 INFO     test_ai_mod.carbon_classifiers.template_matching.app_specific_template_matcher -- Classifying screen with AppSpecificTemplateMatcher
2021-04-30 15:37:40,919 INFO     test_ai_mod.carbon_classifiers.perceptual.nn_classifier -- Classifying screen with NNClassifier
2021-04-30 15:37:41,040 INFO     test_ai_mod.carbon_classifiers.label_classifier_pipe -- End labeling elements: Time taken 0.126914978027 seconds
2021-04-30 15:37:41,041 INFO     test_ai_mod.carbon_tasks.generate_auto_labels_task -- writing merged, suggested labels to file: /Users/bot/test_ai/apps/7335e72d-27ee-428c-b81e-dde278a19ae3/builds/34758395-bb7c-4d64-b825-9bb667e2fc8a/crawls/20210430153706/labels/suggested_labels.json
2021-04-30 15:37:41,042 INFO     test_ai_mod.carbon_explore.interactive -- 


[32;1mCarbon Interactive Crawling Session Starting...
Please make sure you are running the test.ai GUI (./test.ai -d).
Once the GUI is running, please visit [34mhttp://localhost:5000[32;1m.
To access the interactive session, select the correct app, and click on "Live Labeling".

[0m
2021-04-30 15:37:44,414 INFO     test_ai_mod.carbon_explore.interactive -- Interactive explore -- status -- start
2021-04-30 15:37:44,414 INFO     test_ai_mod.carbon_explore.interactive -- Interactive explore -- status -- end
2021-04-30 15:37:44,465 INFO     test_ai_mod.carbon_explore.interactive -- Interactive explore -- get_crawls(android, 7335e72d-27ee-428c-b81e-dde278a19ae3) -- start
2021-04-30 15:37:44,466 INFO     test_ai_mod.carbon_explore.interactive -- Interactive explore -- get_crawls(android, 7335e72d-27ee-428c-b81e-dde278a19ae3) -- end
2021-04-30 15:37:44,467 INFO     test_ai_mod.carbon_dao.local_carbon_dao -- Getting build info: APP_ID: 7335e72d-27ee-428c-b81e-dde278a19ae3, BUILD_ID: 34758395-bb7c-4d64-b825-9bb667e2fc8a
2021-04-30 15:37:44,548 INFO     test_ai_mod.carbon_explore.interactive -- Interactive explore -- get_labeler_objects -- start
2021-04-30 15:37:44,548 INFO     test_ai_mod.carbon_explore.interactive -- Interactive explore -- Processing crawl interactively 20210430153706
2021-04-30 15:37:44,548 INFO     test_ai_mod.carbon_tasks.process_crawl_task -- processing crawl: 20210430153706 (app: 7335e72d-27ee-428c-b81e-dde278a19ae3, build: 34758395-bb7c-4d64-b825-9bb667e2fc8a)
2021-04-30 15:37:44,548 INFO     test_ai_mod.carbon_tasks.process_crawl_task -- processing screens for crawl
2021-04-30 15:37:44,628 INFO     test_ai_mod.carbon_tasks.process_crawl_task -- writing unique screens file
2021-04-30 15:37:44,629 INFO     test_ai_mod.carbon_tasks.process_crawl_task -- writing screen hash map
2021-04-30 15:37:44,630 INFO     test_ai_mod.carbon_tasks.process_crawl_task -- writing screen similarity file
2021-04-30 15:37:44,631 INFO     test_ai_mod.carbon_tasks.process_crawl_task -- processing elements for crawl
2021-04-30 15:37:44,631 INFO     test_ai_mod.carbon_tasks.process_crawl_task -- skipping already processed: iter_00000_step_00000_info.json
2021-04-30 15:37:44,787 INFO     test_ai_mod.carbon_tasks.process_crawl_task -- Writing unique tags file.
2021-04-30 15:37:44,795 INFO     test_ai_mod.carbon_tasks.process_crawl_task -- writing unique elems file
2021-04-30 15:37:44,795 INFO     test_ai_mod.carbon_tasks.process_crawl_task -- writing elem hash map
2021-04-30 15:37:44,796 INFO     test_ai_mod.carbon_tasks.process_crawl_task -- writing elem similarity file
2021-04-30 15:37:44,797 INFO     test_ai_mod.carbon_tasks.process_crawl_task -- generating labeler objects file for crawl (v0)
2021-04-30 15:37:44,798 INFO     test_ai_mod.carbon_tasks.process_crawl_task -- reconciling screens labeled at runtime
2021-04-30 15:37:44,798 INFO     test_ai_mod.carbon_tasks.process_crawl_task -- reconciling elements labeled at runtime
2021-04-30 15:37:44,799 INFO     test_ai_mod.carbon_explore.interactive -- Interactive explore -- Generating labels using hash information 20210430153706
2021-04-30 15:37:44,800 INFO     test_ai_mod.carbon_explore.interactive -- Interactive explore -- get_labeler_objects -- end
2021-04-30 15:37:44,845 INFO     test_ai_mod.carbon_dao.local_carbon_dao -- Getting build info: APP_ID: 7335e72d-27ee-428c-b81e-dde278a19ae3, BUILD_ID: 34758395-bb7c-4d64-b825-9bb667e2fc8a
2021-04-30 15:37:44,860 INFO     test_ai_mod.carbon_dao.local_carbon_dao -- Getting build info: APP_ID: 7335e72d-27ee-428c-b81e-dde278a19ae3, BUILD_ID: 34758395-bb7c-4d64-b825-9bb667e2fc8a
2021-04-30 15:37:45,048 INFO     test_ai_mod.carbon_dao.local_carbon_dao -- Getting build info: APP_ID: 7335e72d-27ee-428c-b81e-dde278a19ae3, BUILD_ID: 34758395-bb7c-4d64-b825-9bb667e2fc8a
2021-04-30 15:37:59,371 INFO     test_ai_mod.carbon_explore.interactive -- Interactive explore -- status -- start
2021-04-30 15:37:59,372 INFO     test_ai_mod.carbon_explore.interactive -- Interactive explore -- status -- end
2021-04-30 15:38:14,374 INFO     test_ai_mod.carbon_explore.interactive -- Interactive explore -- status -- start
2021-04-30 15:38:14,375 INFO     test_ai_mod.carbon_explore.interactive -- Interactive explore -- status -- end
2021-04-30 15:38:29,370 INFO     test_ai_mod.carbon_explore.interactive -- Interactive explore -- status -- start
2021-04-30 15:38:29,370 INFO     test_ai_mod.carbon_explore.interactive -- Interactive explore -- status -- end
2021-04-30 15:38:44,370 INFO     test_ai_mod.carbon_explore.interactive -- Interactive explore -- status -- start
2021-04-30 15:38:44,370 INFO     test_ai_mod.carbon_explore.interactive -- Interactive explore -- status -- end
2021-04-30 15:38:59,373 INFO     test_ai_mod.carbon_explore.interactive -- Interactive explore -- status -- start
2021-04-30 15:38:59,373 INFO     test_ai_mod.carbon_explore.interactive -- Interactive explore -- status -- end
2021-04-30 15:39:14,392 INFO     test_ai_mod.carbon_explore.interactive -- Interactive explore -- status -- start
2021-04-30 15:39:14,392 INFO     test_ai_mod.carbon_explore.interactive -- Interactive explore -- status -- end
2021-04-30 15:39:29,370 INFO     test_ai_mod.carbon_explore.interactive -- Interactive explore -- status -- start
2021-04-30 15:39:29,370 INFO     test_ai_mod.carbon_explore.interactive -- Interactive explore -- status -- end
2021-04-30 15:39:44,371 INFO     test_ai_mod.carbon_explore.interactive -- Interactive explore -- status -- start
2021-04-30 15:39:44,372 INFO     test_ai_mod.carbon_explore.interactive -- Interactive explore -- status -- end
2021-04-30 15:39:53,804 INFO     test_ai_mod.labeler.v1.crawls -- elem image requested, crawl: 20210430153706, filename: iter_00000_step_00000_10_android.view.View.png
2021-04-30 15:39:53,809 INFO     test_ai_mod.carbon_dao.local_carbon_dao -- Getting build info: APP_ID: 7335e72d-27ee-428c-b81e-dde278a19ae3, BUILD_ID: 34758395-bb7c-4d64-b825-9bb667e2fc8a
2021-04-30 15:39:53,817 INFO     test_ai_mod.labeler.v1.crawls -- resolved to: /Users/bot/test_ai/apps/7335e72d-27ee-428c-b81e-dde278a19ae3/builds/34758395-bb7c-4d64-b825-9bb667e2fc8a/crawls/20210430153706/elems/iter_00000_step_00000_10_android.view.View.png
2021-04-30 15:39:56,034 INFO     test_ai_mod.labeler.v1.crawls -- elem image requested, crawl: 20210430153706, filename: iter_00000_step_00000_screenshot.png
2021-04-30 15:39:56,035 INFO     test_ai_mod.carbon_dao.local_carbon_dao -- Getting build info: APP_ID: 7335e72d-27ee-428c-b81e-dde278a19ae3, BUILD_ID: 34758395-bb7c-4d64-b825-9bb667e2fc8a
2021-04-30 15:39:56,036 INFO     test_ai_mod.labeler.v1.crawls -- resolved to: /Users/bot/test_ai/apps/7335e72d-27ee-428c-b81e-dde278a19ae3/builds/34758395-bb7c-4d64-b825-9bb667e2fc8a/crawls/20210430153706/screens/iter_00000_step_00000_screenshot.png
2021-04-30 15:39:58,813 INFO     test_ai_mod.carbon_explore.interactive -- Interactive explore -- status -- start
2021-04-30 15:39:58,813 INFO     test_ai_mod.carbon_explore.interactive -- Interactive explore -- status -- end
2021-04-30 15:40:13,811 INFO     test_ai_mod.carbon_explore.interactive -- Interactive explore -- status -- start
2021-04-30 15:40:13,812 INFO     test_ai_mod.carbon_explore.interactive -- Interactive explore -- status -- end
2021-04-30 15:40:28,817 INFO     test_ai_mod.carbon_explore.interactive -- Interactive explore -- status -- start
2021-04-30 15:40:28,817 INFO     test_ai_mod.carbon_explore.interactive -- Interactive explore -- status -- end
2021-04-30 15:40:43,811 INFO     test_ai_mod.carbon_explore.interactive -- Interactive explore -- status -- start
2021-04-30 15:40:43,812 INFO     test_ai_mod.carbon_explore.interactive -- Interactive explore -- status -- end
2021-04-30 15:40:45,457 INFO     test_ai_mod.carbon_explore.interactive -- Interactive explore -- get_crawls(android, 7335e72d-27ee-428c-b81e-dde278a19ae3) -- start
2021-04-30 15:40:45,459 INFO     test_ai_mod.carbon_explore.interactive -- Interactive explore -- get_crawls(android, 7335e72d-27ee-428c-b81e-dde278a19ae3) -- end
2021-04-30 15:40:45,499 INFO     test_ai_mod.carbon_explore.interactive -- Interactive explore -- status -- start
2021-04-30 15:40:45,500 INFO     test_ai_mod.carbon_explore.interactive -- Interactive explore -- status -- end
2021-04-30 15:40:45,550 INFO     test_ai_mod.carbon_dao.local_carbon_dao -- Getting build info: APP_ID: 7335e72d-27ee-428c-b81e-dde278a19ae3, BUILD_ID: 34758395-bb7c-4d64-b825-9bb667e2fc8a
2021-04-30 15:40:45,576 INFO     test_ai_mod.carbon_explore.interactive -- Interactive explore -- get_labeler_objects -- start
2021-04-30 15:40:45,644 INFO     test_ai_mod.carbon_dao.local_carbon_dao -- Getting build info: APP_ID: 7335e72d-27ee-428c-b81e-dde278a19ae3, BUILD_ID: 34758395-bb7c-4d64-b825-9bb667e2fc8a
2021-04-30 15:40:45,655 INFO     test_ai_mod.carbon_dao.local_carbon_dao -- Getting build info: APP_ID: 7335e72d-27ee-428c-b81e-dde278a19ae3, BUILD_ID: 34758395-bb7c-4d64-b825-9bb667e2fc8a
2021-04-30 15:40:45,656 INFO     test_ai_mod.carbon_dao.local_carbon_dao -- Getting build info: APP_ID: 7335e72d-27ee-428c-b81e-dde278a19ae3, BUILD_ID: 34758395-bb7c-4d64-b825-9bb667e2fc8a
2021-04-30 15:40:45,679 INFO     test_ai_mod.labeler.v1.crawls -- elem image requested, crawl: 20210430153706, filename: iter_00000_step_00000_5_androidx.drawerlayout.widget.DrawerLayout.png
2021-04-30 15:40:45,680 INFO     test_ai_mod.labeler.v1.crawls -- elem image requested, crawl: 20210430153706, filename: iter_00000_step_00000_9_android.widget.ProgressBar.png
2021-04-30 15:40:45,682 INFO     test_ai_mod.labeler.v1.crawls -- elem image requested, crawl: 20210430153706, filename: iter_00000_step_00000_7_android.widget.FrameLayout.png
2021-04-30 15:40:45,683 INFO     test_ai_mod.labeler.v1.crawls -- elem image requested, crawl: 20210430153706, filename: iter_00000_step_00000_1_android.widget.LinearLayout.png
2021-04-30 15:40:45,676 INFO     test_ai_mod.labeler.v1.crawls -- elem image requested, crawl: 20210430153706, filename: iter_00000_step_00000_0_android.widget.FrameLayout.png
2021-04-30 15:40:45,683 INFO     test_ai_mod.carbon_dao.local_carbon_dao -- Getting build info: APP_ID: 7335e72d-27ee-428c-b81e-dde278a19ae3, BUILD_ID: 34758395-bb7c-4d64-b825-9bb667e2fc8a
2021-04-30 15:40:45,685 INFO     test_ai_mod.carbon_dao.local_carbon_dao -- Getting build info: APP_ID: 7335e72d-27ee-428c-b81e-dde278a19ae3, BUILD_ID: 34758395-bb7c-4d64-b825-9bb667e2fc8a
2021-04-30 15:40:45,686 INFO     test_ai_mod.carbon_dao.local_carbon_dao -- Getting build info: APP_ID: 7335e72d-27ee-428c-b81e-dde278a19ae3, BUILD_ID: 34758395-bb7c-4d64-b825-9bb667e2fc8a
2021-04-30 15:40:45,686 INFO     test_ai_mod.carbon_dao.local_carbon_dao -- Getting build info: APP_ID: 7335e72d-27ee-428c-b81e-dde278a19ae3, BUILD_ID: 34758395-bb7c-4d64-b825-9bb667e2fc8a
2021-04-30 15:40:45,686 INFO     test_ai_mod.labeler.v1.crawls -- resolved to: /Users/bot/test_ai/apps/7335e72d-27ee-428c-b81e-dde278a19ae3/builds/34758395-bb7c-4d64-b825-9bb667e2fc8a/crawls/20210430153706/elems/iter_00000_step_00000_5_androidx.drawerlayout.widget.DrawerLayout.png
2021-04-30 15:40:45,686 INFO     test_ai_mod.carbon_dao.local_carbon_dao -- Getting build info: APP_ID: 7335e72d-27ee-428c-b81e-dde278a19ae3, BUILD_ID: 34758395-bb7c-4d64-b825-9bb667e2fc8a
2021-04-30 15:40:45,687 INFO     test_ai_mod.labeler.v1.crawls -- resolved to: /Users/bot/test_ai/apps/7335e72d-27ee-428c-b81e-dde278a19ae3/builds/34758395-bb7c-4d64-b825-9bb667e2fc8a/crawls/20210430153706/elems/iter_00000_step_00000_7_android.widget.FrameLayout.png
2021-04-30 15:40:45,689 INFO     test_ai_mod.labeler.v1.crawls -- resolved to: /Users/bot/test_ai/apps/7335e72d-27ee-428c-b81e-dde278a19ae3/builds/34758395-bb7c-4d64-b825-9bb667e2fc8a/crawls/20210430153706/elems/iter_00000_step_00000_9_android.widget.ProgressBar.png
2021-04-30 15:40:45,690 INFO     test_ai_mod.labeler.v1.crawls -- resolved to: /Users/bot/test_ai/apps/7335e72d-27ee-428c-b81e-dde278a19ae3/builds/34758395-bb7c-4d64-b825-9bb667e2fc8a/crawls/20210430153706/elems/iter_00000_step_00000_0_android.widget.FrameLayout.png
2021-04-30 15:40:45,691 INFO     test_ai_mod.labeler.v1.crawls -- resolved to: /Users/bot/test_ai/apps/7335e72d-27ee-428c-b81e-dde278a19ae3/builds/34758395-bb7c-4d64-b825-9bb667e2fc8a/crawls/20210430153706/elems/iter_00000_step_00000_1_android.widget.LinearLayout.png
2021-04-30 15:40:49,422 INFO     test_ai_mod.carbon_explore.interactive -- Interactive explore -- status -- start
2021-04-30 15:40:49,423 INFO     test_ai_mod.carbon_explore.interactive -- Interactive explore -- status -- end
2021-04-30 15:40:49,431 INFO     test_ai_mod.carbon_explore.interactive -- Interactive explore -- status -- start
2021-04-30 15:40:49,431 INFO     test_ai_mod.carbon_explore.interactive -- Interactive explore -- status -- end
2021-04-30 15:40:49,432 INFO     root -- Stopping interactive crawl.
2021-04-30 15:40:49,437 INFO     test_ai_mod.carbon_explore.interactive -- Interactive explore -- stop -- start
2021-04-30 15:40:49,437 INFO     test_ai_mod.carbon_explore.interactive -- Interactive explore -- stop -- stop
2021-04-30 15:40:50,023 INFO     test_ai_mod.carbon_explore.explore_hook -- Explore hook -- apply_deferred_runtime_labels starting.
2021-04-30 15:40:50,025 INFO     test_ai_mod.carbon_explore.explore_hook -- Explore hook -- apply_deferred_runtime_labels completed.
2021-04-30 15:40:50,026 INFO     test_ai_mod.carbon_explore.interactive -- Interactive explore -- start_interactive_loop completed.
2021-04-30 15:40:50,026 INFO     test_ai_mod.carbon_explore.explore -- performing post-walk cleanup
2021-04-30 15:40:50,282 INFO     test_ai_mod.carbon_utils.simulator_tools -- performing post-test cleanup
2021-04-30 15:40:50,283 INFO     test_ai_mod.carbon_utils.simulator_tools -- calling driver.quit
2021-04-30 15:40:50,299 INFO     test_ai_mod.carbon_explore.explore -- iteration completed: 0
2021-04-30 15:40:50,299 INFO     test_ai_mod.carbon_tasks.crawl_build_task -- walk: 1 - succeeded
2021-04-30 15:40:50,300 INFO     test_ai_mod.carbon_tasks.crawl_build_task -- Handling crawl stop request.
2021-04-30 15:40:50,303 INFO     test_ai_mod.carbon_dao.local_carbon_dao -- Getting build info: APP_ID: 7335e72d-27ee-428c-b81e-dde278a19ae3, BUILD_ID: 34758395-bb7c-4d64-b825-9bb667e2fc8a
2021-04-30 15:40:50,307 INFO     test_ai_mod.carbon_dao.local_carbon_dao -- Getting build info: APP_ID: 7335e72d-27ee-428c-b81e-dde278a19ae3, BUILD_ID: 34758395-bb7c-4d64-b825-9bb667e2fc8a
2021-04-30 15:40:50,309 INFO     test_ai_mod.carbon_dao.local_carbon_dao -- Getting build info: APP_ID: 7335e72d-27ee-428c-b81e-dde278a19ae3, BUILD_ID: 34758395-bb7c-4d64-b825-9bb667e2fc8a
2021-04-30 15:40:50,314 INFO     test_ai_mod.carbon_dao.local_carbon_dao -- Getting build info: APP_ID: 7335e72d-27ee-428c-b81e-dde278a19ae3, BUILD_ID: 34758395-bb7c-4d64-b825-9bb667e2fc8a
2021-04-30 15:40:50,316 INFO     test_ai_mod.carbon_dao.local_carbon_dao -- Getting build info: APP_ID: 7335e72d-27ee-428c-b81e-dde278a19ae3, BUILD_ID: 34758395-bb7c-4d64-b825-9bb667e2fc8a
2021-04-30 15:40:50,318 INFO     test_ai_mod.carbon_dao.local_carbon_dao -- Getting build info: APP_ID: 7335e72d-27ee-428c-b81e-dde278a19ae3, BUILD_ID: 34758395-bb7c-4d64-b825-9bb667e2fc8a
2021-04-30 15:40:50,319 INFO     test_ai_mod.carbon_dao.local_carbon_dao -- Getting build info: APP_ID: 7335e72d-27ee-428c-b81e-dde278a19ae3, BUILD_ID: 34758395-bb7c-4d64-b825-9bb667e2fc8a
2021-04-30 15:40:50,320 INFO     test_ai_mod.carbon_dao.local_carbon_dao -- Getting build info: APP_ID: 7335e72d-27ee-428c-b81e-dde278a19ae3, BUILD_ID: 34758395-bb7c-4d64-b825-9bb667e2fc8a
2021-04-30 15:40:50,320 INFO     test_ai_mod.carbon_dao.local_carbon_dao -- Getting build info: APP_ID: 7335e72d-27ee-428c-b81e-dde278a19ae3, BUILD_ID: 34758395-bb7c-4d64-b825-9bb667e2fc8a
2021-04-30 15:40:50,321 INFO     test_ai_mod.carbon_dao.local_carbon_dao -- Getting build info: APP_ID: 7335e72d-27ee-428c-b81e-dde278a19ae3, BUILD_ID: 34758395-bb7c-4d64-b825-9bb667e2fc8a
2021-04-30 15:40:50,322 INFO     test_ai_mod.carbon_tasks.process_crawl_task -- processing crawl: 20210430153706 (app: 7335e72d-27ee-428c-b81e-dde278a19ae3, build: 34758395-bb7c-4d64-b825-9bb667e2fc8a)
2021-04-30 15:40:50,322 INFO     test_ai_mod.carbon_tasks.process_crawl_task -- processing screens for crawl
2021-04-30 15:40:50,413 INFO     test_ai_mod.carbon_tasks.process_crawl_task -- writing unique screens file
2021-04-30 15:40:50,416 INFO     test_ai_mod.carbon_tasks.process_crawl_task -- writing screen hash map
2021-04-30 15:40:50,418 INFO     test_ai_mod.carbon_tasks.process_crawl_task -- writing screen similarity file
2021-04-30 15:40:50,418 INFO     test_ai_mod.carbon_tasks.process_crawl_task -- processing elements for crawl
2021-04-30 15:40:50,419 INFO     test_ai_mod.carbon_tasks.process_crawl_task -- skipping already processed: iter_00000_step_00000_info.json
2021-04-30 15:40:50,578 INFO     test_ai_mod.carbon_tasks.process_crawl_task -- Writing unique tags file.
2021-04-30 15:40:50,578 INFO     test_ai_mod.carbon_tasks.process_crawl_task -- writing unique elems file
2021-04-30 15:40:50,578 INFO     test_ai_mod.carbon_tasks.process_crawl_task -- writing elem hash map
2021-04-30 15:40:50,580 INFO     test_ai_mod.carbon_tasks.process_crawl_task -- writing elem similarity file
2021-04-30 15:40:50,580 INFO     test_ai_mod.carbon_tasks.process_crawl_task -- generating and saving feature data for crawl
2021-04-30 15:40:50,581 INFO     test_ai_mod.carbon_tasks.generate_feature_data_task -- generating feature data for crawl: 20210430153706, app_id: 7335e72d-27ee-428c-b81e-dde278a19ae3, build_id: 34758395-bb7c-4d64-b825-9bb667e2fc8a
2021-04-30 15:40:50,582 INFO     test_ai_mod.carbon_tasks.generate_feature_data_task -- generating screen feature data
2021-04-30 15:40:50,764 INFO     test_ai_mod.carbon_tasks.generate_feature_data_task -- saving screen feature data
2021-04-30 15:40:50,766 INFO     test_ai_mod.carbon_tasks.process_crawl_task -- generating labeler objects file for crawl (v0)
2021-04-30 15:40:50,768 INFO     test_ai_mod.carbon_tasks.process_crawl_task -- reconciling screens labeled at runtime
2021-04-30 15:40:50,768 INFO     test_ai_mod.carbon_tasks.process_crawl_task -- reconciling elements labeled at runtime
2021-04-30 15:40:50,771 INFO     test_ai_mod.carbon_tasks.generate_auto_labels_task -- generating auto labels for crawl: 20210430153706, app_id: 7335e72d-27ee-428c-b81e-dde278a19ae3, build_id: 34758395-bb7c-4d64-b825-9bb667e2fc8a
2021-04-30 15:40:50,772 INFO     test_ai_mod.carbon_dao.local_carbon_dao -- Getting build info: APP_ID: 7335e72d-27ee-428c-b81e-dde278a19ae3, BUILD_ID: 34758395-bb7c-4d64-b825-9bb667e2fc8a
2021-04-30 15:40:50,773 INFO     test_ai_mod.carbon_dao.local_carbon_dao -- Getting build info: APP_ID: 7335e72d-27ee-428c-b81e-dde278a19ae3, BUILD_ID: 34758395-bb7c-4d64-b825-9bb667e2fc8a
2021-04-30 15:40:50,774 INFO     test_ai_mod.carbon_dao.local_carbon_dao -- Getting build info: APP_ID: 7335e72d-27ee-428c-b81e-dde278a19ae3, BUILD_ID: 34758395-bb7c-4d64-b825-9bb667e2fc8a
2021-04-30 15:40:50,775 INFO     test_ai_mod.carbon_dao.local_carbon_dao -- Getting build info: APP_ID: 7335e72d-27ee-428c-b81e-dde278a19ae3, BUILD_ID: 34758395-bb7c-4d64-b825-9bb667e2fc8a
2021-04-30 15:40:50,776 INFO     test_ai_mod.carbon_dao.local_carbon_dao -- Getting build info: APP_ID: 7335e72d-27ee-428c-b81e-dde278a19ae3, BUILD_ID: 34758395-bb7c-4d64-b825-9bb667e2fc8a
2021-04-30 15:40:50,776 INFO     test_ai_mod.carbon_dao.local_carbon_dao -- Getting build info: APP_ID: 7335e72d-27ee-428c-b81e-dde278a19ae3, BUILD_ID: 34758395-bb7c-4d64-b825-9bb667e2fc8a
2021-04-30 15:40:50,777 INFO     test_ai_mod.carbon_dao.local_carbon_dao -- Getting build info: APP_ID: 7335e72d-27ee-428c-b81e-dde278a19ae3, BUILD_ID: 34758395-bb7c-4d64-b825-9bb667e2fc8a
2021-04-30 15:40:50,777 INFO     test_ai_mod.carbon_dao.local_carbon_dao -- Getting build info: APP_ID: 7335e72d-27ee-428c-b81e-dde278a19ae3, BUILD_ID: 34758395-bb7c-4d64-b825-9bb667e2fc8a
2021-04-30 15:40:50,778 INFO     test_ai_mod.carbon_dao.local_carbon_dao -- Getting build info: APP_ID: 7335e72d-27ee-428c-b81e-dde278a19ae3, BUILD_ID: 34758395-bb7c-4d64-b825-9bb667e2fc8a
2021-04-30 15:40:50,779 INFO     test_ai_mod.carbon_dao.local_carbon_dao -- Getting build info: APP_ID: 7335e72d-27ee-428c-b81e-dde278a19ae3, BUILD_ID: 34758395-bb7c-4d64-b825-9bb667e2fc8a
2021-04-30 15:40:50,833 INFO     test_ai_mod.carbon_tasks.generate_auto_labels_task -- writing merged, suggested labels to file: /Users/bot/test_ai/apps/7335e72d-27ee-428c-b81e-dde278a19ae3/builds/34758395-bb7c-4d64-b825-9bb667e2fc8a/crawls/20210429134444/labels/suggested_labels.json
2021-04-30 15:40:50,834 INFO     test_ai_mod.carbon_tasks.generate_auto_labels_task -- writing merged, suggested labels to file: /Users/bot/test_ai/apps/7335e72d-27ee-428c-b81e-dde278a19ae3/builds/34758395-bb7c-4d64-b825-9bb667e2fc8a/crawls/20210430131251/labels/suggested_labels.json
2021-04-30 15:40:50,834 INFO     test_ai_mod.carbon_tasks.generate_auto_labels_task -- writing merged, suggested labels to file: /Users/bot/test_ai/apps/7335e72d-27ee-428c-b81e-dde278a19ae3/builds/34758395-bb7c-4d64-b825-9bb667e2fc8a/crawls/20210430130456/labels/suggested_labels.json
2021-04-30 15:40:50,835 INFO     test_ai_mod.carbon_tasks.generate_auto_labels_task -- writing merged, suggested labels to file: /Users/bot/test_ai/apps/7335e72d-27ee-428c-b81e-dde278a19ae3/builds/34758395-bb7c-4d64-b825-9bb667e2fc8a/crawls/20210430133028/labels/suggested_labels.json
2021-04-30 15:40:50,839 INFO     test_ai_mod.carbon_tasks.generate_auto_labels_task -- writing merged, suggested labels to file: /Users/bot/test_ai/apps/7335e72d-27ee-428c-b81e-dde278a19ae3/builds/34758395-bb7c-4d64-b825-9bb667e2fc8a/crawls/20210429133652/labels/suggested_labels.json
2021-04-30 15:40:50,853 INFO     test_ai_mod.carbon_tasks.generate_auto_labels_task -- writing merged, suggested labels to file: /Users/bot/test_ai/apps/7335e72d-27ee-428c-b81e-dde278a19ae3/builds/34758395-bb7c-4d64-b825-9bb667e2fc8a/crawls/20210429135309/labels/suggested_labels.json
2021-04-30 15:40:50,854 INFO     test_ai_mod.carbon_tasks.generate_auto_labels_task -- writing merged, suggested labels to file: /Users/bot/test_ai/apps/7335e72d-27ee-428c-b81e-dde278a19ae3/builds/34758395-bb7c-4d64-b825-9bb667e2fc8a/crawls/20210429135642/labels/suggested_labels.json
2021-04-30 15:40:50,854 INFO     test_ai_mod.carbon_tasks.generate_auto_labels_task -- writing merged, suggested labels to file: /Users/bot/test_ai/apps/7335e72d-27ee-428c-b81e-dde278a19ae3/builds/34758395-bb7c-4d64-b825-9bb667e2fc8a/crawls/20210430131708/labels/suggested_labels.json
2021-04-30 15:40:50,855 INFO     test_ai_mod.carbon_tasks.generate_auto_labels_task -- writing merged, suggested labels to file: /Users/bot/test_ai/apps/7335e72d-27ee-428c-b81e-dde278a19ae3/builds/34758395-bb7c-4d64-b825-9bb667e2fc8a/crawls/20210430153706/labels/suggested_labels.json
2021-04-30 15:40:50,894 INFO     test_ai_mod.carbon_tasks.generate_auto_labels_task -- writing applied hashes to labels to file: /Users/bot/test_ai/apps/7335e72d-27ee-428c-b81e-dde278a19ae3/lkg/hashes_to_labels.json
2021-04-30 15:40:50,895 INFO     test_ai_mod.carbon_tasks.generate_auto_labels_task -- writing applied human readable to labels to file: /Users/bot/test_ai/apps/7335e72d-27ee-428c-b81e-dde278a19ae3/lkg/human_readable_to_labels.json
2021-04-30 15:40:50,895 INFO     test_ai_mod.carbon_tasks.generate_auto_labels_task -- writing label to hash dicts to file: /Users/bot/test_ai/apps/7335e72d-27ee-428c-b81e-dde278a19ae3/lkg/label_to_hash_dicts.json
2021-04-30 15:40:50,896 INFO     test_ai_mod.carbon_tasks.generate_auto_labels_task -- writing human readable to paths to file: /Users/bot/test_ai/apps/7335e72d-27ee-428c-b81e-dde278a19ae3/lkg/human_readable_to_paths.json
2021-04-30 15:40:50,896 INFO     test_ai_mod.carbon_classifiers.label_classifier_pipe -- Begin loading configured modules
2021-04-30 15:40:50,897 INFO     test_ai_mod.carbon_classifiers.carbon_classifier_v1.screen_classifier -- Loading ScreenClassifier
2021-04-30 15:40:50,897 INFO     test_ai_mod.carbon_classifiers.template_matching.app_specific_template_matcher -- Loading AppSpecificTemplateMatcher
2021-04-30 15:40:50,897 INFO     test_ai_mod.carbon_classifiers.perceptual.nn_classifier -- Loading NNClassifier
2021-04-30 15:40:50,897 INFO     test_ai_mod.carbon_classifiers.template_matching.template_matching_classifier -- Loading TemplateMatchingClassifier
2021-04-30 15:40:50,897 WARNING  test_ai_mod.carbon_classifiers.template_matching.template_matching_classifier -- No template director exists at /Users/bot/test_ai/templates
2021-04-30 15:40:50,898 INFO     test_ai_mod.carbon_classifiers.http_classifier.http_classifier -- Loaded Http Classifier for ""
2021-04-30 15:40:50,898 INFO     test_ai_mod.carbon_tasks.generate_auto_labels_task -- classifying 1 unique screens
2021-04-30 15:40:50,898 INFO     test_ai_mod.carbon_utils.carbon_data -- loading models from LKG dir
2021-04-30 15:40:50,898 INFO     test_ai_mod.carbon_utils.carbon_data -- loading models from LKG dir
2021-04-30 15:40:50,899 INFO     test_ai_mod.carbon_classifiers.label_classifier_pipe -- Begin labeling elements
2021-04-30 15:40:50,912 INFO     test_ai_mod.carbon_classifiers.template_matching.app_specific_template_matcher -- Classifying screen with AppSpecificTemplateMatcher
2021-04-30 15:40:50,912 INFO     test_ai_mod.carbon_classifiers.perceptual.nn_classifier -- Classifying screen with NNClassifier
2021-04-30 15:40:50,955 INFO     test_ai_mod.carbon_classifiers.label_classifier_pipe -- End labeling elements: Time taken 0.0558738708496 seconds
2021-04-30 15:40:50,955 INFO     test_ai_mod.carbon_tasks.generate_auto_labels_task -- classifying 6 unique elems
2021-04-30 15:40:50,956 INFO     test_ai_mod.carbon_utils.carbon_data -- loading models from LKG dir
2021-04-30 15:40:50,956 INFO     test_ai_mod.carbon_utils.carbon_data -- loading models from LKG dir
2021-04-30 15:40:50,956 INFO     test_ai_mod.carbon_classifiers.label_classifier_pipe -- Begin labeling elements
2021-04-30 15:40:50,967 INFO     test_ai_mod.carbon_classifiers.template_matching.app_specific_template_matcher -- Classifying screen with AppSpecificTemplateMatcher
2021-04-30 15:40:50,968 INFO     test_ai_mod.carbon_classifiers.perceptual.nn_classifier -- Classifying screen with NNClassifier
2021-04-30 15:40:51,059 INFO     test_ai_mod.carbon_classifiers.label_classifier_pipe -- End labeling elements: Time taken 0.10217499733 seconds
2021-04-30 15:40:51,060 INFO     test_ai_mod.carbon_tasks.generate_auto_labels_task -- writing merged, suggested labels to file: /Users/bot/test_ai/apps/7335e72d-27ee-428c-b81e-dde278a19ae3/builds/34758395-bb7c-4d64-b825-9bb667e2fc8a/crawls/20210430153706/labels/suggested_labels.json
2021-04-30 15:40:51,061 INFO     test_ai_mod.carbon_controllers.crawls -- Removing threaded log file handler for crawl.
