2021-04-30 13:30:28,864 INFO     test_ai_mod.carbon_controllers.crawls -- Logging crawl output to /Users/bot/test_ai/apps/7335e72d-27ee-428c-b81e-dde278a19ae3/builds/34758395-bb7c-4d64-b825-9bb667e2fc8a/logs/crawl-20210430173028.log
2021-04-30 13:30:28,865 INFO     test_ai_mod.carbon_tasks.crawl_build_task -- crawling build, app_id: 7335e72d-27ee-428c-b81e-dde278a19ae3, build_id: 34758395-bb7c-4d64-b825-9bb667e2fc8a
2021-04-30 13:30:28,865 INFO     test_ai_mod.carbon_tasks.crawl_build_task -- num_steps (when no test): 25
2021-04-30 13:30:28,865 INFO     test_ai_mod.carbon_tasks.crawl_build_task -- max_steps: 150
2021-04-30 13:30:28,865 INFO     test_ai_mod.carbon_tasks.crawl_build_task -- max_iterations: 1
2021-04-30 13:30:28,866 INFO     test_ai_mod.carbon_tasks.crawl_build_task -- rand_seed: 1619802997
2021-04-30 13:30:28,866 INFO     test_ai_mod.carbon_tasks.crawl_build_task -- test_wildcard: *
2021-04-30 13:30:28,866 INFO     test_ai_mod.carbon_tasks.crawl_build_task -- package: com.chewy.android
2021-04-30 13:30:28,866 INFO     test_ai_mod.carbon_tasks.crawl_build_task -- eyes_api_key: None
2021-04-30 13:30:28,866 INFO     test_ai_mod.carbon_tasks.crawl_build_task -- is_noop: False
2021-04-30 13:30:28,867 INFO     test_ai_mod.carbon_tasks.crawl_build_task -- created crawl, id: 20210430133028
2021-04-30 13:30:28,867 INFO     test_ai_mod.carbon_dao.local_carbon_dao -- Getting build info: APP_ID: 7335e72d-27ee-428c-b81e-dde278a19ae3, BUILD_ID: 34758395-bb7c-4d64-b825-9bb667e2fc8a
2021-04-30 13:30:28,868 INFO     test_ai_mod.carbon_dao.local_carbon_dao -- Getting build info: APP_ID: 7335e72d-27ee-428c-b81e-dde278a19ae3, BUILD_ID: 34758395-bb7c-4d64-b825-9bb667e2fc8a
2021-04-30 13:30:28,924 INFO     test_ai_mod.carbon_dao.local_carbon_dao -- Getting build info: APP_ID: 7335e72d-27ee-428c-b81e-dde278a19ae3, BUILD_ID: 34758395-bb7c-4d64-b825-9bb667e2fc8a
2021-04-30 13:30:29,335 INFO     test_ai_mod.carbon_explore.explore -- using default extra walk count: 0
2021-04-30 13:30:29,340 INFO     test_ai_mod.carbon_tasks.crawl_build_task -- initiating walk [1/1]
2021-04-30 13:30:29,341 INFO     test_ai_mod.carbon_test_case.carbon_tests -- initial number of steps for walk: 25
2021-04-30 13:30:29,341 INFO     test_ai_mod.carbon_tasks.crawl_build_task -- effective_max_steps this walk: 26
2021-04-30 13:30:29,341 INFO     test_ai_mod.carbon_explore.explore -- **************************************************
2021-04-30 13:30:29,341 INFO     test_ai_mod.carbon_explore.explore -- **************************************************
2021-04-30 13:30:29,341 INFO     test_ai_mod.carbon_explore.explore -- *                                                *
2021-04-30 13:30:29,341 INFO     test_ai_mod.carbon_explore.explore -- *                   BRAIN                    *
2021-04-30 13:30:29,341 INFO     test_ai_mod.carbon_explore.explore -- *                                                *
2021-04-30 13:30:29,341 INFO     test_ai_mod.carbon_explore.explore -- **************************************************
2021-04-30 13:30:29,341 INFO     test_ai_mod.carbon_explore.explore -- **************************************************
2021-04-30 13:30:29,341 INFO     test_ai_mod.carbon_initialization.initialization -- Random seed: 1619802997
2021-04-30 13:30:29,342 INFO     test_ai_mod.carbon_initialization.initialization -- ````````````````````````````````````````````````````````````````````````````````
2021-04-30 13:30:29,342 INFO     test_ai_mod.carbon_initialization.initialization --                   PACKAGE: com.chewy.android
2021-04-30 13:30:29,342 INFO     test_ai_mod.carbon_initialization.initialization -- ````````````````````````````````````````````````````````````````````````````````
2021-04-30 13:30:29,342 INFO     test_ai_mod.carbon_initialization.initialization -- platform: ANDROID
2021-04-30 13:30:29,342 INFO     test_ai_mod.carbon_initialization.initialization -- using crawl_directory: /Users/bot/test_ai/apps/7335e72d-27ee-428c-b81e-dde278a19ae3/builds/34758395-bb7c-4d64-b825-9bb667e2fc8a/crawls/20210430133028
2021-04-30 13:30:29,342 INFO     test_ai_mod.carbon_botio.bot_io -- retrieving bot IO for app: 7335e72d-27ee-428c-b81e-dde278a19ae3
2021-04-30 13:30:29,342 INFO     test_ai_mod.carbon_botio.bot_io -- ^^^^^^^^^^^^^^^^^^^^^^^^^^^^^^^^^^^^^^^^^^^^^^^^^^^^^^^^^^^^^^^^^^^^^^^^^^^^^^^^
2021-04-30 13:30:29,343 INFO     test_ai_mod.carbon_botio.bot_io -- botio_filepath: /Users/bot/test_ai/apps/7335e72d-27ee-428c-b81e-dde278a19ae3/lkg/botio.json
2021-04-30 13:30:29,343 INFO     test_ai_mod.carbon_botio.bot_io -- use_snapshot: False
2021-04-30 13:30:29,343 INFO     test_ai_mod.carbon_botio.bot_io -- no botIO found for app: 7335e72d-27ee-428c-b81e-dde278a19ae3
2021-04-30 13:30:29,343 INFO     test_ai_mod.carbon_utils.carbon_data -- loading models from LKG dir
2021-04-30 13:30:29,343 INFO     test_ai_mod.carbon_utils.carbon_data -- loading models from LKG dir
2021-04-30 13:30:29,344 INFO     test_ai_mod.carbon_explore.test_hooks -- Test case is None, no need for on_setup.
2021-04-30 13:30:29,344 INFO     test_ai_mod.carbon_utils.simulator_tools -- preparing clean iteration state...
2021-04-30 13:30:32,039 INFO     test_ai_mod.carbon_automation.driver -- Screen density: 1.0
2021-04-30 13:30:32,040 INFO     test_ai_mod.carbon_utils.simulator_tools -- Attempting uninstall on app: com.chewy.android
2021-04-30 13:30:32,219 INFO     test_ai_mod.carbon_utils.simulator_tools -- Installing app: http://localhost:5000/api/v2/apps/7335e72d-27ee-428c-b81e-dde278a19ae3/builds/34758395-bb7c-4d64-b825-9bb667e2fc8a/download?ext=.apk
2021-04-30 13:30:32,219 ERROR    test_ai_mod.carbon_explore.explore -- unexpected error
Traceback (most recent call last):
  File "test_ai_mod/carbon_explore/explore.py", line 318, in explore.perform_walk
  File "test_ai_mod/carbon_initialization/initialization.py", line 188, in initialization.initialize_run
  File "test_ai_mod/carbon_utils/simulator_tools.py", line 200, in simulator_tools.clean_iteration_state
  File "test_ai_mod/carbon_automation/driver.py", line 289, in driver.Driver.install_app
  File "test_ai_mod/carbon_utils/retry.py", line 82, in retry.RetryDecorator.__call__.wrapped
RetryError: Max tries 3 reached without success.
2021-04-30 13:30:32,219 INFO     test_ai_mod.carbon_explore.explore -- performing post-walk cleanup
2021-04-30 13:30:32,219 ERROR    test_ai_mod.carbon_explore.explore -- Error terminating app: com.chewy.android
Traceback (most recent call last):
  File "test_ai_mod/carbon_explore/explore.py", line 360, in explore.perform_walk
AttributeError: 'NoneType' object has no attribute 'terminate_app'
2021-04-30 13:30:32,219 INFO     test_ai_mod.carbon_utils.simulator_tools -- performing post-test cleanup
2021-04-30 13:30:32,219 INFO     test_ai_mod.carbon_utils.simulator_tools -- calling driver.quit
2021-04-30 13:30:32,219 INFO     test_ai_mod.carbon_utils.simulator_tools -- issue quitting driver: 'NoneType' object has no attribute 'quit'
2021-04-30 13:30:32,219 ERROR    test_ai_mod.carbon_tasks.crawl_build_task -- failed!!
Traceback (most recent call last):
  File "test_ai_mod/carbon_tasks/crawl_build_task.py", line 153, in crawl_build_task.crawl_build
  File "test_ai_mod/carbon_utils/performance_profiler.py", line 15, in performance_profiler.profile_method.decorator.wrapper
  File "test_ai_mod/carbon_utils/performance_profiler.py", line 12, in performance_profiler.profile_method.decorator.wrapper
  File "test_ai_mod/carbon_explore/explore.py", line 355, in explore.perform_walk
  File "test_ai_mod/carbon_explore/explore.py", line 318, in explore.perform_walk
  File "test_ai_mod/carbon_initialization/initialization.py", line 188, in initialization.initialize_run
  File "test_ai_mod/carbon_utils/simulator_tools.py", line 200, in simulator_tools.clean_iteration_state
  File "test_ai_mod/carbon_automation/driver.py", line 289, in driver.Driver.install_app
  File "test_ai_mod/carbon_utils/retry.py", line 82, in retry.RetryDecorator.__call__.wrapped
RetryError: Max tries 3 reached without success.
2021-04-30 13:30:32,220 ERROR    test_ai_mod.carbon_tasks.crawl_build_task -- walk: 1 - failed
2021-04-30 13:30:33,009 INFO     test_ai_mod.carbon_dao.local_carbon_dao -- Getting build info: APP_ID: 7335e72d-27ee-428c-b81e-dde278a19ae3, BUILD_ID: 34758395-bb7c-4d64-b825-9bb667e2fc8a
2021-04-30 13:30:33,010 INFO     test_ai_mod.carbon_dao.local_carbon_dao -- Getting build info: APP_ID: 7335e72d-27ee-428c-b81e-dde278a19ae3, BUILD_ID: 34758395-bb7c-4d64-b825-9bb667e2fc8a
2021-04-30 13:30:33,010 INFO     test_ai_mod.carbon_dao.local_carbon_dao -- Getting build info: APP_ID: 7335e72d-27ee-428c-b81e-dde278a19ae3, BUILD_ID: 34758395-bb7c-4d64-b825-9bb667e2fc8a
2021-04-30 13:30:33,011 INFO     test_ai_mod.carbon_dao.local_carbon_dao -- Getting build info: APP_ID: 7335e72d-27ee-428c-b81e-dde278a19ae3, BUILD_ID: 34758395-bb7c-4d64-b825-9bb667e2fc8a
2021-04-30 13:30:33,012 INFO     test_ai_mod.carbon_dao.local_carbon_dao -- Getting build info: APP_ID: 7335e72d-27ee-428c-b81e-dde278a19ae3, BUILD_ID: 34758395-bb7c-4d64-b825-9bb667e2fc8a
2021-04-30 13:30:33,012 INFO     test_ai_mod.carbon_dao.local_carbon_dao -- Getting build info: APP_ID: 7335e72d-27ee-428c-b81e-dde278a19ae3, BUILD_ID: 34758395-bb7c-4d64-b825-9bb667e2fc8a
2021-04-30 13:30:33,013 INFO     test_ai_mod.carbon_dao.local_carbon_dao -- Getting build info: APP_ID: 7335e72d-27ee-428c-b81e-dde278a19ae3, BUILD_ID: 34758395-bb7c-4d64-b825-9bb667e2fc8a
2021-04-30 13:30:33,013 INFO     test_ai_mod.carbon_dao.local_carbon_dao -- Getting build info: APP_ID: 7335e72d-27ee-428c-b81e-dde278a19ae3, BUILD_ID: 34758395-bb7c-4d64-b825-9bb667e2fc8a
2021-04-30 13:30:33,014 INFO     test_ai_mod.carbon_tasks.version_control_tasks -- processing screens and elements (crawl: 20210430133028)
2021-04-30 13:30:33,014 INFO     test_ai_mod.carbon_tasks.process_crawl_task -- processing crawl: 20210430133028 (app: 7335e72d-27ee-428c-b81e-dde278a19ae3, build: 34758395-bb7c-4d64-b825-9bb667e2fc8a)
2021-04-30 13:30:33,014 INFO     test_ai_mod.carbon_tasks.process_crawl_task -- processing screens for crawl
2021-04-30 13:30:33,025 INFO     test_ai_mod.carbon_tasks.process_crawl_task -- writing unique screens file
2021-04-30 13:30:33,025 INFO     test_ai_mod.carbon_tasks.process_crawl_task -- writing screen hash map
2021-04-30 13:30:33,026 INFO     test_ai_mod.carbon_tasks.process_crawl_task -- writing screen similarity file
2021-04-30 13:30:33,026 INFO     test_ai_mod.carbon_tasks.process_crawl_task -- processing elements for crawl
2021-04-30 13:30:33,035 INFO     test_ai_mod.carbon_tasks.process_crawl_task -- Writing unique tags file.
2021-04-30 13:30:33,035 INFO     test_ai_mod.carbon_tasks.process_crawl_task -- writing unique elems file
2021-04-30 13:30:33,035 INFO     test_ai_mod.carbon_tasks.process_crawl_task -- writing elem hash map
2021-04-30 13:30:33,036 INFO     test_ai_mod.carbon_tasks.process_crawl_task -- writing elem similarity file
2021-04-30 13:30:33,036 INFO     test_ai_mod.carbon_tasks.process_crawl_task -- generating and saving feature data for crawl
2021-04-30 13:30:33,036 INFO     test_ai_mod.carbon_tasks.generate_feature_data_task -- generating feature data for crawl: 20210430133028, app_id: 7335e72d-27ee-428c-b81e-dde278a19ae3, build_id: 34758395-bb7c-4d64-b825-9bb667e2fc8a
2021-04-30 13:30:33,037 INFO     test_ai_mod.carbon_tasks.generate_feature_data_task -- generating screen feature data
2021-04-30 13:30:33,041 INFO     test_ai_mod.carbon_tasks.generate_feature_data_task -- saving screen feature data
2021-04-30 13:30:33,042 INFO     test_ai_mod.carbon_tasks.process_crawl_task -- generating labeler objects file for crawl (v0)
2021-04-30 13:30:33,042 ERROR    test_ai_mod.carbon_tasks.labeler_objects_task -- no screen uniques data found
2021-04-30 13:30:33,042 ERROR    test_ai_mod.carbon_tasks.labeler_objects_task -- no elem uniques data found
2021-04-30 13:30:33,042 INFO     test_ai_mod.carbon_tasks.process_crawl_task -- reconciling screens labeled at runtime
2021-04-30 13:30:33,042 INFO     test_ai_mod.carbon_tasks.process_crawl_task -- reconciling elements labeled at runtime
2021-04-30 13:30:33,043 INFO     test_ai_mod.carbon_dao.local_carbon_dao -- Getting build info: APP_ID: 7335e72d-27ee-428c-b81e-dde278a19ae3, BUILD_ID: 34758395-bb7c-4d64-b825-9bb667e2fc8a
2021-04-30 13:30:33,044 INFO     test_ai_mod.carbon_tasks.process_crawl_task -- processing crawl: 20210430133028 (app: 7335e72d-27ee-428c-b81e-dde278a19ae3, build: 34758395-bb7c-4d64-b825-9bb667e2fc8a)
2021-04-30 13:30:33,044 INFO     test_ai_mod.carbon_tasks.process_crawl_task -- processing screens for crawl
2021-04-30 13:30:33,050 INFO     test_ai_mod.carbon_tasks.process_crawl_task -- writing unique screens file
2021-04-30 13:30:33,050 INFO     test_ai_mod.carbon_tasks.process_crawl_task -- writing screen hash map
2021-04-30 13:30:33,051 INFO     test_ai_mod.carbon_tasks.process_crawl_task -- writing screen similarity file
2021-04-30 13:30:33,051 INFO     test_ai_mod.carbon_tasks.process_crawl_task -- processing elements for crawl
2021-04-30 13:30:33,061 INFO     test_ai_mod.carbon_tasks.process_crawl_task -- Writing unique tags file.
2021-04-30 13:30:33,062 INFO     test_ai_mod.carbon_tasks.process_crawl_task -- writing unique elems file
2021-04-30 13:30:33,062 INFO     test_ai_mod.carbon_tasks.process_crawl_task -- writing elem hash map
2021-04-30 13:30:33,062 INFO     test_ai_mod.carbon_tasks.process_crawl_task -- writing elem similarity file
2021-04-30 13:30:33,063 INFO     test_ai_mod.carbon_tasks.process_crawl_task -- generating and saving feature data for crawl
2021-04-30 13:30:33,063 INFO     test_ai_mod.carbon_tasks.generate_feature_data_task -- generating feature data for crawl: 20210430133028, app_id: 7335e72d-27ee-428c-b81e-dde278a19ae3, build_id: 34758395-bb7c-4d64-b825-9bb667e2fc8a
2021-04-30 13:30:33,063 INFO     test_ai_mod.carbon_tasks.generate_feature_data_task -- generating screen feature data
2021-04-30 13:30:33,067 INFO     test_ai_mod.carbon_tasks.generate_feature_data_task -- saving screen feature data
2021-04-30 13:30:33,068 INFO     test_ai_mod.carbon_tasks.process_crawl_task -- generating labeler objects file for crawl (v0)
2021-04-30 13:30:33,068 ERROR    test_ai_mod.carbon_tasks.labeler_objects_task -- no screen uniques data found
2021-04-30 13:30:33,068 ERROR    test_ai_mod.carbon_tasks.labeler_objects_task -- no elem uniques data found
2021-04-30 13:30:33,068 INFO     test_ai_mod.carbon_tasks.process_crawl_task -- reconciling screens labeled at runtime
2021-04-30 13:30:33,068 INFO     test_ai_mod.carbon_tasks.process_crawl_task -- reconciling elements labeled at runtime
2021-04-30 13:30:33,068 INFO     test_ai_mod.carbon_tasks.generate_auto_labels_task -- generating auto labels for crawl: 20210430133028, app_id: 7335e72d-27ee-428c-b81e-dde278a19ae3, build_id: 34758395-bb7c-4d64-b825-9bb667e2fc8a
2021-04-30 13:30:33,069 INFO     test_ai_mod.carbon_dao.local_carbon_dao -- Getting build info: APP_ID: 7335e72d-27ee-428c-b81e-dde278a19ae3, BUILD_ID: 34758395-bb7c-4d64-b825-9bb667e2fc8a
2021-04-30 13:30:33,070 INFO     test_ai_mod.carbon_dao.local_carbon_dao -- Getting build info: APP_ID: 7335e72d-27ee-428c-b81e-dde278a19ae3, BUILD_ID: 34758395-bb7c-4d64-b825-9bb667e2fc8a
2021-04-30 13:30:33,071 INFO     test_ai_mod.carbon_dao.local_carbon_dao -- Getting build info: APP_ID: 7335e72d-27ee-428c-b81e-dde278a19ae3, BUILD_ID: 34758395-bb7c-4d64-b825-9bb667e2fc8a
2021-04-30 13:30:33,073 INFO     test_ai_mod.carbon_dao.local_carbon_dao -- Getting build info: APP_ID: 7335e72d-27ee-428c-b81e-dde278a19ae3, BUILD_ID: 34758395-bb7c-4d64-b825-9bb667e2fc8a
2021-04-30 13:30:33,073 INFO     test_ai_mod.carbon_dao.local_carbon_dao -- Getting build info: APP_ID: 7335e72d-27ee-428c-b81e-dde278a19ae3, BUILD_ID: 34758395-bb7c-4d64-b825-9bb667e2fc8a
2021-04-30 13:30:33,074 INFO     test_ai_mod.carbon_dao.local_carbon_dao -- Getting build info: APP_ID: 7335e72d-27ee-428c-b81e-dde278a19ae3, BUILD_ID: 34758395-bb7c-4d64-b825-9bb667e2fc8a
2021-04-30 13:30:33,075 INFO     test_ai_mod.carbon_dao.local_carbon_dao -- Getting build info: APP_ID: 7335e72d-27ee-428c-b81e-dde278a19ae3, BUILD_ID: 34758395-bb7c-4d64-b825-9bb667e2fc8a
2021-04-30 13:30:33,075 INFO     test_ai_mod.carbon_dao.local_carbon_dao -- Getting build info: APP_ID: 7335e72d-27ee-428c-b81e-dde278a19ae3, BUILD_ID: 34758395-bb7c-4d64-b825-9bb667e2fc8a
2021-04-30 13:30:33,076 INFO     test_ai_mod.carbon_dao.local_carbon_dao -- Getting build info: APP_ID: 7335e72d-27ee-428c-b81e-dde278a19ae3, BUILD_ID: 34758395-bb7c-4d64-b825-9bb667e2fc8a
2021-04-30 13:30:33,131 INFO     test_ai_mod.carbon_tasks.generate_auto_labels_task -- writing merged, suggested labels to file: /Users/bot/test_ai/apps/7335e72d-27ee-428c-b81e-dde278a19ae3/builds/34758395-bb7c-4d64-b825-9bb667e2fc8a/crawls/20210430130456/labels/suggested_labels.json
2021-04-30 13:30:33,133 INFO     test_ai_mod.carbon_tasks.generate_auto_labels_task -- writing merged, suggested labels to file: /Users/bot/test_ai/apps/7335e72d-27ee-428c-b81e-dde278a19ae3/builds/34758395-bb7c-4d64-b825-9bb667e2fc8a/crawls/20210429133652/labels/suggested_labels.json
2021-04-30 13:30:33,133 INFO     test_ai_mod.carbon_tasks.generate_auto_labels_task -- writing merged, suggested labels to file: /Users/bot/test_ai/apps/7335e72d-27ee-428c-b81e-dde278a19ae3/builds/34758395-bb7c-4d64-b825-9bb667e2fc8a/crawls/20210430131251/labels/suggested_labels.json
2021-04-30 13:30:33,133 INFO     test_ai_mod.carbon_tasks.generate_auto_labels_task -- writing merged, suggested labels to file: /Users/bot/test_ai/apps/7335e72d-27ee-428c-b81e-dde278a19ae3/builds/34758395-bb7c-4d64-b825-9bb667e2fc8a/crawls/20210429134444/labels/suggested_labels.json
2021-04-30 13:30:33,148 INFO     test_ai_mod.carbon_tasks.generate_auto_labels_task -- writing merged, suggested labels to file: /Users/bot/test_ai/apps/7335e72d-27ee-428c-b81e-dde278a19ae3/builds/34758395-bb7c-4d64-b825-9bb667e2fc8a/crawls/20210429135309/labels/suggested_labels.json
2021-04-30 13:30:33,149 INFO     test_ai_mod.carbon_tasks.generate_auto_labels_task -- writing merged, suggested labels to file: /Users/bot/test_ai/apps/7335e72d-27ee-428c-b81e-dde278a19ae3/builds/34758395-bb7c-4d64-b825-9bb667e2fc8a/crawls/20210429135642/labels/suggested_labels.json
2021-04-30 13:30:33,149 INFO     test_ai_mod.carbon_tasks.generate_auto_labels_task -- writing merged, suggested labels to file: /Users/bot/test_ai/apps/7335e72d-27ee-428c-b81e-dde278a19ae3/builds/34758395-bb7c-4d64-b825-9bb667e2fc8a/crawls/20210430133028/labels/suggested_labels.json
2021-04-30 13:30:33,150 INFO     test_ai_mod.carbon_tasks.generate_auto_labels_task -- writing merged, suggested labels to file: /Users/bot/test_ai/apps/7335e72d-27ee-428c-b81e-dde278a19ae3/builds/34758395-bb7c-4d64-b825-9bb667e2fc8a/crawls/20210430131708/labels/suggested_labels.json
2021-04-30 13:30:33,159 INFO     test_ai_mod.carbon_tasks.generate_auto_labels_task -- writing applied hashes to labels to file: /Users/bot/test_ai/apps/7335e72d-27ee-428c-b81e-dde278a19ae3/lkg/hashes_to_labels.json
2021-04-30 13:30:33,160 INFO     test_ai_mod.carbon_tasks.generate_auto_labels_task -- writing applied human readable to labels to file: /Users/bot/test_ai/apps/7335e72d-27ee-428c-b81e-dde278a19ae3/lkg/human_readable_to_labels.json
2021-04-30 13:30:33,160 INFO     test_ai_mod.carbon_tasks.generate_auto_labels_task -- writing label to hash dicts to file: /Users/bot/test_ai/apps/7335e72d-27ee-428c-b81e-dde278a19ae3/lkg/label_to_hash_dicts.json
2021-04-30 13:30:33,161 INFO     test_ai_mod.carbon_tasks.generate_auto_labels_task -- writing human readable to paths to file: /Users/bot/test_ai/apps/7335e72d-27ee-428c-b81e-dde278a19ae3/lkg/human_readable_to_paths.json
2021-04-30 13:30:33,161 INFO     test_ai_mod.carbon_classifiers.label_classifier_pipe -- Begin loading configured modules
2021-04-30 13:30:33,161 INFO     test_ai_mod.carbon_classifiers.carbon_classifier_v1.screen_classifier -- Loading ScreenClassifier
2021-04-30 13:30:33,162 INFO     test_ai_mod.carbon_classifiers.template_matching.app_specific_template_matcher -- Loading AppSpecificTemplateMatcher
2021-04-30 13:30:33,162 INFO     test_ai_mod.carbon_classifiers.perceptual.nn_classifier -- Loading NNClassifier
2021-04-30 13:30:33,162 INFO     test_ai_mod.carbon_classifiers.template_matching.template_matching_classifier -- Loading TemplateMatchingClassifier
2021-04-30 13:30:33,162 WARNING  test_ai_mod.carbon_classifiers.template_matching.template_matching_classifier -- No template director exists at /Users/bot/test_ai/templates
2021-04-30 13:30:33,162 INFO     test_ai_mod.carbon_classifiers.http_classifier.http_classifier -- Loaded Http Classifier for ""
2021-04-30 13:30:33,162 INFO     test_ai_mod.carbon_tasks.generate_auto_labels_task -- classifying 0 unique screens
2021-04-30 13:30:33,162 INFO     test_ai_mod.carbon_utils.carbon_data -- loading models from LKG dir
2021-04-30 13:30:33,163 INFO     test_ai_mod.carbon_utils.carbon_data -- loading models from LKG dir
2021-04-30 13:30:33,163 INFO     test_ai_mod.carbon_tasks.generate_auto_labels_task -- classifying 0 unique elems
2021-04-30 13:30:33,163 INFO     test_ai_mod.carbon_utils.carbon_data -- loading models from LKG dir
2021-04-30 13:30:33,163 INFO     test_ai_mod.carbon_utils.carbon_data -- loading models from LKG dir
2021-04-30 13:30:33,163 INFO     test_ai_mod.carbon_classifiers.label_classifier_pipe -- Begin labeling elements
2021-04-30 13:30:33,168 INFO     test_ai_mod.carbon_classifiers.template_matching.app_specific_template_matcher -- Classifying screen with AppSpecificTemplateMatcher
2021-04-30 13:30:33,168 INFO     test_ai_mod.carbon_classifiers.perceptual.nn_classifier -- Classifying screen with NNClassifier
2021-04-30 13:30:33,180 INFO     test_ai_mod.carbon_classifiers.label_classifier_pipe -- End labeling elements: Time taken 0.01646900177 seconds
2021-04-30 13:30:33,180 INFO     test_ai_mod.carbon_tasks.generate_auto_labels_task -- writing merged, suggested labels to file: /Users/bot/test_ai/apps/7335e72d-27ee-428c-b81e-dde278a19ae3/builds/34758395-bb7c-4d64-b825-9bb667e2fc8a/crawls/20210430133028/labels/suggested_labels.json
2021-04-30 13:30:33,181 INFO     test_ai_mod.carbon_controllers.crawls -- Removing threaded log file handler for crawl.
