2021-04-30 14:54:47,795 INFO     test_ai_mod.carbon_controllers.crawls -- Logging crawl output to /Users/bot/test_ai/apps/7335e72d-27ee-428c-b81e-dde278a19ae3/builds/3c2f9c71-4f5f-492f-abc8-88d7d4afa70d/logs/crawl-20210430205447.log
2021-04-30 14:54:47,799 INFO     test_ai_mod.carbon_tasks.crawl_build_task -- crawling build, app_id: 7335e72d-27ee-428c-b81e-dde278a19ae3, build_id: 3c2f9c71-4f5f-492f-abc8-88d7d4afa70d
2021-04-30 14:54:47,800 INFO     test_ai_mod.carbon_tasks.crawl_build_task -- num_steps (when no test): 25
2021-04-30 14:54:47,807 INFO     test_ai_mod.carbon_tasks.crawl_build_task -- max_steps: 150
2021-04-30 14:54:47,809 INFO     test_ai_mod.carbon_tasks.crawl_build_task -- max_iterations: 1
2021-04-30 14:54:47,809 INFO     test_ai_mod.carbon_tasks.crawl_build_task -- rand_seed: 1619815052
2021-04-30 14:54:47,812 INFO     test_ai_mod.carbon_tasks.crawl_build_task -- test_wildcard: *
2021-04-30 14:54:47,819 INFO     test_ai_mod.carbon_tasks.crawl_build_task -- package: com.chewy.android
2021-04-30 14:54:47,820 INFO     test_ai_mod.carbon_tasks.crawl_build_task -- eyes_api_key: None
2021-04-30 14:54:47,902 INFO     test_ai_mod.carbon_tasks.crawl_build_task -- is_noop: False
2021-04-30 14:54:47,910 INFO     test_ai_mod.carbon_tasks.crawl_build_task -- created crawl, id: 20210430145447
2021-04-30 14:54:47,911 INFO     test_ai_mod.carbon_dao.local_carbon_dao -- Getting build info: APP_ID: 7335e72d-27ee-428c-b81e-dde278a19ae3, BUILD_ID: 3c2f9c71-4f5f-492f-abc8-88d7d4afa70d
2021-04-30 14:54:47,912 INFO     test_ai_mod.carbon_dao.local_carbon_dao -- Getting build info: APP_ID: 7335e72d-27ee-428c-b81e-dde278a19ae3, BUILD_ID: 3c2f9c71-4f5f-492f-abc8-88d7d4afa70d
2021-04-30 14:54:48,022 INFO     werkzeug -- 127.0.0.1 - - [30/Apr/2021 14:54:48] "[37mGET /favicon.ico HTTP/1.1[0m" 200 -
2021-04-30 14:54:48,402 INFO     test_ai_mod.carbon_explore.explore -- using default extra walk count: 0
2021-04-30 14:54:48,462 INFO     test_ai_mod.carbon_tasks.crawl_build_task -- initiating walk [1/1]
2021-04-30 14:54:48,463 INFO     test_ai_mod.carbon_test_case.carbon_tests -- initial number of steps for walk: 25
2021-04-30 14:54:48,463 INFO     test_ai_mod.carbon_tasks.crawl_build_task -- effective_max_steps this walk: 26
2021-04-30 14:54:48,467 INFO     test_ai_mod.carbon_explore.explore -- **************************************************
2021-04-30 14:54:48,467 INFO     test_ai_mod.carbon_explore.explore -- **************************************************
2021-04-30 14:54:48,467 INFO     test_ai_mod.carbon_explore.explore -- *                                                *
2021-04-30 14:54:48,468 INFO     test_ai_mod.carbon_explore.explore -- *                   BRAIN                    *
2021-04-30 14:54:48,468 INFO     test_ai_mod.carbon_explore.explore -- *                                                *
2021-04-30 14:54:48,468 INFO     test_ai_mod.carbon_explore.explore -- **************************************************
2021-04-30 14:54:48,468 INFO     test_ai_mod.carbon_explore.explore -- **************************************************
2021-04-30 14:54:48,472 INFO     test_ai_mod.carbon_initialization.initialization -- Random seed: 1619815052
2021-04-30 14:54:48,479 INFO     test_ai_mod.carbon_initialization.initialization -- ````````````````````````````````````````````````````````````````````````````````
2021-04-30 14:54:48,482 INFO     test_ai_mod.carbon_initialization.initialization --                   PACKAGE: com.chewy.android
2021-04-30 14:54:48,484 INFO     test_ai_mod.carbon_initialization.initialization -- ````````````````````````````````````````````````````````````````````````````````
2021-04-30 14:54:48,484 INFO     test_ai_mod.carbon_initialization.initialization -- platform: ANDROID
2021-04-30 14:54:48,487 INFO     test_ai_mod.carbon_initialization.initialization -- using crawl_directory: /Users/bot/test_ai/apps/7335e72d-27ee-428c-b81e-dde278a19ae3/builds/3c2f9c71-4f5f-492f-abc8-88d7d4afa70d/crawls/20210430145447
2021-04-30 14:54:48,490 INFO     test_ai_mod.carbon_botio.bot_io -- retrieving bot IO for app: 7335e72d-27ee-428c-b81e-dde278a19ae3
2021-04-30 14:54:48,491 INFO     test_ai_mod.carbon_botio.bot_io -- ^^^^^^^^^^^^^^^^^^^^^^^^^^^^^^^^^^^^^^^^^^^^^^^^^^^^^^^^^^^^^^^^^^^^^^^^^^^^^^^^
2021-04-30 14:54:48,491 INFO     test_ai_mod.carbon_botio.bot_io -- botio_filepath: /Users/bot/test_ai/apps/7335e72d-27ee-428c-b81e-dde278a19ae3/lkg/botio.json
2021-04-30 14:54:48,491 INFO     test_ai_mod.carbon_botio.bot_io -- use_snapshot: False
2021-04-30 14:54:48,491 INFO     test_ai_mod.carbon_botio.bot_io -- no botIO found for app: 7335e72d-27ee-428c-b81e-dde278a19ae3
2021-04-30 14:54:48,494 INFO     test_ai_mod.carbon_utils.carbon_data -- loading models from LKG dir
2021-04-30 14:54:48,495 INFO     test_ai_mod.carbon_utils.carbon_data -- no models dir found, returning empty "screens" models list
2021-04-30 14:54:48,495 INFO     test_ai_mod.carbon_utils.carbon_data -- loading models from LKG dir
2021-04-30 14:54:48,495 INFO     test_ai_mod.carbon_utils.carbon_data -- no models dir found, returning empty "elems" models list
2021-04-30 14:54:48,497 INFO     test_ai_mod.carbon_explore.test_hooks -- Test case is None, no need for on_setup.
2021-04-30 14:54:48,498 INFO     test_ai_mod.carbon_utils.simulator_tools -- preparing clean iteration state...
2021-04-30 14:54:48,501 INFO     test_ai_mod.carbon_automation.automator -- Creating Automator Singleton
2021-04-30 14:54:48,505 INFO     test_ai_mod.carbon_automation.automator -- Using automator over http as execution platform
2021-04-30 14:54:51,235 ERROR    test_ai_mod.carbon_explore.explore -- unexpected error
Traceback (most recent call last):
  File "test_ai_mod/carbon_explore/explore.py", line 318, in explore.perform_walk
  File "test_ai_mod/carbon_initialization/initialization.py", line 188, in initialization.initialize_run
  File "test_ai_mod/carbon_utils/simulator_tools.py", line 193, in simulator_tools.clean_iteration_state
  File "test_ai_mod/carbon_automation/driver_factory.py", line 166, in driver_factory.DriverFactory.create_android_driver
  File "test_ai_mod/carbon_automation/driver_factory.py", line 177, in driver_factory.DriverFactory._create
  File "test_ai_mod/carbon_automation/driver.py", line 37, in driver.Driver.__init__
  File "test_ai_mod/carbon_automation/sessions/http/http_session_adapter_factory.py", line 63, in http_session_adapter_factory.HttpSessionAdapterFactory.get_session
  File "test_ai_mod/carbon_automation/sessions/http/http_client.py", line 70, in http_client.create_session
AutomatorSessionError: Error creating session, 500, Command "adb -s emulator-5554 shell dumpsys window" exited with code 1 and output: * daemon not running; starting now at tcp:5037
* daemon started successfully
adb: device offline
2021-04-30 14:54:51,237 INFO     test_ai_mod.carbon_explore.explore -- performing post-walk cleanup
2021-04-30 14:54:51,237 ERROR    test_ai_mod.carbon_explore.explore -- Error terminating app: com.chewy.android
Traceback (most recent call last):
  File "test_ai_mod/carbon_explore/explore.py", line 360, in explore.perform_walk
AttributeError: 'NoneType' object has no attribute 'terminate_app'
2021-04-30 14:54:51,238 INFO     test_ai_mod.carbon_utils.simulator_tools -- performing post-test cleanup
2021-04-30 14:54:51,238 INFO     test_ai_mod.carbon_utils.simulator_tools -- calling driver.quit
2021-04-30 14:54:51,238 INFO     test_ai_mod.carbon_utils.simulator_tools -- issue quitting driver: 'NoneType' object has no attribute 'quit'
2021-04-30 14:54:51,240 ERROR    test_ai_mod.carbon_tasks.crawl_build_task -- failed!!
Traceback (most recent call last):
  File "test_ai_mod/carbon_tasks/crawl_build_task.py", line 153, in crawl_build_task.crawl_build
  File "test_ai_mod/carbon_utils/performance_profiler.py", line 15, in performance_profiler.profile_method.decorator.wrapper
  File "test_ai_mod/carbon_utils/performance_profiler.py", line 12, in performance_profiler.profile_method.decorator.wrapper
  File "test_ai_mod/carbon_explore/explore.py", line 355, in explore.perform_walk
  File "test_ai_mod/carbon_explore/explore.py", line 318, in explore.perform_walk
  File "test_ai_mod/carbon_initialization/initialization.py", line 188, in initialization.initialize_run
  File "test_ai_mod/carbon_utils/simulator_tools.py", line 193, in simulator_tools.clean_iteration_state
  File "test_ai_mod/carbon_automation/driver_factory.py", line 166, in driver_factory.DriverFactory.create_android_driver
  File "test_ai_mod/carbon_automation/driver_factory.py", line 177, in driver_factory.DriverFactory._create
  File "test_ai_mod/carbon_automation/driver.py", line 37, in driver.Driver.__init__
  File "test_ai_mod/carbon_automation/sessions/http/http_session_adapter_factory.py", line 63, in http_session_adapter_factory.HttpSessionAdapterFactory.get_session
  File "test_ai_mod/carbon_automation/sessions/http/http_client.py", line 70, in http_client.create_session
AutomatorSessionError: Error creating session, 500, Command "adb -s emulator-5554 shell dumpsys window" exited with code 1 and output: * daemon not running; starting now at tcp:5037
* daemon started successfully
adb: device offline
2021-04-30 14:54:51,241 ERROR    test_ai_mod.carbon_tasks.crawl_build_task -- walk: 1 - failed
2021-04-30 14:54:51,636 INFO     test_ai_mod.carbon_dao.local_carbon_dao -- Getting build info: APP_ID: 7335e72d-27ee-428c-b81e-dde278a19ae3, BUILD_ID: 3c2f9c71-4f5f-492f-abc8-88d7d4afa70d
2021-04-30 14:54:51,638 INFO     test_ai_mod.carbon_dao.local_carbon_dao -- Getting build info: APP_ID: 7335e72d-27ee-428c-b81e-dde278a19ae3, BUILD_ID: 3c2f9c71-4f5f-492f-abc8-88d7d4afa70d
2021-04-30 14:54:51,640 INFO     test_ai_mod.carbon_dao.local_carbon_dao -- Getting build info: APP_ID: 7335e72d-27ee-428c-b81e-dde278a19ae3, BUILD_ID: 34758395-bb7c-4d64-b825-9bb667e2fc8a
2021-04-30 14:54:51,642 INFO     test_ai_mod.carbon_dao.local_carbon_dao -- Getting build info: APP_ID: 7335e72d-27ee-428c-b81e-dde278a19ae3, BUILD_ID: 34758395-bb7c-4d64-b825-9bb667e2fc8a
2021-04-30 14:54:51,644 INFO     test_ai_mod.carbon_dao.local_carbon_dao -- Getting build info: APP_ID: 7335e72d-27ee-428c-b81e-dde278a19ae3, BUILD_ID: 34758395-bb7c-4d64-b825-9bb667e2fc8a
2021-04-30 14:54:51,646 INFO     test_ai_mod.carbon_dao.local_carbon_dao -- Getting build info: APP_ID: 7335e72d-27ee-428c-b81e-dde278a19ae3, BUILD_ID: 34758395-bb7c-4d64-b825-9bb667e2fc8a
2021-04-30 14:54:51,647 INFO     test_ai_mod.carbon_dao.local_carbon_dao -- Getting build info: APP_ID: 7335e72d-27ee-428c-b81e-dde278a19ae3, BUILD_ID: 34758395-bb7c-4d64-b825-9bb667e2fc8a
2021-04-30 14:54:51,649 INFO     test_ai_mod.carbon_dao.local_carbon_dao -- Getting build info: APP_ID: 7335e72d-27ee-428c-b81e-dde278a19ae3, BUILD_ID: 34758395-bb7c-4d64-b825-9bb667e2fc8a
2021-04-30 14:54:51,651 INFO     test_ai_mod.carbon_dao.local_carbon_dao -- Getting build info: APP_ID: 7335e72d-27ee-428c-b81e-dde278a19ae3, BUILD_ID: 34758395-bb7c-4d64-b825-9bb667e2fc8a
2021-04-30 14:54:51,654 INFO     test_ai_mod.carbon_dao.local_carbon_dao -- Getting build info: APP_ID: 7335e72d-27ee-428c-b81e-dde278a19ae3, BUILD_ID: 34758395-bb7c-4d64-b825-9bb667e2fc8a
2021-04-30 14:54:51,656 INFO     test_ai_mod.carbon_dao.local_carbon_dao -- Getting build info: APP_ID: 7335e72d-27ee-428c-b81e-dde278a19ae3, BUILD_ID: 34758395-bb7c-4d64-b825-9bb667e2fc8a
2021-04-30 14:54:51,658 INFO     test_ai_mod.carbon_tasks.version_control_tasks -- processing screens and elements (crawl: 20210430145447)
2021-04-30 14:54:51,658 INFO     test_ai_mod.carbon_tasks.process_crawl_task -- processing crawl: 20210430145447 (app: 7335e72d-27ee-428c-b81e-dde278a19ae3, build: 3c2f9c71-4f5f-492f-abc8-88d7d4afa70d)
2021-04-30 14:54:51,659 INFO     test_ai_mod.carbon_tasks.process_crawl_task -- processing screens for crawl
2021-04-30 14:54:51,675 INFO     test_ai_mod.carbon_tasks.process_crawl_task -- writing unique screens file
2021-04-30 14:54:51,677 INFO     test_ai_mod.carbon_tasks.process_crawl_task -- writing screen hash map
2021-04-30 14:54:51,679 INFO     test_ai_mod.carbon_tasks.process_crawl_task -- writing screen similarity file
2021-04-30 14:54:51,680 INFO     test_ai_mod.carbon_tasks.process_crawl_task -- processing elements for crawl
2021-04-30 14:54:51,696 INFO     test_ai_mod.carbon_tasks.process_crawl_task -- Writing unique tags file.
2021-04-30 14:54:51,697 INFO     test_ai_mod.carbon_tasks.process_crawl_task -- writing unique elems file
2021-04-30 14:54:51,698 INFO     test_ai_mod.carbon_tasks.process_crawl_task -- writing elem hash map
2021-04-30 14:54:51,699 INFO     test_ai_mod.carbon_tasks.process_crawl_task -- writing elem similarity file
2021-04-30 14:54:51,699 INFO     test_ai_mod.carbon_tasks.process_crawl_task -- generating and saving feature data for crawl
2021-04-30 14:54:51,700 INFO     test_ai_mod.carbon_tasks.generate_feature_data_task -- generating feature data for crawl: 20210430145447, app_id: 7335e72d-27ee-428c-b81e-dde278a19ae3, build_id: 3c2f9c71-4f5f-492f-abc8-88d7d4afa70d
2021-04-30 14:54:51,704 INFO     test_ai_mod.carbon_tasks.generate_feature_data_task -- generating screen feature data
2021-04-30 14:54:51,712 INFO     test_ai_mod.carbon_tasks.generate_feature_data_task -- saving screen feature data
2021-04-30 14:54:51,714 INFO     test_ai_mod.carbon_tasks.process_crawl_task -- generating labeler objects file for crawl (v0)
2021-04-30 14:54:51,715 ERROR    test_ai_mod.carbon_tasks.labeler_objects_task -- no screen uniques data found
2021-04-30 14:54:51,716 ERROR    test_ai_mod.carbon_tasks.labeler_objects_task -- no elem uniques data found
2021-04-30 14:54:51,716 INFO     test_ai_mod.carbon_tasks.process_crawl_task -- reconciling screens labeled at runtime
2021-04-30 14:54:51,717 INFO     test_ai_mod.carbon_tasks.process_crawl_task -- reconciling elements labeled at runtime
2021-04-30 14:54:51,721 INFO     test_ai_mod.carbon_dao.local_carbon_dao -- Getting build info: APP_ID: 7335e72d-27ee-428c-b81e-dde278a19ae3, BUILD_ID: 3c2f9c71-4f5f-492f-abc8-88d7d4afa70d
2021-04-30 14:54:51,722 INFO     test_ai_mod.carbon_tasks.process_crawl_task -- processing crawl: 20210430145447 (app: 7335e72d-27ee-428c-b81e-dde278a19ae3, build: 3c2f9c71-4f5f-492f-abc8-88d7d4afa70d)
2021-04-30 14:54:51,722 INFO     test_ai_mod.carbon_tasks.process_crawl_task -- processing screens for crawl
2021-04-30 14:54:51,731 INFO     test_ai_mod.carbon_tasks.process_crawl_task -- writing unique screens file
2021-04-30 14:54:51,732 INFO     test_ai_mod.carbon_tasks.process_crawl_task -- writing screen hash map
2021-04-30 14:54:51,733 INFO     test_ai_mod.carbon_tasks.process_crawl_task -- writing screen similarity file
2021-04-30 14:54:51,733 INFO     test_ai_mod.carbon_tasks.process_crawl_task -- processing elements for crawl
2021-04-30 14:54:51,750 INFO     test_ai_mod.carbon_tasks.process_crawl_task -- Writing unique tags file.
2021-04-30 14:54:51,751 INFO     test_ai_mod.carbon_tasks.process_crawl_task -- writing unique elems file
2021-04-30 14:54:51,752 INFO     test_ai_mod.carbon_tasks.process_crawl_task -- writing elem hash map
2021-04-30 14:54:51,754 INFO     test_ai_mod.carbon_tasks.process_crawl_task -- writing elem similarity file
2021-04-30 14:54:51,755 INFO     test_ai_mod.carbon_tasks.process_crawl_task -- generating and saving feature data for crawl
2021-04-30 14:54:51,755 INFO     test_ai_mod.carbon_tasks.generate_feature_data_task -- generating feature data for crawl: 20210430145447, app_id: 7335e72d-27ee-428c-b81e-dde278a19ae3, build_id: 3c2f9c71-4f5f-492f-abc8-88d7d4afa70d
2021-04-30 14:54:51,756 INFO     test_ai_mod.carbon_tasks.generate_feature_data_task -- generating screen feature data
2021-04-30 14:54:51,763 INFO     test_ai_mod.carbon_tasks.generate_feature_data_task -- saving screen feature data
2021-04-30 14:54:51,764 INFO     test_ai_mod.carbon_tasks.process_crawl_task -- generating labeler objects file for crawl (v0)
2021-04-30 14:54:51,764 ERROR    test_ai_mod.carbon_tasks.labeler_objects_task -- no screen uniques data found
2021-04-30 14:54:51,764 ERROR    test_ai_mod.carbon_tasks.labeler_objects_task -- no elem uniques data found
2021-04-30 14:54:51,764 INFO     test_ai_mod.carbon_tasks.process_crawl_task -- reconciling screens labeled at runtime
2021-04-30 14:54:51,765 INFO     test_ai_mod.carbon_tasks.process_crawl_task -- reconciling elements labeled at runtime
2021-04-30 14:54:51,766 INFO     test_ai_mod.carbon_tasks.generate_auto_labels_task -- generating auto labels for crawl: 20210430145447, app_id: 7335e72d-27ee-428c-b81e-dde278a19ae3, build_id: 3c2f9c71-4f5f-492f-abc8-88d7d4afa70d
2021-04-30 14:54:51,767 INFO     test_ai_mod.carbon_dao.local_carbon_dao -- Getting build info: APP_ID: 7335e72d-27ee-428c-b81e-dde278a19ae3, BUILD_ID: 3c2f9c71-4f5f-492f-abc8-88d7d4afa70d
2021-04-30 14:54:51,770 INFO     test_ai_mod.carbon_dao.local_carbon_dao -- Getting build info: APP_ID: 7335e72d-27ee-428c-b81e-dde278a19ae3, BUILD_ID: 3c2f9c71-4f5f-492f-abc8-88d7d4afa70d
2021-04-30 14:54:51,772 INFO     test_ai_mod.carbon_dao.local_carbon_dao -- Getting build info: APP_ID: 7335e72d-27ee-428c-b81e-dde278a19ae3, BUILD_ID: 3c2f9c71-4f5f-492f-abc8-88d7d4afa70d
2021-04-30 14:54:51,773 INFO     test_ai_mod.carbon_dao.local_carbon_dao -- Getting build info: APP_ID: 7335e72d-27ee-428c-b81e-dde278a19ae3, BUILD_ID: 34758395-bb7c-4d64-b825-9bb667e2fc8a
2021-04-30 14:54:51,775 INFO     test_ai_mod.carbon_dao.local_carbon_dao -- Getting build info: APP_ID: 7335e72d-27ee-428c-b81e-dde278a19ae3, BUILD_ID: 34758395-bb7c-4d64-b825-9bb667e2fc8a
2021-04-30 14:54:51,776 INFO     test_ai_mod.carbon_dao.local_carbon_dao -- Getting build info: APP_ID: 7335e72d-27ee-428c-b81e-dde278a19ae3, BUILD_ID: 34758395-bb7c-4d64-b825-9bb667e2fc8a
2021-04-30 14:54:51,777 INFO     test_ai_mod.carbon_dao.local_carbon_dao -- Getting build info: APP_ID: 7335e72d-27ee-428c-b81e-dde278a19ae3, BUILD_ID: 34758395-bb7c-4d64-b825-9bb667e2fc8a
2021-04-30 14:54:51,778 INFO     test_ai_mod.carbon_dao.local_carbon_dao -- Getting build info: APP_ID: 7335e72d-27ee-428c-b81e-dde278a19ae3, BUILD_ID: 34758395-bb7c-4d64-b825-9bb667e2fc8a
2021-04-30 14:54:51,779 INFO     test_ai_mod.carbon_dao.local_carbon_dao -- Getting build info: APP_ID: 7335e72d-27ee-428c-b81e-dde278a19ae3, BUILD_ID: 34758395-bb7c-4d64-b825-9bb667e2fc8a
2021-04-30 14:54:51,781 INFO     test_ai_mod.carbon_dao.local_carbon_dao -- Getting build info: APP_ID: 7335e72d-27ee-428c-b81e-dde278a19ae3, BUILD_ID: 34758395-bb7c-4d64-b825-9bb667e2fc8a
2021-04-30 14:54:51,782 INFO     test_ai_mod.carbon_dao.local_carbon_dao -- Getting build info: APP_ID: 7335e72d-27ee-428c-b81e-dde278a19ae3, BUILD_ID: 34758395-bb7c-4d64-b825-9bb667e2fc8a
2021-04-30 14:54:51,783 INFO     test_ai_mod.carbon_dao.local_carbon_dao -- Getting build info: APP_ID: 7335e72d-27ee-428c-b81e-dde278a19ae3, BUILD_ID: 34758395-bb7c-4d64-b825-9bb667e2fc8a
2021-04-30 14:54:51,902 INFO     test_ai_mod.carbon_tasks.generate_auto_labels_task -- writing merged, suggested labels to file: /Users/bot/test_ai/apps/7335e72d-27ee-428c-b81e-dde278a19ae3/builds/3c2f9c71-4f5f-492f-abc8-88d7d4afa70d/crawls/20210430145447/labels/suggested_labels.json
2021-04-30 14:54:51,906 INFO     test_ai_mod.carbon_tasks.generate_auto_labels_task -- writing merged, suggested labels to file: /Users/bot/test_ai/apps/7335e72d-27ee-428c-b81e-dde278a19ae3/builds/3c2f9c71-4f5f-492f-abc8-88d7d4afa70d/crawls/20210430154156/labels/suggested_labels.json
2021-04-30 14:54:51,915 INFO     test_ai_mod.carbon_tasks.generate_auto_labels_task -- writing merged, suggested labels to file: /Users/bot/test_ai/apps/7335e72d-27ee-428c-b81e-dde278a19ae3/builds/34758395-bb7c-4d64-b825-9bb667e2fc8a/crawls/20210430153706/labels/suggested_labels.json
2021-04-30 14:54:51,915 INFO     test_ai_mod.carbon_tasks.generate_auto_labels_task -- writing merged, suggested labels to file: /Users/bot/test_ai/apps/7335e72d-27ee-428c-b81e-dde278a19ae3/builds/34758395-bb7c-4d64-b825-9bb667e2fc8a/crawls/20210430130456/labels/suggested_labels.json
2021-04-30 14:54:51,919 INFO     test_ai_mod.carbon_tasks.generate_auto_labels_task -- writing merged, suggested labels to file: /Users/bot/test_ai/apps/7335e72d-27ee-428c-b81e-dde278a19ae3/builds/34758395-bb7c-4d64-b825-9bb667e2fc8a/crawls/20210429134444/labels/suggested_labels.json
2021-04-30 14:54:51,926 INFO     test_ai_mod.carbon_tasks.generate_auto_labels_task -- writing merged, suggested labels to file: /Users/bot/test_ai/apps/7335e72d-27ee-428c-b81e-dde278a19ae3/builds/34758395-bb7c-4d64-b825-9bb667e2fc8a/crawls/20210430133028/labels/suggested_labels.json
2021-04-30 14:54:51,946 INFO     test_ai_mod.carbon_tasks.generate_auto_labels_task -- writing merged, suggested labels to file: /Users/bot/test_ai/apps/7335e72d-27ee-428c-b81e-dde278a19ae3/builds/34758395-bb7c-4d64-b825-9bb667e2fc8a/crawls/20210430131251/labels/suggested_labels.json
2021-04-30 14:54:51,980 INFO     test_ai_mod.carbon_tasks.generate_auto_labels_task -- writing merged, suggested labels to file: /Users/bot/test_ai/apps/7335e72d-27ee-428c-b81e-dde278a19ae3/builds/34758395-bb7c-4d64-b825-9bb667e2fc8a/crawls/20210429135642/labels/suggested_labels.json
2021-04-30 14:54:52,006 INFO     test_ai_mod.carbon_tasks.generate_auto_labels_task -- writing merged, suggested labels to file: /Users/bot/test_ai/apps/7335e72d-27ee-428c-b81e-dde278a19ae3/builds/34758395-bb7c-4d64-b825-9bb667e2fc8a/crawls/20210429135309/labels/suggested_labels.json
2021-04-30 14:54:52,011 INFO     test_ai_mod.carbon_tasks.generate_auto_labels_task -- writing merged, suggested labels to file: /Users/bot/test_ai/apps/7335e72d-27ee-428c-b81e-dde278a19ae3/builds/34758395-bb7c-4d64-b825-9bb667e2fc8a/crawls/20210429133652/labels/suggested_labels.json
2021-04-30 14:54:52,015 INFO     test_ai_mod.carbon_tasks.generate_auto_labels_task -- writing merged, suggested labels to file: /Users/bot/test_ai/apps/7335e72d-27ee-428c-b81e-dde278a19ae3/builds/34758395-bb7c-4d64-b825-9bb667e2fc8a/crawls/20210430131708/labels/suggested_labels.json
2021-04-30 14:54:52,049 INFO     test_ai_mod.carbon_tasks.generate_auto_labels_task -- writing applied hashes to labels to file: /Users/bot/test_ai/apps/7335e72d-27ee-428c-b81e-dde278a19ae3/lkg/hashes_to_labels.json
2021-04-30 14:54:52,064 INFO     test_ai_mod.carbon_tasks.generate_auto_labels_task -- writing applied human readable to labels to file: /Users/bot/test_ai/apps/7335e72d-27ee-428c-b81e-dde278a19ae3/lkg/human_readable_to_labels.json
2021-04-30 14:54:52,065 INFO     test_ai_mod.carbon_tasks.generate_auto_labels_task -- writing label to hash dicts to file: /Users/bot/test_ai/apps/7335e72d-27ee-428c-b81e-dde278a19ae3/lkg/label_to_hash_dicts.json
2021-04-30 14:54:52,067 INFO     test_ai_mod.carbon_tasks.generate_auto_labels_task -- writing human readable to paths to file: /Users/bot/test_ai/apps/7335e72d-27ee-428c-b81e-dde278a19ae3/lkg/human_readable_to_paths.json
2021-04-30 14:54:52,070 INFO     test_ai_mod.carbon_classifiers.label_classifier_pipe -- Begin loading configured modules
2021-04-30 14:54:52,073 INFO     test_ai_mod.carbon_classifiers.carbon_classifier_v1.screen_classifier -- Loading ScreenClassifier
2021-04-30 14:54:52,074 INFO     test_ai_mod.carbon_classifiers.template_matching.app_specific_template_matcher -- Loading AppSpecificTemplateMatcher
2021-04-30 14:54:52,077 INFO     test_ai_mod.carbon_classifiers.perceptual.nn_classifier -- Loading NNClassifier
2021-04-30 14:54:52,077 INFO     test_ai_mod.carbon_classifiers.template_matching.template_matching_classifier -- Loading TemplateMatchingClassifier
2021-04-30 14:54:52,078 WARNING  test_ai_mod.carbon_classifiers.template_matching.template_matching_classifier -- No template director exists at /Users/bot/test_ai/templates
2021-04-30 14:54:52,079 INFO     test_ai_mod.carbon_classifiers.general_classifier_v1.general_classifier -- Initializing general classifiers
2021-04-30 14:54:52,080 INFO     test_ai_mod.carbon_classifiers.general_classifier_v1.general_classifier -- loading classifier data: SCREENS, from path: /Users/bot/Desktop/test_ai_v270.app/Contents/MacOS/SCREENS.unenc
2021-04-30 14:54:53,986 INFO     test_ai_mod.carbon_classifiers.general_classifier_v1.general_classifier -- Loaded SCREENS classifiers, 1.9076499939
2021-04-30 14:54:53,987 INFO     test_ai_mod.carbon_classifiers.general_classifier_v1.general_classifier -- loading classifier data: ELEM_IMAGES, from path: /Users/bot/Desktop/test_ai_v270.app/Contents/MacOS/ELEM_IMAGES.unenc
2021-04-30 14:54:54,528 INFO     test_ai_mod.carbon_classifiers.general_classifier_v1.general_classifier -- Loaded ELEM_IMAGES classifiers, 0.54149389267
2021-04-30 14:54:54,530 INFO     test_ai_mod.carbon_classifiers.general_classifier_v1.general_classifier -- loading classifier data: IMAGENET, from path: /Users/bot/Desktop/test_ai_v270.app/Contents/MacOS/IMAGENET.unenc
2021-04-30 14:54:55,615 INFO     test_ai_mod.carbon_classifiers.general_classifier_v1.general_classifier -- Loaded IMAGENET classifiers, 1.08742499352
2021-04-30 14:54:56,935 INFO     werkzeug -- 127.0.0.1 - - [30/Apr/2021 14:54:56] "[37mGET /api/v2/status HTTP/1.1[0m" 200 -
2021-04-30 14:54:58,037 INFO     test_ai_mod.carbon_classifiers.general_classifier_v1.general_classifier -- Finished general classification load attempt: 1.08742499352
2021-04-30 14:54:58,099 INFO     test_ai_mod.carbon_classifiers.http_classifier.http_classifier -- Loaded Http Classifier for ""
2021-04-30 14:54:58,100 INFO     test_ai_mod.carbon_tasks.generate_auto_labels_task -- classifying 0 unique screens
2021-04-30 14:54:58,100 INFO     test_ai_mod.carbon_utils.carbon_data -- loading models from LKG dir
2021-04-30 14:54:58,101 INFO     test_ai_mod.carbon_utils.carbon_data -- no models dir found, returning empty "screens" models list
2021-04-30 14:54:58,101 INFO     test_ai_mod.carbon_utils.carbon_data -- loading models from LKG dir
2021-04-30 14:54:58,101 INFO     test_ai_mod.carbon_utils.carbon_data -- no models dir found, returning empty "elems" models list
2021-04-30 14:54:58,102 INFO     test_ai_mod.carbon_tasks.generate_auto_labels_task -- classifying 0 unique elems
2021-04-30 14:54:58,103 INFO     test_ai_mod.carbon_utils.carbon_data -- loading models from LKG dir
2021-04-30 14:54:58,103 INFO     test_ai_mod.carbon_utils.carbon_data -- no models dir found, returning empty "screens" models list
2021-04-30 14:54:58,103 INFO     test_ai_mod.carbon_utils.carbon_data -- loading models from LKG dir
2021-04-30 14:54:58,103 INFO     test_ai_mod.carbon_utils.carbon_data -- no models dir found, returning empty "elems" models list
2021-04-30 14:54:58,104 INFO     test_ai_mod.carbon_classifiers.label_classifier_pipe -- Begin labeling elements
2021-04-30 14:54:58,116 INFO     test_ai_mod.carbon_classifiers.template_matching.app_specific_template_matcher -- Classifying screen with AppSpecificTemplateMatcher
2021-04-30 14:54:58,117 INFO     test_ai_mod.carbon_classifiers.perceptual.nn_classifier -- Classifying screen with NNClassifier
2021-04-30 14:54:58,138 INFO     test_ai_mod.carbon_classifiers.label_classifier_pipe -- End labeling elements: Time taken 0.0340170860291 seconds
2021-04-30 14:54:58,141 INFO     test_ai_mod.carbon_tasks.generate_auto_labels_task -- writing merged, suggested labels to file: /Users/bot/test_ai/apps/7335e72d-27ee-428c-b81e-dde278a19ae3/builds/3c2f9c71-4f5f-492f-abc8-88d7d4afa70d/crawls/20210430145447/labels/suggested_labels.json
2021-04-30 14:54:58,142 INFO     test_ai_mod.carbon_controllers.crawls -- Removing threaded log file handler for crawl.
