2021-04-30 14:58:33,294 INFO     test_ai_mod.carbon_controllers.crawls -- Logging crawl output to /Users/bot/test_ai/apps/7335e72d-27ee-428c-b81e-dde278a19ae3/builds/3c2f9c71-4f5f-492f-abc8-88d7d4afa70d/logs/crawl-20210430205833.log
2021-04-30 14:58:33,295 INFO     test_ai_mod.carbon_tasks.crawl_build_task -- crawling build, app_id: 7335e72d-27ee-428c-b81e-dde278a19ae3, build_id: 3c2f9c71-4f5f-492f-abc8-88d7d4afa70d
2021-04-30 14:58:33,295 INFO     test_ai_mod.carbon_tasks.crawl_build_task -- num_steps (when no test): 25
2021-04-30 14:58:33,296 INFO     test_ai_mod.carbon_tasks.crawl_build_task -- max_steps: 150
2021-04-30 14:58:33,442 INFO     test_ai_mod.carbon_tasks.crawl_build_task -- max_iterations: 1
2021-04-30 14:58:33,442 INFO     test_ai_mod.carbon_tasks.crawl_build_task -- rand_seed: 1619815052
2021-04-30 14:58:33,442 INFO     test_ai_mod.carbon_tasks.crawl_build_task -- test_wildcard: *
2021-04-30 14:58:33,443 INFO     test_ai_mod.carbon_tasks.crawl_build_task -- package: com.chewy.android
2021-04-30 14:58:33,443 INFO     test_ai_mod.carbon_tasks.crawl_build_task -- eyes_api_key: None
2021-04-30 14:58:33,443 INFO     test_ai_mod.carbon_tasks.crawl_build_task -- is_noop: False
2021-04-30 14:58:33,452 INFO     test_ai_mod.carbon_tasks.crawl_build_task -- created crawl, id: 20210430145833
2021-04-30 14:58:33,456 INFO     werkzeug -- 127.0.0.1 - - [30/Apr/2021 14:58:33] "[37mGET /favicon.ico HTTP/1.1[0m" 200 -
2021-04-30 14:58:33,458 INFO     test_ai_mod.carbon_dao.local_carbon_dao -- Getting build info: APP_ID: 7335e72d-27ee-428c-b81e-dde278a19ae3, BUILD_ID: 3c2f9c71-4f5f-492f-abc8-88d7d4afa70d
2021-04-30 14:58:33,466 INFO     test_ai_mod.carbon_dao.local_carbon_dao -- Getting build info: APP_ID: 7335e72d-27ee-428c-b81e-dde278a19ae3, BUILD_ID: 3c2f9c71-4f5f-492f-abc8-88d7d4afa70d
2021-04-30 14:58:34,312 INFO     test_ai_mod.carbon_explore.explore -- using default extra walk count: 0
2021-04-30 14:58:34,319 INFO     test_ai_mod.carbon_tasks.crawl_build_task -- initiating walk [1/1]
2021-04-30 14:58:34,319 INFO     test_ai_mod.carbon_test_case.carbon_tests -- initial number of steps for walk: 25
2021-04-30 14:58:34,319 INFO     test_ai_mod.carbon_tasks.crawl_build_task -- effective_max_steps this walk: 26
2021-04-30 14:58:34,319 INFO     test_ai_mod.carbon_explore.explore -- **************************************************
2021-04-30 14:58:34,319 INFO     test_ai_mod.carbon_explore.explore -- **************************************************
2021-04-30 14:58:34,319 INFO     test_ai_mod.carbon_explore.explore -- *                                                *
2021-04-30 14:58:34,319 INFO     test_ai_mod.carbon_explore.explore -- *                   BRAIN                    *
2021-04-30 14:58:34,319 INFO     test_ai_mod.carbon_explore.explore -- *                                                *
2021-04-30 14:58:34,320 INFO     test_ai_mod.carbon_explore.explore -- **************************************************
2021-04-30 14:58:34,326 INFO     test_ai_mod.carbon_explore.explore -- **************************************************
2021-04-30 14:58:34,327 INFO     test_ai_mod.carbon_initialization.initialization -- Random seed: 1619815052
2021-04-30 14:58:34,329 INFO     test_ai_mod.carbon_initialization.initialization -- ````````````````````````````````````````````````````````````````````````````````
2021-04-30 14:58:34,329 INFO     test_ai_mod.carbon_initialization.initialization --                   PACKAGE: com.chewy.android
2021-04-30 14:58:34,330 INFO     test_ai_mod.carbon_initialization.initialization -- ````````````````````````````````````````````````````````````````````````````````
2021-04-30 14:58:34,330 INFO     test_ai_mod.carbon_initialization.initialization -- platform: ANDROID
2021-04-30 14:58:34,331 INFO     test_ai_mod.carbon_initialization.initialization -- using crawl_directory: /Users/bot/test_ai/apps/7335e72d-27ee-428c-b81e-dde278a19ae3/builds/3c2f9c71-4f5f-492f-abc8-88d7d4afa70d/crawls/20210430145833
2021-04-30 14:58:34,332 INFO     test_ai_mod.carbon_botio.bot_io -- retrieving bot IO for app: 7335e72d-27ee-428c-b81e-dde278a19ae3
2021-04-30 14:58:34,332 INFO     test_ai_mod.carbon_botio.bot_io -- ^^^^^^^^^^^^^^^^^^^^^^^^^^^^^^^^^^^^^^^^^^^^^^^^^^^^^^^^^^^^^^^^^^^^^^^^^^^^^^^^
2021-04-30 14:58:34,334 INFO     test_ai_mod.carbon_botio.bot_io -- botio_filepath: /Users/bot/test_ai/apps/7335e72d-27ee-428c-b81e-dde278a19ae3/lkg/botio.json
2021-04-30 14:58:34,335 INFO     test_ai_mod.carbon_botio.bot_io -- use_snapshot: False
2021-04-30 14:58:34,335 INFO     test_ai_mod.carbon_botio.bot_io -- no botIO found for app: 7335e72d-27ee-428c-b81e-dde278a19ae3
2021-04-30 14:58:34,339 INFO     test_ai_mod.carbon_utils.carbon_data -- loading models from LKG dir
2021-04-30 14:58:34,340 INFO     test_ai_mod.carbon_utils.carbon_data -- no models dir found, returning empty "screens" models list
2021-04-30 14:58:34,340 INFO     test_ai_mod.carbon_utils.carbon_data -- loading models from LKG dir
2021-04-30 14:58:34,341 INFO     test_ai_mod.carbon_utils.carbon_data -- no models dir found, returning empty "elems" models list
2021-04-30 14:58:34,349 INFO     test_ai_mod.carbon_explore.test_hooks -- Test case is None, no need for on_setup.
2021-04-30 14:58:34,351 INFO     test_ai_mod.carbon_utils.simulator_tools -- preparing clean iteration state...
2021-04-30 14:58:44,127 INFO     werkzeug -- 127.0.0.1 - - [30/Apr/2021 14:58:44] "[37mGET /api/v2/status HTTP/1.1[0m" 200 -
2021-04-30 14:58:44,722 INFO     test_ai_mod.carbon_automation.driver -- Screen density: 1.0
2021-04-30 14:58:44,722 INFO     test_ai_mod.carbon_utils.simulator_tools -- Attempting uninstall on app: com.chewy.android
2021-04-30 14:58:51,944 INFO     test_ai_mod.carbon_utils.simulator_tools -- Installing app: http://localhost:5000/api/v2/apps/7335e72d-27ee-428c-b81e-dde278a19ae3/builds/3c2f9c71-4f5f-492f-abc8-88d7d4afa70d/download?ext=.apk
2021-04-30 14:58:52,066 INFO     werkzeug -- 127.0.0.1 - - [30/Apr/2021 14:58:52] "[37mGET /api/v2/apps/7335e72d-27ee-428c-b81e-dde278a19ae3/builds/3c2f9c71-4f5f-492f-abc8-88d7d4afa70d/download?ext=.apk HTTP/1.1[0m" 200 -
2021-04-30 14:58:59,124 INFO     werkzeug -- 127.0.0.1 - - [30/Apr/2021 14:58:59] "[37mGET /api/v2/status HTTP/1.1[0m" 200 -
2021-04-30 14:59:14,119 INFO     werkzeug -- 127.0.0.1 - - [30/Apr/2021 14:59:14] "[37mGET /api/v2/status HTTP/1.1[0m" 200 -
2021-04-30 14:59:18,607 INFO     test_ai_mod.carbon_utils.simulator_tools -- Launching app: com.chewy.android
2021-04-30 14:59:29,138 INFO     werkzeug -- 127.0.0.1 - - [30/Apr/2021 14:59:29] "[37mGET /api/v2/status HTTP/1.1[0m" 200 -
2021-04-30 14:59:35,806 INFO     test_ai_mod.carbon_initialization.initialization -- starting dom stability
2021-04-30 14:59:38,836 INFO     test_ai_mod.carbon_actions.carbon_actions -- Got new page source
2021-04-30 14:59:44,127 INFO     werkzeug -- 127.0.0.1 - - [30/Apr/2021 14:59:44] "[37mGET /api/v2/status HTTP/1.1[0m" 200 -
2021-04-30 14:59:44,571 INFO     test_ai_mod.carbon_actions.carbon_actions -- Got new page source
2021-04-30 14:59:45,363 INFO     test_ai_mod.carbon_actions.carbon_actions -- Got new page source
2021-04-30 14:59:46,119 INFO     test_ai_mod.carbon_actions.carbon_actions -- Got new page source
2021-04-30 14:59:47,676 INFO     test_ai_mod.carbon_actions.carbon_actions -- Got new page source
2021-04-30 14:59:48,241 INFO     test_ai_mod.carbon_actions.carbon_actions -- Got new page source
2021-04-30 14:59:49,163 INFO     test_ai_mod.carbon_actions.carbon_actions -- Got new page source
2021-04-30 14:59:49,932 INFO     test_ai_mod.carbon_actions.carbon_actions -- Got new page source
2021-04-30 14:59:49,933 INFO     test_ai_mod.carbon_actions.carbon_actions -- Seen the same screen the max amount (5)
2021-04-30 14:59:49,934 INFO     test_ai_mod.carbon_actions.carbon_actions -- sources aren't equal, clearing
2021-04-30 14:59:49,934 INFO     test_ai_mod.carbon_explore.explore_utils -- saving screenshot
2021-04-30 14:59:55,132 INFO     test_ai_mod.carbon_explore.explore_utils -- scn_shot_file_path: /Users/bot/test_ai/apps/7335e72d-27ee-428c-b81e-dde278a19ae3/builds/3c2f9c71-4f5f-492f-abc8-88d7d4afa70d/crawls/20210430145833/tmp/runtime_labeling_screen.png
2021-04-30 14:59:59,121 INFO     werkzeug -- 127.0.0.1 - - [30/Apr/2021 14:59:59] "[37mGET /api/v2/status HTTP/1.1[0m" 200 -
2021-04-30 15:00:09,232 ERROR    test_ai_mod.carbon_automation.driver -- Unable to get active app package.
2021-04-30 15:00:09,233 INFO     test_ai_mod.carbon_initialization.initialization -- current package sent in as: com.chewy.android
2021-04-30 15:00:09,233 INFO     test_ai_mod.carbon_initialization.initialization -- ended dom stability
2021-04-30 15:00:09,238 INFO     test_ai_mod.carbon_explore.explore -- package is set to: com.chewy.android
2021-04-30 15:00:09,238 INFO     test_ai_mod.carbon_explore.explore -- ********************************************************************************
2021-04-30 15:00:09,238 INFO     test_ai_mod.carbon_explore.explore -- * TIMEOUT: None
2021-04-30 15:00:09,239 INFO     test_ai_mod.carbon_explore.explore -- * disable_bounceback: False
2021-04-30 15:00:09,239 INFO     test_ai_mod.carbon_explore.explore -- ********************************************************************************
2021-04-30 15:00:09,239 INFO     test_ai_mod.carbon_explore.explore -- getting walk queue
2021-04-30 15:00:09,240 INFO     test_ai_mod.carbon_explore.explore_utils -- getting xml_src
2021-04-30 15:00:09,546 INFO     test_ai_mod.carbon_explore.explore_utils -- getting screen_elems
2021-04-30 15:00:09,559 INFO     test_ai_mod.carbon_explore.explore_utils -- filtering elems - 40
2021-04-30 15:00:09,560 INFO     test_ai_mod.carbon_explore.explore_utils -- saving info - 40
2021-04-30 15:00:09,560 INFO     test_ai_mod.carbon_explore.explore_utils -- saving core elems iter: 0, step 0, save_dir: /Users/bot/test_ai/apps/7335e72d-27ee-428c-b81e-dde278a19ae3/builds/3c2f9c71-4f5f-492f-abc8-88d7d4afa70d/crawls/20210430145833
2021-04-30 15:00:09,580 INFO     test_ai_mod.carbon_explore.explore -- got all screen info saved
2021-04-30 15:00:09,582 INFO     test_ai_mod.carbon_explore.explore_utils -- saving core elems iter: 0, step 0, save_dir: /Users/bot/test_ai/apps/7335e72d-27ee-428c-b81e-dde278a19ae3/builds/3c2f9c71-4f5f-492f-abc8-88d7d4afa70d/crawls/20210430145833
2021-04-30 15:00:09,604 INFO     test_ai_mod.carbon_explore.result_storage -- LOG FILE PATH: /Users/bot/test_ai/apps/7335e72d-27ee-428c-b81e-dde278a19ae3/builds/3c2f9c71-4f5f-492f-abc8-88d7d4afa70d/crawls/20210430145833/iter_00000_step_00000_logs.txt
2021-04-30 15:00:09,604 INFO     test_ai_mod.carbon_explore.result_storage -- ALL LOGS FILE PATH: /Users/bot/test_ai/apps/7335e72d-27ee-428c-b81e-dde278a19ae3/builds/3c2f9c71-4f5f-492f-abc8-88d7d4afa70d/crawls/20210430145833/iter_00000_step_-0001_logs.txt
2021-04-30 15:00:10,026 INFO     test_ai_mod.carbon_explore.interactive -- Interactive explore -- start_interactive_loop starting.
2021-04-30 15:00:10,043 INFO     test_ai_mod.carbon_explore.interactive -- Interactive explore -- running initial auto label
2021-04-30 15:00:10,043 INFO     test_ai_mod.carbon_tasks.process_crawl_task -- processing crawl: 20210430145833 (app: 7335e72d-27ee-428c-b81e-dde278a19ae3, build: 3c2f9c71-4f5f-492f-abc8-88d7d4afa70d)
2021-04-30 15:00:10,043 INFO     test_ai_mod.carbon_tasks.process_crawl_task -- processing screens for crawl
2021-04-30 15:00:10,227 INFO     test_ai_mod.carbon_tasks.process_crawl_task -- writing unique screens file
2021-04-30 15:00:10,228 INFO     test_ai_mod.carbon_tasks.process_crawl_task -- writing screen hash map
2021-04-30 15:00:10,229 INFO     test_ai_mod.carbon_tasks.process_crawl_task -- writing screen similarity file
2021-04-30 15:00:10,230 INFO     test_ai_mod.carbon_tasks.process_crawl_task -- processing elements for crawl
2021-04-30 15:00:10,232 INFO     test_ai_mod.carbon_tasks.process_crawl_task -- processing: iter_00000_step_00000_info.json
2021-04-30 15:00:12,092 INFO     test_ai_mod.carbon_tasks.process_crawl_task -- Writing unique tags file.
2021-04-30 15:00:12,093 INFO     test_ai_mod.carbon_tasks.process_crawl_task -- writing unique elems file
2021-04-30 15:00:12,095 INFO     test_ai_mod.carbon_tasks.process_crawl_task -- writing elem hash map
2021-04-30 15:00:12,105 INFO     test_ai_mod.carbon_tasks.process_crawl_task -- writing elem similarity file
2021-04-30 15:00:12,107 INFO     test_ai_mod.carbon_tasks.process_crawl_task -- generating labeler objects file for crawl (v0)
2021-04-30 15:00:12,118 INFO     test_ai_mod.carbon_tasks.process_crawl_task -- reconciling screens labeled at runtime
2021-04-30 15:00:12,118 INFO     test_ai_mod.carbon_tasks.process_crawl_task -- reconciling elements labeled at runtime
2021-04-30 15:00:12,126 INFO     test_ai_mod.carbon_tasks.generate_auto_labels_task -- generating auto labels for crawl: 20210430145833, app_id: 7335e72d-27ee-428c-b81e-dde278a19ae3, build_id: 3c2f9c71-4f5f-492f-abc8-88d7d4afa70d
2021-04-30 15:00:12,129 INFO     test_ai_mod.carbon_dao.local_carbon_dao -- Getting build info: APP_ID: 7335e72d-27ee-428c-b81e-dde278a19ae3, BUILD_ID: 3c2f9c71-4f5f-492f-abc8-88d7d4afa70d
2021-04-30 15:00:12,138 INFO     test_ai_mod.carbon_dao.local_carbon_dao -- Getting build info: APP_ID: 7335e72d-27ee-428c-b81e-dde278a19ae3, BUILD_ID: 3c2f9c71-4f5f-492f-abc8-88d7d4afa70d
2021-04-30 15:00:12,140 INFO     test_ai_mod.carbon_dao.local_carbon_dao -- Getting build info: APP_ID: 7335e72d-27ee-428c-b81e-dde278a19ae3, BUILD_ID: 3c2f9c71-4f5f-492f-abc8-88d7d4afa70d
2021-04-30 15:00:12,145 INFO     test_ai_mod.carbon_dao.local_carbon_dao -- Getting build info: APP_ID: 7335e72d-27ee-428c-b81e-dde278a19ae3, BUILD_ID: 3c2f9c71-4f5f-492f-abc8-88d7d4afa70d
2021-04-30 15:00:12,150 INFO     test_ai_mod.carbon_dao.local_carbon_dao -- Getting build info: APP_ID: 7335e72d-27ee-428c-b81e-dde278a19ae3, BUILD_ID: 34758395-bb7c-4d64-b825-9bb667e2fc8a
2021-04-30 15:00:12,158 INFO     test_ai_mod.carbon_dao.local_carbon_dao -- Getting build info: APP_ID: 7335e72d-27ee-428c-b81e-dde278a19ae3, BUILD_ID: 34758395-bb7c-4d64-b825-9bb667e2fc8a
2021-04-30 15:00:12,163 INFO     test_ai_mod.carbon_dao.local_carbon_dao -- Getting build info: APP_ID: 7335e72d-27ee-428c-b81e-dde278a19ae3, BUILD_ID: 34758395-bb7c-4d64-b825-9bb667e2fc8a
2021-04-30 15:00:12,166 INFO     test_ai_mod.carbon_dao.local_carbon_dao -- Getting build info: APP_ID: 7335e72d-27ee-428c-b81e-dde278a19ae3, BUILD_ID: 34758395-bb7c-4d64-b825-9bb667e2fc8a
2021-04-30 15:00:12,167 INFO     test_ai_mod.carbon_dao.local_carbon_dao -- Getting build info: APP_ID: 7335e72d-27ee-428c-b81e-dde278a19ae3, BUILD_ID: 34758395-bb7c-4d64-b825-9bb667e2fc8a
2021-04-30 15:00:12,170 INFO     test_ai_mod.carbon_dao.local_carbon_dao -- Getting build info: APP_ID: 7335e72d-27ee-428c-b81e-dde278a19ae3, BUILD_ID: 34758395-bb7c-4d64-b825-9bb667e2fc8a
2021-04-30 15:00:12,173 INFO     test_ai_mod.carbon_dao.local_carbon_dao -- Getting build info: APP_ID: 7335e72d-27ee-428c-b81e-dde278a19ae3, BUILD_ID: 34758395-bb7c-4d64-b825-9bb667e2fc8a
2021-04-30 15:00:12,179 INFO     test_ai_mod.carbon_dao.local_carbon_dao -- Getting build info: APP_ID: 7335e72d-27ee-428c-b81e-dde278a19ae3, BUILD_ID: 34758395-bb7c-4d64-b825-9bb667e2fc8a
2021-04-30 15:00:12,182 INFO     test_ai_mod.carbon_dao.local_carbon_dao -- Getting build info: APP_ID: 7335e72d-27ee-428c-b81e-dde278a19ae3, BUILD_ID: 34758395-bb7c-4d64-b825-9bb667e2fc8a
2021-04-30 15:00:12,278 INFO     test_ai_mod.carbon_tasks.generate_auto_labels_task -- writing merged, suggested labels to file: /Users/bot/test_ai/apps/7335e72d-27ee-428c-b81e-dde278a19ae3/builds/3c2f9c71-4f5f-492f-abc8-88d7d4afa70d/crawls/20210430154156/labels/suggested_labels.json
2021-04-30 15:00:12,284 INFO     test_ai_mod.carbon_tasks.generate_auto_labels_task -- writing merged, suggested labels to file: /Users/bot/test_ai/apps/7335e72d-27ee-428c-b81e-dde278a19ae3/builds/3c2f9c71-4f5f-492f-abc8-88d7d4afa70d/crawls/20210430145447/labels/suggested_labels.json
2021-04-30 15:00:12,288 INFO     test_ai_mod.carbon_tasks.generate_auto_labels_task -- writing merged, suggested labels to file: /Users/bot/test_ai/apps/7335e72d-27ee-428c-b81e-dde278a19ae3/builds/3c2f9c71-4f5f-492f-abc8-88d7d4afa70d/crawls/20210430145833/labels/suggested_labels.json
2021-04-30 15:00:12,294 INFO     test_ai_mod.carbon_tasks.generate_auto_labels_task -- writing merged, suggested labels to file: /Users/bot/test_ai/apps/7335e72d-27ee-428c-b81e-dde278a19ae3/builds/34758395-bb7c-4d64-b825-9bb667e2fc8a/crawls/20210430153706/labels/suggested_labels.json
2021-04-30 15:00:12,295 INFO     test_ai_mod.carbon_tasks.generate_auto_labels_task -- writing merged, suggested labels to file: /Users/bot/test_ai/apps/7335e72d-27ee-428c-b81e-dde278a19ae3/builds/34758395-bb7c-4d64-b825-9bb667e2fc8a/crawls/20210430130456/labels/suggested_labels.json
2021-04-30 15:00:12,296 INFO     test_ai_mod.carbon_tasks.generate_auto_labels_task -- writing merged, suggested labels to file: /Users/bot/test_ai/apps/7335e72d-27ee-428c-b81e-dde278a19ae3/builds/34758395-bb7c-4d64-b825-9bb667e2fc8a/crawls/20210430133028/labels/suggested_labels.json
2021-04-30 15:00:12,297 INFO     test_ai_mod.carbon_tasks.generate_auto_labels_task -- writing merged, suggested labels to file: /Users/bot/test_ai/apps/7335e72d-27ee-428c-b81e-dde278a19ae3/builds/34758395-bb7c-4d64-b825-9bb667e2fc8a/crawls/20210429134444/labels/suggested_labels.json
2021-04-30 15:00:12,298 INFO     test_ai_mod.carbon_tasks.generate_auto_labels_task -- writing merged, suggested labels to file: /Users/bot/test_ai/apps/7335e72d-27ee-428c-b81e-dde278a19ae3/builds/34758395-bb7c-4d64-b825-9bb667e2fc8a/crawls/20210430131251/labels/suggested_labels.json
2021-04-30 15:00:12,376 INFO     test_ai_mod.carbon_tasks.generate_auto_labels_task -- writing merged, suggested labels to file: /Users/bot/test_ai/apps/7335e72d-27ee-428c-b81e-dde278a19ae3/builds/34758395-bb7c-4d64-b825-9bb667e2fc8a/crawls/20210429135309/labels/suggested_labels.json
2021-04-30 15:00:12,376 INFO     test_ai_mod.carbon_tasks.generate_auto_labels_task -- writing merged, suggested labels to file: /Users/bot/test_ai/apps/7335e72d-27ee-428c-b81e-dde278a19ae3/builds/34758395-bb7c-4d64-b825-9bb667e2fc8a/crawls/20210429133652/labels/suggested_labels.json
2021-04-30 15:00:12,376 INFO     test_ai_mod.carbon_tasks.generate_auto_labels_task -- writing merged, suggested labels to file: /Users/bot/test_ai/apps/7335e72d-27ee-428c-b81e-dde278a19ae3/builds/34758395-bb7c-4d64-b825-9bb667e2fc8a/crawls/20210430131708/labels/suggested_labels.json
2021-04-30 15:00:12,377 INFO     test_ai_mod.carbon_tasks.generate_auto_labels_task -- writing merged, suggested labels to file: /Users/bot/test_ai/apps/7335e72d-27ee-428c-b81e-dde278a19ae3/builds/34758395-bb7c-4d64-b825-9bb667e2fc8a/crawls/20210429135642/labels/suggested_labels.json
2021-04-30 15:00:12,399 INFO     test_ai_mod.carbon_tasks.generate_auto_labels_task -- writing applied hashes to labels to file: /Users/bot/test_ai/apps/7335e72d-27ee-428c-b81e-dde278a19ae3/lkg/hashes_to_labels.json
2021-04-30 15:00:12,400 INFO     test_ai_mod.carbon_tasks.generate_auto_labels_task -- writing applied human readable to labels to file: /Users/bot/test_ai/apps/7335e72d-27ee-428c-b81e-dde278a19ae3/lkg/human_readable_to_labels.json
2021-04-30 15:00:12,401 INFO     test_ai_mod.carbon_tasks.generate_auto_labels_task -- writing label to hash dicts to file: /Users/bot/test_ai/apps/7335e72d-27ee-428c-b81e-dde278a19ae3/lkg/label_to_hash_dicts.json
2021-04-30 15:00:12,402 INFO     test_ai_mod.carbon_tasks.generate_auto_labels_task -- writing human readable to paths to file: /Users/bot/test_ai/apps/7335e72d-27ee-428c-b81e-dde278a19ae3/lkg/human_readable_to_paths.json
2021-04-30 15:00:12,403 INFO     test_ai_mod.carbon_classifiers.label_classifier_pipe -- Begin loading configured modules
2021-04-30 15:00:12,404 INFO     test_ai_mod.carbon_classifiers.carbon_classifier_v1.screen_classifier -- Loading ScreenClassifier
2021-04-30 15:00:12,404 INFO     test_ai_mod.carbon_classifiers.template_matching.app_specific_template_matcher -- Loading AppSpecificTemplateMatcher
2021-04-30 15:00:12,405 INFO     test_ai_mod.carbon_classifiers.perceptual.nn_classifier -- Loading NNClassifier
2021-04-30 15:00:12,405 INFO     test_ai_mod.carbon_classifiers.template_matching.template_matching_classifier -- Loading TemplateMatchingClassifier
2021-04-30 15:00:12,405 WARNING  test_ai_mod.carbon_classifiers.template_matching.template_matching_classifier -- No template director exists at /Users/bot/test_ai/templates
2021-04-30 15:00:12,405 INFO     test_ai_mod.carbon_classifiers.http_classifier.http_classifier -- Loaded Http Classifier for ""
2021-04-30 15:00:12,406 INFO     test_ai_mod.carbon_tasks.generate_auto_labels_task -- classifying 1 unique screens
2021-04-30 15:00:12,406 INFO     test_ai_mod.carbon_utils.carbon_data -- loading models from LKG dir
2021-04-30 15:00:12,407 INFO     test_ai_mod.carbon_utils.carbon_data -- no models dir found, returning empty "screens" models list
2021-04-30 15:00:12,408 INFO     test_ai_mod.carbon_utils.carbon_data -- loading models from LKG dir
2021-04-30 15:00:12,409 INFO     test_ai_mod.carbon_utils.carbon_data -- no models dir found, returning empty "elems" models list
2021-04-30 15:00:12,415 INFO     test_ai_mod.carbon_classifiers.label_classifier_pipe -- Begin labeling elements
2021-04-30 15:00:12,444 INFO     test_ai_mod.carbon_classifiers.template_matching.app_specific_template_matcher -- Classifying screen with AppSpecificTemplateMatcher
2021-04-30 15:00:12,445 INFO     test_ai_mod.carbon_classifiers.perceptual.nn_classifier -- Classifying screen with NNClassifier
2021-04-30 15:00:12,564 INFO     test_ai_mod.carbon_classifiers.label_classifier_pipe -- End labeling elements: Time taken 0.144445896149 seconds
2021-04-30 15:00:12,565 INFO     test_ai_mod.carbon_tasks.generate_auto_labels_task -- classifying 40 unique elems
2021-04-30 15:00:12,572 INFO     test_ai_mod.carbon_utils.carbon_data -- loading models from LKG dir
2021-04-30 15:00:12,573 INFO     test_ai_mod.carbon_utils.carbon_data -- no models dir found, returning empty "screens" models list
2021-04-30 15:00:12,573 INFO     test_ai_mod.carbon_utils.carbon_data -- loading models from LKG dir
2021-04-30 15:00:12,573 INFO     test_ai_mod.carbon_utils.carbon_data -- no models dir found, returning empty "elems" models list
2021-04-30 15:00:12,573 INFO     test_ai_mod.carbon_classifiers.label_classifier_pipe -- Begin labeling elements
2021-04-30 15:00:12,596 INFO     test_ai_mod.carbon_classifiers.template_matching.app_specific_template_matcher -- Classifying screen with AppSpecificTemplateMatcher
2021-04-30 15:00:12,597 INFO     test_ai_mod.carbon_classifiers.perceptual.nn_classifier -- Classifying screen with NNClassifier
2021-04-30 15:00:13,505 INFO     test_ai_mod.carbon_classifiers.perceptual.nn_classifier -- elem classified: inp_search, score: 1.0
2021-04-30 15:00:13,511 INFO     test_ai_mod.carbon_classifiers.perceptual.nn_classifier -- elem classified: btn_sign_in, score: 1.0
2021-04-30 15:00:13,537 INFO     test_ai_mod.carbon_classifiers.label_classifier_pipe -- End labeling elements: Time taken 0.963212966919 seconds
2021-04-30 15:00:13,539 INFO     test_ai_mod.carbon_tasks.generate_auto_labels_task -- writing merged, suggested labels to file: /Users/bot/test_ai/apps/7335e72d-27ee-428c-b81e-dde278a19ae3/builds/3c2f9c71-4f5f-492f-abc8-88d7d4afa70d/crawls/20210430145833/labels/suggested_labels.json
2021-04-30 15:00:13,543 INFO     test_ai_mod.carbon_explore.interactive -- 


[32;1mCarbon Interactive Crawling Session Starting...
Please make sure you are running the test.ai GUI (./test.ai -d).
Once the GUI is running, please visit [34mhttp://localhost:5000[32;1m.
To access the interactive session, select the correct app, and click on "Live Labeling".

[0m
2021-04-30 15:00:14,122 INFO     test_ai_mod.carbon_explore.interactive -- Interactive explore -- status -- start
2021-04-30 15:00:14,122 INFO     test_ai_mod.carbon_explore.interactive -- Interactive explore -- status -- end
2021-04-30 15:00:23,397 INFO     test_ai_mod.carbon_dao.local_carbon_dao -- Getting build info: APP_ID: 7335e72d-27ee-428c-b81e-dde278a19ae3, BUILD_ID: 3c2f9c71-4f5f-492f-abc8-88d7d4afa70d
2021-04-30 15:00:23,747 INFO     test_ai_mod.carbon_explore.interactive -- Interactive explore -- status -- start
2021-04-30 15:00:23,748 INFO     test_ai_mod.carbon_explore.interactive -- Interactive explore -- status -- end
2021-04-30 15:00:24,505 INFO     test_ai_mod.carbon_dao.local_carbon_dao -- Getting build info: APP_ID: 7335e72d-27ee-428c-b81e-dde278a19ae3, BUILD_ID: 3c2f9c71-4f5f-492f-abc8-88d7d4afa70d
2021-04-30 15:00:25,530 INFO     test_ai_mod.carbon_explore.interactive -- Interactive explore -- get_crawls(android, 7335e72d-27ee-428c-b81e-dde278a19ae3) -- start
2021-04-30 15:00:25,530 INFO     test_ai_mod.carbon_explore.interactive -- Interactive explore -- get_crawls(android, 7335e72d-27ee-428c-b81e-dde278a19ae3) -- end
2021-04-30 15:00:25,671 INFO     test_ai_mod.carbon_explore.interactive -- Interactive explore -- status -- start
2021-04-30 15:00:25,672 INFO     test_ai_mod.carbon_explore.interactive -- Interactive explore -- status -- end
2021-04-30 15:00:26,034 INFO     test_ai_mod.carbon_dao.local_carbon_dao -- Getting build info: APP_ID: 7335e72d-27ee-428c-b81e-dde278a19ae3, BUILD_ID: 3c2f9c71-4f5f-492f-abc8-88d7d4afa70d
2021-04-30 15:00:26,138 INFO     test_ai_mod.carbon_explore.interactive -- Interactive explore -- get_labeler_objects -- start
2021-04-30 15:00:26,139 INFO     test_ai_mod.carbon_explore.interactive -- Interactive explore -- Processing crawl interactively 20210430145833
2021-04-30 15:00:26,140 INFO     test_ai_mod.carbon_tasks.process_crawl_task -- processing crawl: 20210430145833 (app: 7335e72d-27ee-428c-b81e-dde278a19ae3, build: 3c2f9c71-4f5f-492f-abc8-88d7d4afa70d)
2021-04-30 15:00:26,140 INFO     test_ai_mod.carbon_tasks.process_crawl_task -- processing screens for crawl
2021-04-30 15:00:26,350 INFO     test_ai_mod.carbon_tasks.process_crawl_task -- writing unique screens file
2021-04-30 15:00:26,352 INFO     test_ai_mod.carbon_tasks.process_crawl_task -- writing screen hash map
2021-04-30 15:00:26,357 INFO     test_ai_mod.carbon_tasks.process_crawl_task -- writing screen similarity file
2021-04-30 15:00:26,358 INFO     test_ai_mod.carbon_tasks.process_crawl_task -- processing elements for crawl
2021-04-30 15:00:26,360 INFO     test_ai_mod.carbon_tasks.process_crawl_task -- skipping already processed: iter_00000_step_00000_info.json
2021-04-30 15:00:27,382 INFO     test_ai_mod.carbon_tasks.process_crawl_task -- Writing unique tags file.
2021-04-30 15:00:27,383 INFO     test_ai_mod.carbon_tasks.process_crawl_task -- writing unique elems file
2021-04-30 15:00:27,385 INFO     test_ai_mod.carbon_tasks.process_crawl_task -- writing elem hash map
2021-04-30 15:00:27,394 INFO     test_ai_mod.carbon_tasks.process_crawl_task -- writing elem similarity file
2021-04-30 15:00:27,397 INFO     test_ai_mod.carbon_tasks.process_crawl_task -- generating labeler objects file for crawl (v0)
2021-04-30 15:00:27,408 INFO     test_ai_mod.carbon_tasks.process_crawl_task -- reconciling screens labeled at runtime
2021-04-30 15:00:27,409 INFO     test_ai_mod.carbon_tasks.process_crawl_task -- reconciling elements labeled at runtime
2021-04-30 15:00:27,419 INFO     test_ai_mod.carbon_explore.interactive -- Interactive explore -- Generating labels using hash information 20210430145833
2021-04-30 15:00:27,428 INFO     test_ai_mod.carbon_explore.interactive -- Interactive explore -- get_labeler_objects -- end
2021-04-30 15:00:27,560 INFO     test_ai_mod.carbon_dao.local_carbon_dao -- Getting build info: APP_ID: 7335e72d-27ee-428c-b81e-dde278a19ae3, BUILD_ID: 3c2f9c71-4f5f-492f-abc8-88d7d4afa70d
2021-04-30 15:00:27,684 INFO     test_ai_mod.carbon_dao.local_carbon_dao -- Getting build info: APP_ID: 7335e72d-27ee-428c-b81e-dde278a19ae3, BUILD_ID: 3c2f9c71-4f5f-492f-abc8-88d7d4afa70d
2021-04-30 15:00:27,703 INFO     test_ai_mod.carbon_dao.local_carbon_dao -- Getting build info: APP_ID: 7335e72d-27ee-428c-b81e-dde278a19ae3, BUILD_ID: 3c2f9c71-4f5f-492f-abc8-88d7d4afa70d
2021-04-30 15:00:27,788 INFO     test_ai_mod.labeler.v1.crawls -- elem image requested, crawl: 20210430145833, filename: iter_00000_step_00000_39_android.view.View.png
2021-04-30 15:00:27,789 INFO     test_ai_mod.labeler.v1.crawls -- elem image requested, crawl: 20210430145833, filename: iter_00000_step_00000_20_android.view.ViewGroup.png
2021-04-30 15:00:27,792 INFO     test_ai_mod.labeler.v1.crawls -- elem image requested, crawl: 20210430145833, filename: iter_00000_step_00000_14_android.view.ViewGroup.png
2021-04-30 15:00:27,794 INFO     test_ai_mod.carbon_dao.local_carbon_dao -- Getting build info: APP_ID: 7335e72d-27ee-428c-b81e-dde278a19ae3, BUILD_ID: 3c2f9c71-4f5f-492f-abc8-88d7d4afa70d
2021-04-30 15:00:27,798 INFO     test_ai_mod.labeler.v1.crawls -- resolved to: /Users/bot/test_ai/apps/7335e72d-27ee-428c-b81e-dde278a19ae3/builds/3c2f9c71-4f5f-492f-abc8-88d7d4afa70d/crawls/20210430145833/elems/iter_00000_step_00000_39_android.view.View.png
2021-04-30 15:00:27,799 INFO     test_ai_mod.carbon_dao.local_carbon_dao -- Getting build info: APP_ID: 7335e72d-27ee-428c-b81e-dde278a19ae3, BUILD_ID: 3c2f9c71-4f5f-492f-abc8-88d7d4afa70d
2021-04-30 15:00:27,800 INFO     test_ai_mod.carbon_dao.local_carbon_dao -- Getting build info: APP_ID: 7335e72d-27ee-428c-b81e-dde278a19ae3, BUILD_ID: 3c2f9c71-4f5f-492f-abc8-88d7d4afa70d
2021-04-30 15:00:27,806 INFO     test_ai_mod.labeler.v1.crawls -- elem image requested, crawl: 20210430145833, filename: iter_00000_step_00000_11_android.widget.ImageView.png
2021-04-30 15:00:27,817 INFO     test_ai_mod.labeler.v1.crawls -- elem image requested, crawl: 20210430145833, filename: iter_00000_step_00000_29_android.widget.ImageView.png
2021-04-30 15:00:27,830 INFO     test_ai_mod.labeler.v1.crawls -- elem image requested, crawl: 20210430145833, filename: iter_00000_step_00000_32_android.widget.TextView.png
2021-04-30 15:00:27,833 INFO     test_ai_mod.labeler.v1.crawls -- elem image requested, crawl: 20210430145833, filename: iter_00000_step_00000_9_android.view.ViewGroup.png
2021-04-30 15:00:27,902 INFO     test_ai_mod.labeler.v1.crawls -- resolved to: /Users/bot/test_ai/apps/7335e72d-27ee-428c-b81e-dde278a19ae3/builds/3c2f9c71-4f5f-492f-abc8-88d7d4afa70d/crawls/20210430145833/elems/iter_00000_step_00000_14_android.view.ViewGroup.png
2021-04-30 15:00:27,903 INFO     test_ai_mod.labeler.v1.crawls -- resolved to: /Users/bot/test_ai/apps/7335e72d-27ee-428c-b81e-dde278a19ae3/builds/3c2f9c71-4f5f-492f-abc8-88d7d4afa70d/crawls/20210430145833/elems/iter_00000_step_00000_20_android.view.ViewGroup.png
2021-04-30 15:00:27,907 INFO     test_ai_mod.carbon_dao.local_carbon_dao -- Getting build info: APP_ID: 7335e72d-27ee-428c-b81e-dde278a19ae3, BUILD_ID: 3c2f9c71-4f5f-492f-abc8-88d7d4afa70d
2021-04-30 15:00:27,908 INFO     test_ai_mod.carbon_dao.local_carbon_dao -- Getting build info: APP_ID: 7335e72d-27ee-428c-b81e-dde278a19ae3, BUILD_ID: 3c2f9c71-4f5f-492f-abc8-88d7d4afa70d
2021-04-30 15:00:27,908 INFO     test_ai_mod.carbon_dao.local_carbon_dao -- Getting build info: APP_ID: 7335e72d-27ee-428c-b81e-dde278a19ae3, BUILD_ID: 3c2f9c71-4f5f-492f-abc8-88d7d4afa70d
2021-04-30 15:00:27,909 INFO     test_ai_mod.carbon_dao.local_carbon_dao -- Getting build info: APP_ID: 7335e72d-27ee-428c-b81e-dde278a19ae3, BUILD_ID: 3c2f9c71-4f5f-492f-abc8-88d7d4afa70d
2021-04-30 15:00:27,915 INFO     test_ai_mod.labeler.v1.crawls -- elem image requested, crawl: 20210430145833, filename: iter_00000_step_00000_23_android.view.ViewGroup.png
2021-04-30 15:00:27,948 INFO     test_ai_mod.labeler.v1.crawls -- resolved to: /Users/bot/test_ai/apps/7335e72d-27ee-428c-b81e-dde278a19ae3/builds/3c2f9c71-4f5f-492f-abc8-88d7d4afa70d/crawls/20210430145833/elems/iter_00000_step_00000_9_android.view.ViewGroup.png
2021-04-30 15:00:27,949 INFO     test_ai_mod.labeler.v1.crawls -- resolved to: /Users/bot/test_ai/apps/7335e72d-27ee-428c-b81e-dde278a19ae3/builds/3c2f9c71-4f5f-492f-abc8-88d7d4afa70d/crawls/20210430145833/elems/iter_00000_step_00000_11_android.widget.ImageView.png
2021-04-30 15:00:27,951 INFO     test_ai_mod.labeler.v1.crawls -- resolved to: /Users/bot/test_ai/apps/7335e72d-27ee-428c-b81e-dde278a19ae3/builds/3c2f9c71-4f5f-492f-abc8-88d7d4afa70d/crawls/20210430145833/elems/iter_00000_step_00000_29_android.widget.ImageView.png
2021-04-30 15:00:27,953 INFO     test_ai_mod.labeler.v1.crawls -- resolved to: /Users/bot/test_ai/apps/7335e72d-27ee-428c-b81e-dde278a19ae3/builds/3c2f9c71-4f5f-492f-abc8-88d7d4afa70d/crawls/20210430145833/elems/iter_00000_step_00000_32_android.widget.TextView.png
2021-04-30 15:00:27,963 INFO     test_ai_mod.carbon_dao.local_carbon_dao -- Getting build info: APP_ID: 7335e72d-27ee-428c-b81e-dde278a19ae3, BUILD_ID: 3c2f9c71-4f5f-492f-abc8-88d7d4afa70d
2021-04-30 15:00:27,966 INFO     test_ai_mod.labeler.v1.crawls -- resolved to: /Users/bot/test_ai/apps/7335e72d-27ee-428c-b81e-dde278a19ae3/builds/3c2f9c71-4f5f-492f-abc8-88d7d4afa70d/crawls/20210430145833/elems/iter_00000_step_00000_23_android.view.ViewGroup.png
2021-04-30 15:00:27,985 INFO     test_ai_mod.labeler.v1.crawls -- elem image requested, crawl: 20210430145833, filename: iter_00000_step_00000_18_android.widget.ImageButton.png
2021-04-30 15:00:28,005 INFO     test_ai_mod.labeler.v1.crawls -- elem image requested, crawl: 20210430145833, filename: iter_00000_step_00000_5_androidx.drawerlayout.widget.DrawerLayout.png
2021-04-30 15:00:28,007 INFO     test_ai_mod.labeler.v1.crawls -- elem image requested, crawl: 20210430145833, filename: iter_00000_step_00000_13_android.widget.TextView.png
2021-04-30 15:00:28,010 INFO     test_ai_mod.labeler.v1.crawls -- elem image requested, crawl: 20210430145833, filename: iter_00000_step_00000_8_android.widget.LinearLayout.png
2021-04-30 15:00:28,012 INFO     test_ai_mod.labeler.v1.crawls -- elem image requested, crawl: 20210430145833, filename: iter_00000_step_00000_6_android.view.ViewGroup.png
2021-04-30 15:00:28,100 INFO     test_ai_mod.carbon_dao.local_carbon_dao -- Getting build info: APP_ID: 7335e72d-27ee-428c-b81e-dde278a19ae3, BUILD_ID: 3c2f9c71-4f5f-492f-abc8-88d7d4afa70d
2021-04-30 15:00:28,101 INFO     test_ai_mod.carbon_dao.local_carbon_dao -- Getting build info: APP_ID: 7335e72d-27ee-428c-b81e-dde278a19ae3, BUILD_ID: 3c2f9c71-4f5f-492f-abc8-88d7d4afa70d
2021-04-30 15:00:28,101 INFO     test_ai_mod.carbon_dao.local_carbon_dao -- Getting build info: APP_ID: 7335e72d-27ee-428c-b81e-dde278a19ae3, BUILD_ID: 3c2f9c71-4f5f-492f-abc8-88d7d4afa70d
2021-04-30 15:00:28,103 INFO     test_ai_mod.carbon_dao.local_carbon_dao -- Getting build info: APP_ID: 7335e72d-27ee-428c-b81e-dde278a19ae3, BUILD_ID: 3c2f9c71-4f5f-492f-abc8-88d7d4afa70d
2021-04-30 15:00:28,105 INFO     test_ai_mod.carbon_dao.local_carbon_dao -- Getting build info: APP_ID: 7335e72d-27ee-428c-b81e-dde278a19ae3, BUILD_ID: 3c2f9c71-4f5f-492f-abc8-88d7d4afa70d
2021-04-30 15:00:28,106 INFO     test_ai_mod.labeler.v1.crawls -- resolved to: /Users/bot/test_ai/apps/7335e72d-27ee-428c-b81e-dde278a19ae3/builds/3c2f9c71-4f5f-492f-abc8-88d7d4afa70d/crawls/20210430145833/elems/iter_00000_step_00000_18_android.widget.ImageButton.png
2021-04-30 15:00:28,106 INFO     test_ai_mod.labeler.v1.crawls -- resolved to: /Users/bot/test_ai/apps/7335e72d-27ee-428c-b81e-dde278a19ae3/builds/3c2f9c71-4f5f-492f-abc8-88d7d4afa70d/crawls/20210430145833/elems/iter_00000_step_00000_5_androidx.drawerlayout.widget.DrawerLayout.png
2021-04-30 15:00:28,107 INFO     test_ai_mod.labeler.v1.crawls -- resolved to: /Users/bot/test_ai/apps/7335e72d-27ee-428c-b81e-dde278a19ae3/builds/3c2f9c71-4f5f-492f-abc8-88d7d4afa70d/crawls/20210430145833/elems/iter_00000_step_00000_13_android.widget.TextView.png
2021-04-30 15:00:28,108 INFO     test_ai_mod.labeler.v1.crawls -- resolved to: /Users/bot/test_ai/apps/7335e72d-27ee-428c-b81e-dde278a19ae3/builds/3c2f9c71-4f5f-492f-abc8-88d7d4afa70d/crawls/20210430145833/elems/iter_00000_step_00000_8_android.widget.LinearLayout.png
2021-04-30 15:00:28,109 INFO     test_ai_mod.labeler.v1.crawls -- resolved to: /Users/bot/test_ai/apps/7335e72d-27ee-428c-b81e-dde278a19ae3/builds/3c2f9c71-4f5f-492f-abc8-88d7d4afa70d/crawls/20210430145833/elems/iter_00000_step_00000_6_android.view.ViewGroup.png
2021-04-30 15:00:28,169 INFO     test_ai_mod.labeler.v1.crawls -- elem image requested, crawl: 20210430145833, filename: iter_00000_step_00000_36_android.widget.TextView.png
2021-04-30 15:00:28,172 INFO     test_ai_mod.carbon_dao.local_carbon_dao -- Getting build info: APP_ID: 7335e72d-27ee-428c-b81e-dde278a19ae3, BUILD_ID: 3c2f9c71-4f5f-492f-abc8-88d7d4afa70d
2021-04-30 15:00:28,176 INFO     test_ai_mod.labeler.v1.crawls -- elem image requested, crawl: 20210430145833, filename: iter_00000_step_00000_33_androidx.cardview.widget.CardView.png
2021-04-30 15:00:28,176 INFO     test_ai_mod.labeler.v1.crawls -- resolved to: /Users/bot/test_ai/apps/7335e72d-27ee-428c-b81e-dde278a19ae3/builds/3c2f9c71-4f5f-492f-abc8-88d7d4afa70d/crawls/20210430145833/elems/iter_00000_step_00000_36_android.widget.TextView.png
2021-04-30 15:00:28,179 INFO     test_ai_mod.labeler.v1.crawls -- elem image requested, crawl: 20210430145833, filename: iter_00000_step_00000_34_android.view.ViewGroup.png
2021-04-30 15:00:28,183 INFO     test_ai_mod.carbon_dao.local_carbon_dao -- Getting build info: APP_ID: 7335e72d-27ee-428c-b81e-dde278a19ae3, BUILD_ID: 3c2f9c71-4f5f-492f-abc8-88d7d4afa70d
2021-04-30 15:00:28,186 INFO     test_ai_mod.carbon_dao.local_carbon_dao -- Getting build info: APP_ID: 7335e72d-27ee-428c-b81e-dde278a19ae3, BUILD_ID: 3c2f9c71-4f5f-492f-abc8-88d7d4afa70d
2021-04-30 15:00:28,189 INFO     test_ai_mod.labeler.v1.crawls -- elem image requested, crawl: 20210430145833, filename: iter_00000_step_00000_17_android.widget.ImageButton.png
2021-04-30 15:00:28,196 INFO     test_ai_mod.labeler.v1.crawls -- resolved to: /Users/bot/test_ai/apps/7335e72d-27ee-428c-b81e-dde278a19ae3/builds/3c2f9c71-4f5f-492f-abc8-88d7d4afa70d/crawls/20210430145833/elems/iter_00000_step_00000_33_androidx.cardview.widget.CardView.png
2021-04-30 15:00:28,198 INFO     test_ai_mod.labeler.v1.crawls -- resolved to: /Users/bot/test_ai/apps/7335e72d-27ee-428c-b81e-dde278a19ae3/builds/3c2f9c71-4f5f-492f-abc8-88d7d4afa70d/crawls/20210430145833/elems/iter_00000_step_00000_34_android.view.ViewGroup.png
2021-04-30 15:00:28,200 INFO     test_ai_mod.carbon_dao.local_carbon_dao -- Getting build info: APP_ID: 7335e72d-27ee-428c-b81e-dde278a19ae3, BUILD_ID: 3c2f9c71-4f5f-492f-abc8-88d7d4afa70d
2021-04-30 15:00:28,206 INFO     test_ai_mod.labeler.v1.crawls -- resolved to: /Users/bot/test_ai/apps/7335e72d-27ee-428c-b81e-dde278a19ae3/builds/3c2f9c71-4f5f-492f-abc8-88d7d4afa70d/crawls/20210430145833/elems/iter_00000_step_00000_17_android.widget.ImageButton.png
2021-04-30 15:00:28,225 INFO     test_ai_mod.labeler.v1.crawls -- elem image requested, crawl: 20210430145833, filename: iter_00000_step_00000_15_android.widget.ImageView.png
2021-04-30 15:00:28,227 INFO     test_ai_mod.carbon_dao.local_carbon_dao -- Getting build info: APP_ID: 7335e72d-27ee-428c-b81e-dde278a19ae3, BUILD_ID: 3c2f9c71-4f5f-492f-abc8-88d7d4afa70d
2021-04-30 15:00:28,228 INFO     test_ai_mod.labeler.v1.crawls -- resolved to: /Users/bot/test_ai/apps/7335e72d-27ee-428c-b81e-dde278a19ae3/builds/3c2f9c71-4f5f-492f-abc8-88d7d4afa70d/crawls/20210430145833/elems/iter_00000_step_00000_15_android.widget.ImageView.png
2021-04-30 15:00:28,240 INFO     test_ai_mod.labeler.v1.crawls -- elem image requested, crawl: 20210430145833, filename: iter_00000_step_00000_22_androidx.recyclerview.widget.RecyclerView.png
2021-04-30 15:00:28,243 INFO     test_ai_mod.carbon_dao.local_carbon_dao -- Getting build info: APP_ID: 7335e72d-27ee-428c-b81e-dde278a19ae3, BUILD_ID: 3c2f9c71-4f5f-492f-abc8-88d7d4afa70d
2021-04-30 15:00:28,245 INFO     test_ai_mod.labeler.v1.crawls -- resolved to: /Users/bot/test_ai/apps/7335e72d-27ee-428c-b81e-dde278a19ae3/builds/3c2f9c71-4f5f-492f-abc8-88d7d4afa70d/crawls/20210430145833/elems/iter_00000_step_00000_22_androidx.recyclerview.widget.RecyclerView.png
2021-04-30 15:00:28,635 INFO     test_ai_mod.labeler.v1.crawls -- elem image requested, crawl: 20210430145833, filename: iter_00000_step_00000_12_androidx.appcompat.widget.g0.png
2021-04-30 15:00:28,638 INFO     test_ai_mod.labeler.v1.crawls -- elem image requested, crawl: 20210430145833, filename: iter_00000_step_00000_35_android.widget.ImageView.png
2021-04-30 15:00:28,642 INFO     test_ai_mod.carbon_dao.local_carbon_dao -- Getting build info: APP_ID: 7335e72d-27ee-428c-b81e-dde278a19ae3, BUILD_ID: 3c2f9c71-4f5f-492f-abc8-88d7d4afa70d
2021-04-30 15:00:28,643 INFO     test_ai_mod.carbon_dao.local_carbon_dao -- Getting build info: APP_ID: 7335e72d-27ee-428c-b81e-dde278a19ae3, BUILD_ID: 3c2f9c71-4f5f-492f-abc8-88d7d4afa70d
2021-04-30 15:00:28,645 INFO     test_ai_mod.labeler.v1.crawls -- resolved to: /Users/bot/test_ai/apps/7335e72d-27ee-428c-b81e-dde278a19ae3/builds/3c2f9c71-4f5f-492f-abc8-88d7d4afa70d/crawls/20210430145833/elems/iter_00000_step_00000_12_androidx.appcompat.widget.g0.png
2021-04-30 15:00:28,647 INFO     test_ai_mod.labeler.v1.crawls -- resolved to: /Users/bot/test_ai/apps/7335e72d-27ee-428c-b81e-dde278a19ae3/builds/3c2f9c71-4f5f-492f-abc8-88d7d4afa70d/crawls/20210430145833/elems/iter_00000_step_00000_35_android.widget.ImageView.png
2021-04-30 15:00:28,663 INFO     test_ai_mod.labeler.v1.crawls -- elem image requested, crawl: 20210430145833, filename: iter_00000_step_00000_30_android.widget.FrameLayout.png
2021-04-30 15:00:28,711 INFO     test_ai_mod.labeler.v1.crawls -- elem image requested, crawl: 20210430145833, filename: iter_00000_step_00000_24_android.widget.TextView.png
2021-04-30 15:00:28,720 INFO     test_ai_mod.labeler.v1.crawls -- elem image requested, crawl: 20210430145833, filename: iter_00000_step_00000_31_android.widget.ImageView.png
2021-04-30 15:00:28,727 INFO     test_ai_mod.labeler.v1.crawls -- elem image requested, crawl: 20210430145833, filename: iter_00000_step_00000_7_android.widget.LinearLayout.png
2021-04-30 15:00:28,729 INFO     test_ai_mod.labeler.v1.crawls -- elem image requested, crawl: 20210430145833, filename: iter_00000_step_00000_16_android.widget.TextView.png
2021-04-30 15:00:28,747 INFO     test_ai_mod.carbon_dao.local_carbon_dao -- Getting build info: APP_ID: 7335e72d-27ee-428c-b81e-dde278a19ae3, BUILD_ID: 3c2f9c71-4f5f-492f-abc8-88d7d4afa70d
2021-04-30 15:00:28,747 INFO     test_ai_mod.carbon_dao.local_carbon_dao -- Getting build info: APP_ID: 7335e72d-27ee-428c-b81e-dde278a19ae3, BUILD_ID: 3c2f9c71-4f5f-492f-abc8-88d7d4afa70d
2021-04-30 15:00:28,748 INFO     test_ai_mod.carbon_dao.local_carbon_dao -- Getting build info: APP_ID: 7335e72d-27ee-428c-b81e-dde278a19ae3, BUILD_ID: 3c2f9c71-4f5f-492f-abc8-88d7d4afa70d
2021-04-30 15:00:28,748 INFO     test_ai_mod.carbon_dao.local_carbon_dao -- Getting build info: APP_ID: 7335e72d-27ee-428c-b81e-dde278a19ae3, BUILD_ID: 3c2f9c71-4f5f-492f-abc8-88d7d4afa70d
2021-04-30 15:00:28,749 INFO     test_ai_mod.carbon_dao.local_carbon_dao -- Getting build info: APP_ID: 7335e72d-27ee-428c-b81e-dde278a19ae3, BUILD_ID: 3c2f9c71-4f5f-492f-abc8-88d7d4afa70d
2021-04-30 15:00:28,751 INFO     test_ai_mod.labeler.v1.crawls -- resolved to: /Users/bot/test_ai/apps/7335e72d-27ee-428c-b81e-dde278a19ae3/builds/3c2f9c71-4f5f-492f-abc8-88d7d4afa70d/crawls/20210430145833/elems/iter_00000_step_00000_30_android.widget.FrameLayout.png
2021-04-30 15:00:28,753 INFO     test_ai_mod.labeler.v1.crawls -- resolved to: /Users/bot/test_ai/apps/7335e72d-27ee-428c-b81e-dde278a19ae3/builds/3c2f9c71-4f5f-492f-abc8-88d7d4afa70d/crawls/20210430145833/elems/iter_00000_step_00000_31_android.widget.ImageView.png
2021-04-30 15:00:28,755 INFO     test_ai_mod.labeler.v1.crawls -- resolved to: /Users/bot/test_ai/apps/7335e72d-27ee-428c-b81e-dde278a19ae3/builds/3c2f9c71-4f5f-492f-abc8-88d7d4afa70d/crawls/20210430145833/elems/iter_00000_step_00000_7_android.widget.LinearLayout.png
2021-04-30 15:00:28,756 INFO     test_ai_mod.labeler.v1.crawls -- resolved to: /Users/bot/test_ai/apps/7335e72d-27ee-428c-b81e-dde278a19ae3/builds/3c2f9c71-4f5f-492f-abc8-88d7d4afa70d/crawls/20210430145833/elems/iter_00000_step_00000_16_android.widget.TextView.png
2021-04-30 15:00:28,757 INFO     test_ai_mod.labeler.v1.crawls -- resolved to: /Users/bot/test_ai/apps/7335e72d-27ee-428c-b81e-dde278a19ae3/builds/3c2f9c71-4f5f-492f-abc8-88d7d4afa70d/crawls/20210430145833/elems/iter_00000_step_00000_24_android.widget.TextView.png
2021-04-30 15:00:28,786 INFO     test_ai_mod.labeler.v1.crawls -- elem image requested, crawl: 20210430145833, filename: iter_00000_step_00000_0_android.widget.FrameLayout.png
2021-04-30 15:00:28,809 INFO     test_ai_mod.carbon_dao.local_carbon_dao -- Getting build info: APP_ID: 7335e72d-27ee-428c-b81e-dde278a19ae3, BUILD_ID: 3c2f9c71-4f5f-492f-abc8-88d7d4afa70d
2021-04-30 15:00:28,812 INFO     test_ai_mod.labeler.v1.crawls -- resolved to: /Users/bot/test_ai/apps/7335e72d-27ee-428c-b81e-dde278a19ae3/builds/3c2f9c71-4f5f-492f-abc8-88d7d4afa70d/crawls/20210430145833/elems/iter_00000_step_00000_0_android.widget.FrameLayout.png
2021-04-30 15:00:28,884 INFO     test_ai_mod.labeler.v1.crawls -- elem image requested, crawl: 20210430145833, filename: iter_00000_step_00000_10_android.widget.ImageButton.png
2021-04-30 15:00:28,886 INFO     test_ai_mod.carbon_dao.local_carbon_dao -- Getting build info: APP_ID: 7335e72d-27ee-428c-b81e-dde278a19ae3, BUILD_ID: 3c2f9c71-4f5f-492f-abc8-88d7d4afa70d
2021-04-30 15:00:28,887 INFO     test_ai_mod.labeler.v1.crawls -- elem image requested, crawl: 20210430145833, filename: iter_00000_step_00000_28_android.widget.FrameLayout.png
2021-04-30 15:00:28,889 INFO     test_ai_mod.labeler.v1.crawls -- elem image requested, crawl: 20210430145833, filename: iter_00000_step_00000_1_android.widget.LinearLayout.png
2021-04-30 15:00:28,891 INFO     test_ai_mod.labeler.v1.crawls -- resolved to: /Users/bot/test_ai/apps/7335e72d-27ee-428c-b81e-dde278a19ae3/builds/3c2f9c71-4f5f-492f-abc8-88d7d4afa70d/crawls/20210430145833/elems/iter_00000_step_00000_10_android.widget.ImageButton.png
2021-04-30 15:00:28,892 INFO     test_ai_mod.carbon_dao.local_carbon_dao -- Getting build info: APP_ID: 7335e72d-27ee-428c-b81e-dde278a19ae3, BUILD_ID: 3c2f9c71-4f5f-492f-abc8-88d7d4afa70d
2021-04-30 15:00:28,901 INFO     test_ai_mod.labeler.v1.crawls -- elem image requested, crawl: 20210430145833, filename: iter_00000_step_00000_26_android.widget.TextView.png
2021-04-30 15:00:28,973 INFO     test_ai_mod.labeler.v1.crawls -- elem image requested, crawl: 20210430145833, filename: iter_00000_step_00000_37_android.widget.TextView.png
2021-04-30 15:00:28,974 INFO     test_ai_mod.labeler.v1.crawls -- elem image requested, crawl: 20210430145833, filename: iter_00000_step_00000_25_android.view.ViewGroup.png
2021-04-30 15:00:29,016 INFO     test_ai_mod.labeler.v1.crawls -- resolved to: /Users/bot/test_ai/apps/7335e72d-27ee-428c-b81e-dde278a19ae3/builds/3c2f9c71-4f5f-492f-abc8-88d7d4afa70d/crawls/20210430145833/elems/iter_00000_step_00000_28_android.widget.FrameLayout.png
2021-04-30 15:00:29,017 INFO     test_ai_mod.carbon_dao.local_carbon_dao -- Getting build info: APP_ID: 7335e72d-27ee-428c-b81e-dde278a19ae3, BUILD_ID: 3c2f9c71-4f5f-492f-abc8-88d7d4afa70d
2021-04-30 15:00:29,019 INFO     test_ai_mod.carbon_dao.local_carbon_dao -- Getting build info: APP_ID: 7335e72d-27ee-428c-b81e-dde278a19ae3, BUILD_ID: 3c2f9c71-4f5f-492f-abc8-88d7d4afa70d
2021-04-30 15:00:29,020 INFO     test_ai_mod.carbon_dao.local_carbon_dao -- Getting build info: APP_ID: 7335e72d-27ee-428c-b81e-dde278a19ae3, BUILD_ID: 3c2f9c71-4f5f-492f-abc8-88d7d4afa70d
2021-04-30 15:00:29,021 INFO     test_ai_mod.carbon_dao.local_carbon_dao -- Getting build info: APP_ID: 7335e72d-27ee-428c-b81e-dde278a19ae3, BUILD_ID: 3c2f9c71-4f5f-492f-abc8-88d7d4afa70d
2021-04-30 15:00:29,025 INFO     test_ai_mod.labeler.v1.crawls -- elem image requested, crawl: 20210430145833, filename: iter_00000_step_00000_38_android.widget.Button.png
2021-04-30 15:00:29,051 INFO     test_ai_mod.labeler.v1.crawls -- resolved to: /Users/bot/test_ai/apps/7335e72d-27ee-428c-b81e-dde278a19ae3/builds/3c2f9c71-4f5f-492f-abc8-88d7d4afa70d/crawls/20210430145833/elems/iter_00000_step_00000_26_android.widget.TextView.png
2021-04-30 15:00:29,053 INFO     test_ai_mod.labeler.v1.crawls -- resolved to: /Users/bot/test_ai/apps/7335e72d-27ee-428c-b81e-dde278a19ae3/builds/3c2f9c71-4f5f-492f-abc8-88d7d4afa70d/crawls/20210430145833/elems/iter_00000_step_00000_1_android.widget.LinearLayout.png
2021-04-30 15:00:29,054 INFO     test_ai_mod.labeler.v1.crawls -- resolved to: /Users/bot/test_ai/apps/7335e72d-27ee-428c-b81e-dde278a19ae3/builds/3c2f9c71-4f5f-492f-abc8-88d7d4afa70d/crawls/20210430145833/elems/iter_00000_step_00000_37_android.widget.TextView.png
2021-04-30 15:00:29,056 INFO     test_ai_mod.labeler.v1.crawls -- resolved to: /Users/bot/test_ai/apps/7335e72d-27ee-428c-b81e-dde278a19ae3/builds/3c2f9c71-4f5f-492f-abc8-88d7d4afa70d/crawls/20210430145833/elems/iter_00000_step_00000_25_android.view.ViewGroup.png
2021-04-30 15:00:29,061 INFO     test_ai_mod.carbon_dao.local_carbon_dao -- Getting build info: APP_ID: 7335e72d-27ee-428c-b81e-dde278a19ae3, BUILD_ID: 3c2f9c71-4f5f-492f-abc8-88d7d4afa70d
2021-04-30 15:00:29,108 INFO     test_ai_mod.labeler.v1.crawls -- resolved to: /Users/bot/test_ai/apps/7335e72d-27ee-428c-b81e-dde278a19ae3/builds/3c2f9c71-4f5f-492f-abc8-88d7d4afa70d/crawls/20210430145833/elems/iter_00000_step_00000_38_android.widget.Button.png
2021-04-30 15:00:35,325 INFO     test_ai_mod.labeler.v1.crawls -- elem image requested, crawl: 20210430145833, filename: iter_00000_step_00000_screenshot.png
2021-04-30 15:00:35,325 INFO     test_ai_mod.carbon_dao.local_carbon_dao -- Getting build info: APP_ID: 7335e72d-27ee-428c-b81e-dde278a19ae3, BUILD_ID: 3c2f9c71-4f5f-492f-abc8-88d7d4afa70d
2021-04-30 15:00:35,326 INFO     test_ai_mod.labeler.v1.crawls -- resolved to: /Users/bot/test_ai/apps/7335e72d-27ee-428c-b81e-dde278a19ae3/builds/3c2f9c71-4f5f-492f-abc8-88d7d4afa70d/crawls/20210430145833/screens/iter_00000_step_00000_screenshot.png
2021-04-30 15:00:37,726 INFO     test_ai_mod.carbon_dao.local_carbon_dao -- Getting build info: APP_ID: 7335e72d-27ee-428c-b81e-dde278a19ae3, BUILD_ID: 3c2f9c71-4f5f-492f-abc8-88d7d4afa70d
2021-04-30 15:00:37,727 INFO     test_ai_mod.labeler.v1.crawls -- labels_info:{u'screens': {}, u'elems': {u'iter_00000_step_00000_38_android.widget.Button.png': [u'btn_sign_in']}}
2021-04-30 15:00:37,729 INFO     test_ai_mod.carbon_dao.local_carbon_dao -- Getting build info: APP_ID: 7335e72d-27ee-428c-b81e-dde278a19ae3, BUILD_ID: 3c2f9c71-4f5f-492f-abc8-88d7d4afa70d
2021-04-30 15:00:37,897 ERROR    test_ai_mod.labeler.v1.crawls -- Error uploading to server. Should log this to slack
2021-04-30 15:00:37,935 INFO     test_ai_mod.carbon_dao.local_carbon_dao -- Getting build info: APP_ID: 7335e72d-27ee-428c-b81e-dde278a19ae3, BUILD_ID: 3c2f9c71-4f5f-492f-abc8-88d7d4afa70d
2021-04-30 15:00:38,712 INFO     test_ai_mod.carbon_dao.local_carbon_dao -- Getting build info: APP_ID: 7335e72d-27ee-428c-b81e-dde278a19ae3, BUILD_ID: 3c2f9c71-4f5f-492f-abc8-88d7d4afa70d
2021-04-30 15:00:38,715 INFO     test_ai_mod.labeler.v1.crawls -- labels_info:{u'screens': {}, u'elems': {u'iter_00000_step_00000_16_android.widget.TextView.png': [u'inp_search'], u'iter_00000_step_00000_38_android.widget.Button.png': [u'btn_sign_in']}}
2021-04-30 15:00:38,719 INFO     test_ai_mod.carbon_dao.local_carbon_dao -- Getting build info: APP_ID: 7335e72d-27ee-428c-b81e-dde278a19ae3, BUILD_ID: 3c2f9c71-4f5f-492f-abc8-88d7d4afa70d
2021-04-30 15:00:38,879 ERROR    test_ai_mod.labeler.v1.crawls -- Error uploading to server. Should log this to slack
2021-04-30 15:00:38,906 INFO     test_ai_mod.carbon_dao.local_carbon_dao -- Getting build info: APP_ID: 7335e72d-27ee-428c-b81e-dde278a19ae3, BUILD_ID: 3c2f9c71-4f5f-492f-abc8-88d7d4afa70d
2021-04-30 15:00:40,659 INFO     test_ai_mod.carbon_explore.interactive -- Interactive explore -- status -- start
2021-04-30 15:00:40,659 INFO     test_ai_mod.carbon_explore.interactive -- Interactive explore -- status -- end
2021-04-30 15:00:55,670 INFO     test_ai_mod.carbon_explore.interactive -- Interactive explore -- status -- start
2021-04-30 15:00:55,670 INFO     test_ai_mod.carbon_explore.interactive -- Interactive explore -- status -- end
2021-04-30 15:01:04,110 INFO     test_ai_mod.carbon_explore.interactive -- Interactive explore -- status -- start
2021-04-30 15:01:04,111 INFO     test_ai_mod.carbon_explore.interactive -- Interactive explore -- status -- end
2021-04-30 15:01:04,134 INFO     test_ai_mod.carbon_explore.interactive -- Interactive explore -- status -- start
2021-04-30 15:01:04,134 INFO     test_ai_mod.carbon_explore.interactive -- Interactive explore -- status -- end
2021-04-30 15:01:04,137 INFO     root -- Stopping interactive crawl.
2021-04-30 15:01:04,144 INFO     test_ai_mod.carbon_explore.interactive -- Interactive explore -- stop -- start
2021-04-30 15:01:04,144 INFO     test_ai_mod.carbon_explore.interactive -- Interactive explore -- stop -- stop
2021-04-30 15:01:04,664 INFO     test_ai_mod.carbon_explore.explore_hook -- Explore hook -- apply_deferred_runtime_labels starting.
2021-04-30 15:01:04,665 INFO     test_ai_mod.carbon_explore.explore_hook -- Explore hook -- apply_deferred_runtime_labels completed.
2021-04-30 15:01:04,665 INFO     test_ai_mod.carbon_explore.interactive -- Interactive explore -- start_interactive_loop completed.
2021-04-30 15:01:04,666 INFO     test_ai_mod.carbon_explore.explore -- performing post-walk cleanup
2021-04-30 15:01:05,078 INFO     test_ai_mod.carbon_utils.simulator_tools -- performing post-test cleanup
2021-04-30 15:01:05,078 INFO     test_ai_mod.carbon_utils.simulator_tools -- calling driver.quit
2021-04-30 15:01:05,106 INFO     test_ai_mod.carbon_explore.explore -- iteration completed: 0
2021-04-30 15:01:05,107 INFO     test_ai_mod.carbon_tasks.crawl_build_task -- walk: 1 - succeeded
2021-04-30 15:01:05,107 INFO     test_ai_mod.carbon_tasks.crawl_build_task -- Handling crawl stop request.
2021-04-30 15:01:05,111 INFO     test_ai_mod.carbon_dao.local_carbon_dao -- Getting build info: APP_ID: 7335e72d-27ee-428c-b81e-dde278a19ae3, BUILD_ID: 3c2f9c71-4f5f-492f-abc8-88d7d4afa70d
2021-04-30 15:01:05,116 INFO     test_ai_mod.carbon_dao.local_carbon_dao -- Getting build info: APP_ID: 7335e72d-27ee-428c-b81e-dde278a19ae3, BUILD_ID: 3c2f9c71-4f5f-492f-abc8-88d7d4afa70d
2021-04-30 15:01:05,120 INFO     test_ai_mod.carbon_dao.local_carbon_dao -- Getting build info: APP_ID: 7335e72d-27ee-428c-b81e-dde278a19ae3, BUILD_ID: 3c2f9c71-4f5f-492f-abc8-88d7d4afa70d
2021-04-30 15:01:05,203 INFO     test_ai_mod.carbon_dao.local_carbon_dao -- Getting build info: APP_ID: 7335e72d-27ee-428c-b81e-dde278a19ae3, BUILD_ID: 34758395-bb7c-4d64-b825-9bb667e2fc8a
2021-04-30 15:01:05,206 INFO     test_ai_mod.carbon_dao.local_carbon_dao -- Getting build info: APP_ID: 7335e72d-27ee-428c-b81e-dde278a19ae3, BUILD_ID: 34758395-bb7c-4d64-b825-9bb667e2fc8a
2021-04-30 15:01:05,208 INFO     test_ai_mod.carbon_dao.local_carbon_dao -- Getting build info: APP_ID: 7335e72d-27ee-428c-b81e-dde278a19ae3, BUILD_ID: 34758395-bb7c-4d64-b825-9bb667e2fc8a
2021-04-30 15:01:05,211 INFO     test_ai_mod.carbon_dao.local_carbon_dao -- Getting build info: APP_ID: 7335e72d-27ee-428c-b81e-dde278a19ae3, BUILD_ID: 34758395-bb7c-4d64-b825-9bb667e2fc8a
2021-04-30 15:01:05,226 INFO     test_ai_mod.carbon_dao.local_carbon_dao -- Getting build info: APP_ID: 7335e72d-27ee-428c-b81e-dde278a19ae3, BUILD_ID: 34758395-bb7c-4d64-b825-9bb667e2fc8a
2021-04-30 15:01:05,228 INFO     test_ai_mod.carbon_dao.local_carbon_dao -- Getting build info: APP_ID: 7335e72d-27ee-428c-b81e-dde278a19ae3, BUILD_ID: 34758395-bb7c-4d64-b825-9bb667e2fc8a
2021-04-30 15:01:05,230 INFO     test_ai_mod.carbon_dao.local_carbon_dao -- Getting build info: APP_ID: 7335e72d-27ee-428c-b81e-dde278a19ae3, BUILD_ID: 34758395-bb7c-4d64-b825-9bb667e2fc8a
2021-04-30 15:01:05,234 INFO     test_ai_mod.carbon_dao.local_carbon_dao -- Getting build info: APP_ID: 7335e72d-27ee-428c-b81e-dde278a19ae3, BUILD_ID: 34758395-bb7c-4d64-b825-9bb667e2fc8a
2021-04-30 15:01:05,237 INFO     test_ai_mod.carbon_dao.local_carbon_dao -- Getting build info: APP_ID: 7335e72d-27ee-428c-b81e-dde278a19ae3, BUILD_ID: 34758395-bb7c-4d64-b825-9bb667e2fc8a
2021-04-30 15:01:05,239 INFO     test_ai_mod.carbon_dao.local_carbon_dao -- Getting build info: APP_ID: 7335e72d-27ee-428c-b81e-dde278a19ae3, BUILD_ID: 3c2f9c71-4f5f-492f-abc8-88d7d4afa70d
2021-04-30 15:01:05,241 INFO     test_ai_mod.carbon_tasks.process_crawl_task -- processing crawl: 20210430145833 (app: 7335e72d-27ee-428c-b81e-dde278a19ae3, build: 3c2f9c71-4f5f-492f-abc8-88d7d4afa70d)
2021-04-30 15:01:05,241 INFO     test_ai_mod.carbon_tasks.process_crawl_task -- processing screens for crawl
2021-04-30 15:01:05,727 INFO     test_ai_mod.carbon_tasks.process_crawl_task -- writing unique screens file
2021-04-30 15:01:05,728 INFO     test_ai_mod.carbon_tasks.process_crawl_task -- writing screen hash map
2021-04-30 15:01:05,732 INFO     test_ai_mod.carbon_tasks.process_crawl_task -- writing screen similarity file
2021-04-30 15:01:05,733 INFO     test_ai_mod.carbon_tasks.process_crawl_task -- processing elements for crawl
2021-04-30 15:01:05,735 INFO     test_ai_mod.carbon_tasks.process_crawl_task -- skipping already processed: iter_00000_step_00000_info.json
2021-04-30 15:01:06,866 INFO     test_ai_mod.carbon_tasks.process_crawl_task -- Writing unique tags file.
2021-04-30 15:01:06,867 INFO     test_ai_mod.carbon_tasks.process_crawl_task -- writing unique elems file
2021-04-30 15:01:06,869 INFO     test_ai_mod.carbon_tasks.process_crawl_task -- writing elem hash map
2021-04-30 15:01:06,909 INFO     test_ai_mod.carbon_tasks.process_crawl_task -- writing elem similarity file
2021-04-30 15:01:06,911 INFO     test_ai_mod.carbon_tasks.process_crawl_task -- generating and saving feature data for crawl
2021-04-30 15:01:06,913 INFO     test_ai_mod.carbon_tasks.generate_feature_data_task -- generating feature data for crawl: 20210430145833, app_id: 7335e72d-27ee-428c-b81e-dde278a19ae3, build_id: 3c2f9c71-4f5f-492f-abc8-88d7d4afa70d
2021-04-30 15:01:06,914 INFO     test_ai_mod.carbon_tasks.generate_feature_data_task -- generating screen feature data
2021-04-30 15:01:10,299 INFO     test_ai_mod.carbon_tasks.generate_feature_data_task -- saving screen feature data
2021-04-30 15:01:10,305 INFO     test_ai_mod.carbon_tasks.process_crawl_task -- generating labeler objects file for crawl (v0)
2021-04-30 15:01:10,329 INFO     test_ai_mod.carbon_tasks.process_crawl_task -- reconciling screens labeled at runtime
2021-04-30 15:01:10,331 INFO     test_ai_mod.carbon_tasks.process_crawl_task -- reconciling elements labeled at runtime
2021-04-30 15:01:10,350 INFO     test_ai_mod.carbon_tasks.generate_auto_labels_task -- generating auto labels for crawl: 20210430145833, app_id: 7335e72d-27ee-428c-b81e-dde278a19ae3, build_id: 3c2f9c71-4f5f-492f-abc8-88d7d4afa70d
2021-04-30 15:01:10,361 INFO     test_ai_mod.carbon_dao.local_carbon_dao -- Getting build info: APP_ID: 7335e72d-27ee-428c-b81e-dde278a19ae3, BUILD_ID: 3c2f9c71-4f5f-492f-abc8-88d7d4afa70d
2021-04-30 15:01:10,367 INFO     test_ai_mod.carbon_dao.local_carbon_dao -- Getting build info: APP_ID: 7335e72d-27ee-428c-b81e-dde278a19ae3, BUILD_ID: 3c2f9c71-4f5f-492f-abc8-88d7d4afa70d
2021-04-30 15:01:10,369 INFO     test_ai_mod.carbon_dao.local_carbon_dao -- Getting build info: APP_ID: 7335e72d-27ee-428c-b81e-dde278a19ae3, BUILD_ID: 3c2f9c71-4f5f-492f-abc8-88d7d4afa70d
2021-04-30 15:01:10,399 INFO     test_ai_mod.carbon_dao.local_carbon_dao -- Getting build info: APP_ID: 7335e72d-27ee-428c-b81e-dde278a19ae3, BUILD_ID: 3c2f9c71-4f5f-492f-abc8-88d7d4afa70d
2021-04-30 15:01:10,403 INFO     test_ai_mod.carbon_dao.local_carbon_dao -- Getting build info: APP_ID: 7335e72d-27ee-428c-b81e-dde278a19ae3, BUILD_ID: 34758395-bb7c-4d64-b825-9bb667e2fc8a
2021-04-30 15:01:10,405 INFO     test_ai_mod.carbon_dao.local_carbon_dao -- Getting build info: APP_ID: 7335e72d-27ee-428c-b81e-dde278a19ae3, BUILD_ID: 34758395-bb7c-4d64-b825-9bb667e2fc8a
2021-04-30 15:01:10,407 INFO     test_ai_mod.carbon_dao.local_carbon_dao -- Getting build info: APP_ID: 7335e72d-27ee-428c-b81e-dde278a19ae3, BUILD_ID: 34758395-bb7c-4d64-b825-9bb667e2fc8a
2021-04-30 15:01:10,409 INFO     test_ai_mod.carbon_dao.local_carbon_dao -- Getting build info: APP_ID: 7335e72d-27ee-428c-b81e-dde278a19ae3, BUILD_ID: 34758395-bb7c-4d64-b825-9bb667e2fc8a
2021-04-30 15:01:10,411 INFO     test_ai_mod.carbon_dao.local_carbon_dao -- Getting build info: APP_ID: 7335e72d-27ee-428c-b81e-dde278a19ae3, BUILD_ID: 34758395-bb7c-4d64-b825-9bb667e2fc8a
2021-04-30 15:01:10,422 INFO     test_ai_mod.carbon_dao.local_carbon_dao -- Getting build info: APP_ID: 7335e72d-27ee-428c-b81e-dde278a19ae3, BUILD_ID: 34758395-bb7c-4d64-b825-9bb667e2fc8a
2021-04-30 15:01:10,429 INFO     test_ai_mod.carbon_dao.local_carbon_dao -- Getting build info: APP_ID: 7335e72d-27ee-428c-b81e-dde278a19ae3, BUILD_ID: 34758395-bb7c-4d64-b825-9bb667e2fc8a
2021-04-30 15:01:10,432 INFO     test_ai_mod.carbon_dao.local_carbon_dao -- Getting build info: APP_ID: 7335e72d-27ee-428c-b81e-dde278a19ae3, BUILD_ID: 34758395-bb7c-4d64-b825-9bb667e2fc8a
2021-04-30 15:01:10,434 INFO     test_ai_mod.carbon_dao.local_carbon_dao -- Getting build info: APP_ID: 7335e72d-27ee-428c-b81e-dde278a19ae3, BUILD_ID: 34758395-bb7c-4d64-b825-9bb667e2fc8a
2021-04-30 15:01:10,658 INFO     test_ai_mod.carbon_tasks.generate_auto_labels_task -- writing merged, suggested labels to file: /Users/bot/test_ai/apps/7335e72d-27ee-428c-b81e-dde278a19ae3/builds/3c2f9c71-4f5f-492f-abc8-88d7d4afa70d/crawls/20210430154156/labels/suggested_labels.json
2021-04-30 15:01:10,679 INFO     test_ai_mod.carbon_tasks.generate_auto_labels_task -- writing merged, suggested labels to file: /Users/bot/test_ai/apps/7335e72d-27ee-428c-b81e-dde278a19ae3/builds/3c2f9c71-4f5f-492f-abc8-88d7d4afa70d/crawls/20210430145447/labels/suggested_labels.json
2021-04-30 15:01:10,689 INFO     test_ai_mod.carbon_tasks.generate_auto_labels_task -- writing merged, suggested labels to file: /Users/bot/test_ai/apps/7335e72d-27ee-428c-b81e-dde278a19ae3/builds/3c2f9c71-4f5f-492f-abc8-88d7d4afa70d/crawls/20210430145833/labels/suggested_labels.json
2021-04-30 15:01:10,699 INFO     test_ai_mod.carbon_tasks.generate_auto_labels_task -- writing merged, suggested labels to file: /Users/bot/test_ai/apps/7335e72d-27ee-428c-b81e-dde278a19ae3/builds/34758395-bb7c-4d64-b825-9bb667e2fc8a/crawls/20210430153706/labels/suggested_labels.json
2021-04-30 15:01:10,701 INFO     test_ai_mod.carbon_tasks.generate_auto_labels_task -- writing merged, suggested labels to file: /Users/bot/test_ai/apps/7335e72d-27ee-428c-b81e-dde278a19ae3/builds/34758395-bb7c-4d64-b825-9bb667e2fc8a/crawls/20210430130456/labels/suggested_labels.json
2021-04-30 15:01:10,704 INFO     test_ai_mod.carbon_tasks.generate_auto_labels_task -- writing merged, suggested labels to file: /Users/bot/test_ai/apps/7335e72d-27ee-428c-b81e-dde278a19ae3/builds/34758395-bb7c-4d64-b825-9bb667e2fc8a/crawls/20210429134444/labels/suggested_labels.json
2021-04-30 15:01:10,709 INFO     test_ai_mod.carbon_tasks.generate_auto_labels_task -- writing merged, suggested labels to file: /Users/bot/test_ai/apps/7335e72d-27ee-428c-b81e-dde278a19ae3/builds/34758395-bb7c-4d64-b825-9bb667e2fc8a/crawls/20210430131251/labels/suggested_labels.json
2021-04-30 15:01:10,709 INFO     test_ai_mod.carbon_tasks.generate_auto_labels_task -- writing merged, suggested labels to file: /Users/bot/test_ai/apps/7335e72d-27ee-428c-b81e-dde278a19ae3/builds/34758395-bb7c-4d64-b825-9bb667e2fc8a/crawls/20210430133028/labels/suggested_labels.json
2021-04-30 15:01:10,761 INFO     test_ai_mod.carbon_tasks.generate_auto_labels_task -- writing merged, suggested labels to file: /Users/bot/test_ai/apps/7335e72d-27ee-428c-b81e-dde278a19ae3/builds/34758395-bb7c-4d64-b825-9bb667e2fc8a/crawls/20210430131708/labels/suggested_labels.json
2021-04-30 15:01:10,806 INFO     test_ai_mod.carbon_tasks.generate_auto_labels_task -- writing merged, suggested labels to file: /Users/bot/test_ai/apps/7335e72d-27ee-428c-b81e-dde278a19ae3/builds/34758395-bb7c-4d64-b825-9bb667e2fc8a/crawls/20210429135642/labels/suggested_labels.json
2021-04-30 15:01:10,836 INFO     test_ai_mod.carbon_tasks.generate_auto_labels_task -- writing merged, suggested labels to file: /Users/bot/test_ai/apps/7335e72d-27ee-428c-b81e-dde278a19ae3/builds/34758395-bb7c-4d64-b825-9bb667e2fc8a/crawls/20210429133652/labels/suggested_labels.json
2021-04-30 15:01:10,837 INFO     test_ai_mod.carbon_tasks.generate_auto_labels_task -- writing merged, suggested labels to file: /Users/bot/test_ai/apps/7335e72d-27ee-428c-b81e-dde278a19ae3/builds/34758395-bb7c-4d64-b825-9bb667e2fc8a/crawls/20210429135309/labels/suggested_labels.json
2021-04-30 15:01:10,890 INFO     test_ai_mod.carbon_tasks.generate_auto_labels_task -- writing applied hashes to labels to file: /Users/bot/test_ai/apps/7335e72d-27ee-428c-b81e-dde278a19ae3/lkg/hashes_to_labels.json
2021-04-30 15:01:10,895 INFO     test_ai_mod.carbon_tasks.generate_auto_labels_task -- writing applied human readable to labels to file: /Users/bot/test_ai/apps/7335e72d-27ee-428c-b81e-dde278a19ae3/lkg/human_readable_to_labels.json
2021-04-30 15:01:10,897 INFO     test_ai_mod.carbon_tasks.generate_auto_labels_task -- writing label to hash dicts to file: /Users/bot/test_ai/apps/7335e72d-27ee-428c-b81e-dde278a19ae3/lkg/label_to_hash_dicts.json
2021-04-30 15:01:10,984 INFO     test_ai_mod.carbon_tasks.generate_auto_labels_task -- writing human readable to paths to file: /Users/bot/test_ai/apps/7335e72d-27ee-428c-b81e-dde278a19ae3/lkg/human_readable_to_paths.json
2021-04-30 15:01:11,010 INFO     test_ai_mod.carbon_classifiers.label_classifier_pipe -- Begin loading configured modules
2021-04-30 15:01:11,036 INFO     test_ai_mod.carbon_classifiers.carbon_classifier_v1.screen_classifier -- Loading ScreenClassifier
2021-04-30 15:01:11,037 INFO     test_ai_mod.carbon_classifiers.template_matching.app_specific_template_matcher -- Loading AppSpecificTemplateMatcher
2021-04-30 15:01:11,037 INFO     test_ai_mod.carbon_classifiers.perceptual.nn_classifier -- Loading NNClassifier
2021-04-30 15:01:11,038 INFO     test_ai_mod.carbon_classifiers.template_matching.template_matching_classifier -- Loading TemplateMatchingClassifier
2021-04-30 15:01:11,038 WARNING  test_ai_mod.carbon_classifiers.template_matching.template_matching_classifier -- No template director exists at /Users/bot/test_ai/templates
2021-04-30 15:01:11,038 INFO     test_ai_mod.carbon_classifiers.http_classifier.http_classifier -- Loaded Http Classifier for ""
2021-04-30 15:01:11,039 INFO     test_ai_mod.carbon_tasks.generate_auto_labels_task -- classifying 1 unique screens
2021-04-30 15:01:11,181 INFO     test_ai_mod.carbon_utils.carbon_data -- loading models from LKG dir
2021-04-30 15:01:11,181 INFO     test_ai_mod.carbon_utils.carbon_data -- no models dir found, returning empty "screens" models list
2021-04-30 15:01:11,182 INFO     test_ai_mod.carbon_utils.carbon_data -- loading models from LKG dir
2021-04-30 15:01:11,183 INFO     test_ai_mod.carbon_utils.carbon_data -- no models dir found, returning empty "elems" models list
2021-04-30 15:01:11,188 INFO     test_ai_mod.carbon_classifiers.label_classifier_pipe -- Begin labeling elements
2021-04-30 15:01:11,227 INFO     test_ai_mod.carbon_classifiers.template_matching.app_specific_template_matcher -- Classifying screen with AppSpecificTemplateMatcher
2021-04-30 15:01:11,227 INFO     test_ai_mod.carbon_classifiers.perceptual.nn_classifier -- Classifying screen with NNClassifier
2021-04-30 15:01:11,396 INFO     test_ai_mod.carbon_classifiers.label_classifier_pipe -- End labeling elements: Time taken 0.206707000732 seconds
2021-04-30 15:01:11,397 INFO     test_ai_mod.carbon_tasks.generate_auto_labels_task -- classifying 36 unique elems
2021-04-30 15:01:11,403 INFO     test_ai_mod.carbon_utils.carbon_data -- loading models from LKG dir
2021-04-30 15:01:11,403 INFO     test_ai_mod.carbon_utils.carbon_data -- no models dir found, returning empty "screens" models list
2021-04-30 15:01:11,404 INFO     test_ai_mod.carbon_utils.carbon_data -- loading models from LKG dir
2021-04-30 15:01:11,404 INFO     test_ai_mod.carbon_utils.carbon_data -- no models dir found, returning empty "elems" models list
2021-04-30 15:01:11,404 INFO     test_ai_mod.carbon_classifiers.label_classifier_pipe -- Begin labeling elements
2021-04-30 15:01:11,436 INFO     test_ai_mod.carbon_classifiers.template_matching.app_specific_template_matcher -- Classifying screen with AppSpecificTemplateMatcher
2021-04-30 15:01:11,437 INFO     test_ai_mod.carbon_classifiers.perceptual.nn_classifier -- Classifying screen with NNClassifier
2021-04-30 15:01:12,441 INFO     test_ai_mod.carbon_classifiers.perceptual.nn_classifier -- elem classified: inp_search, score: 1.0
2021-04-30 15:01:12,446 INFO     test_ai_mod.carbon_classifiers.perceptual.nn_classifier -- elem classified: btn_sign_in, score: 1.0
2021-04-30 15:01:12,493 INFO     test_ai_mod.carbon_classifiers.label_classifier_pipe -- End labeling elements: Time taken 1.08803200722 seconds
2021-04-30 15:01:12,497 INFO     test_ai_mod.carbon_tasks.generate_auto_labels_task -- writing merged, suggested labels to file: /Users/bot/test_ai/apps/7335e72d-27ee-428c-b81e-dde278a19ae3/builds/3c2f9c71-4f5f-492f-abc8-88d7d4afa70d/crawls/20210430145833/labels/suggested_labels.json
2021-04-30 15:01:12,499 INFO     test_ai_mod.carbon_controllers.crawls -- Removing threaded log file handler for crawl.
